Case #1: 6 4
Case #2: 1 7
Case #3: 2 4
Case #4: 4 2
Case #5: 8 6
Case #6: 9 7
Case #7: 3 1
Case #8: 3 1
Case #9: 6 4
Case #10: 3 1
Case #11: 3 1
Case #12: 6 4
Case #13: 1 5
Case #14: 2 6
Case #15: 2 6
Case #16: 1 7
Case #17: 5 3
Case #18: 5 3
Case #19: 5 3
Case #20: 4 2
Case #21: 7 5
Case #22: 3 1
Case #23: 3 1
Case #24: 4 2
Case #25: 2 6
Case #26: 8 6
Case #27: 4 2
Case #28: 1 5
Case #29: 1 3
Case #30: 2 4
Case #31: 3 1
Case #32: 6 4
Case #33: 3 1
Case #34: 4 2
Case #35: 6 4
Case #36: 2 10
Case #37: 2 4
Case #38: 4 2
Case #39: 7 5
Case #40: 4 2
Case #41: 2 8
Case #42: 4 2
Case #43: 4 2
Case #44: 3 1
Case #45: 3 1
Case #46: 10 8
Case #47: 4 2
Case #48: 4 2
Case #49: 4 2
Case #50: 4 2
Case #51: 1 7
Case #52: 3 1
Case #53: 2 8
Case #54: 4 2
Case #55: 6 4
Case #56: 1 9
Case #57: 2 10
Case #58: 1 3
Case #59: 6 4
Case #60: 1 5
Case #61: 6 4
Case #62: 4 2
Case #63: 4 2
Case #64: 5 3
Case #65: 5 3
Case #66: 4 2
Case #67: 3 1
Case #68: 3 1
Case #69: 2 4
Case #70: 5 3
Case #71: 2 8
Case #72: 7 5
Case #73: 2 6
Case #74: 5 3
Case #75: 2 4
Case #76: 1 3
Case #77: 2 4
Case #78: 1 3
Case #79: 4 2
Case #80: 3 1
Case #81: 8 6
Case #82: 1 3
Case #83: 3 1
Case #84: 1 3
Case #85: 4 2
Case #86: 5 3
Case #87: 8 6
Case #88: 6 4
Case #89: 8 6
Case #90: 7 5
Case #91: 5 3
Case #92: 2 4
Case #93: 6 4
Case #94: 2 6
Case #95: 4 2
Case #96: 1 3
Case #97: 7 5
Case #98: 8 6
Case #99: 6 4
Case #100: 4 2
