1338
3953 0

8149 19
16863 79950 87508 71560 59349 39297 11281 46288 42728 88199 -1083814056 -1083814197 88605 20282 28256 31253 92566 98443 9998
53 18
19871 45897 2478 60488 1061 70968 67042 56156 61098 42293 27198 0 67037 84312 25896 13920 66803 72890
4871 0

7327 0

2297 16
32352 98491 19238 67018 61759 74118 54343 20451 72402 48161 5511 6718 42504 70960 26037 34902
4705 0

9772 0

9566 12
52477 57624 65721 48216 76358 44518 60741 85657 3302 41865 -1083939969 -1083940081
8617 0

1949 0

8696 18
35619 45104 44776 86267 17085 89554 3876 87902 38304 24855 77630 82092 78115 2284 82577 94634 66416 42488
8917 0

650 0

2380 0

1634 0

1760 17
5901 39132 49620 14830 22422 40929 58487 82880 46805 28953 -1083953480 -1083953897 65540 79460 -1083953756 2 77436
6550 0

18 0

3938 0

198 0

7305 11
23444 89141 17735 27769 569 31000 71052 41276 95997 16103 80227
6241 0

9255 0

5134 19
91032 93992 97031 41345 78271 77120 73307 68890 41570 6727 98153 79664 97582 10421 62796 75852 27385 46599 54395
122 13
89613 22078 98090 37843 47800 78834 12344 70053 13385 55902 26235 52847 80486
111 11
70445 1692 38153 55457 20320 15253 61427 1559 40466 79430 45472
7989 11
22925 80808 6800 31099 46874 12877 34694 46347 25304 39418 86559
1864 15
30623 34568 78112 35086 46864 18625 94551 54703 96511 52248 22717 43957 33943 70093 21328
2359 17
9508 55889 60259 14067 78319 30503 98686 63497 83803 19053 20678 28632 12451 52615 85810 911 2335
9927 0

8490 0

9092 10
27133 70866 56179 39395 52279 14736 59636 33002 43902 83350
4193 13
82470 16068 8596 51587 29869 58278 52011 97482 99564 34675 49397 24403 40861
2610 15
1382 65479 61304 49113 77032 39325 48043 89240 66708 4174 7820 74761 25060 53356 52297
4460 0

6754 20
48874 16462 73946 69574 57188 6136 64971 54195 47046 9716 60674 38055 98267 7558 4956 95424 31008 52877 96496 29499
2732 0

1023 0

2006 10
94498 96323 16873 36998 3964 20664 88446 79411 27157 42790
8279 0

9829 14
56041 83501 86822 88487 64120 77453 20136 75869 3990 47730 21391 97558 32779 67231
2346 0

1549 14
52239 47431 78457 39536 92602 36648 5245 52007 61854 98461 25013 77397 -1083955259 -1083955446
2863 9
58684 99870 11046 70638 855 51663 30562 19056 72313
8384 19
29310 76168 27699 71023 90223 79781 84313 24067 67329 15212 84933 67804 45614 54344 4986 37923 69826 34713 81966
5523 0

8758 13
13373 66675 45583 57507 17985 18403 74958 51760 95727 5445 88026 60299 49244
1004 0

1800 0

1161 0

3428 0

1559 18
48838 83093 90715 51878 52328 13735 44809 57844 91615 49428 21448 94008 32310 657 -1083955323 -1083955555 3 43350
8738 11
34438 20614 68221 1081 46844 42857 89237 2052 92795 33701 88550
5724 0

6897 19
56907 95402 83304 28038 71074 14860 10856 3932 87937 54263 6564 43423 14925 48793 75602 16476 73295 54084 37550
8530 15
11503 81373 87719 5892 26138 53582 59089 88957 32631 2304 20859 16064 42760 19448 98024
9128 0

8691 15
48126 46058 1012 33992 55052 80049 35565 87419 18437 15480 78477 20152 50247 78715 55714
2882 11
16292 6626 34082 78934 24478 48828 34255 54090 7897 83698 130
4059 0

7281 0

479 12
65438 31568 15780 13011 90023 95650 77731 9176 95716 4191 98692 15992
806 0

115 12
76397 58775 15264 96238 44635 99249 50746 55235 5443 60419 -1083963808 -1083963905
9447 0

6129 0

1045 0

627 13
74570 6016 49106 41993 94802 39432 20137 76493 13907 46427 61874 92874 60226
587 0

4758 0

7819 0

3546 19
83879 46983 76616 55898 55536 92353 84271 46114 29226 46370 69818 72449 97839 95380 81839 37 87611 4609 86831
5804 11
94485 99751 90819 51893 91571 4467 68128 41712 8105 22763 48473
2143 13
15678 17145 18889 34395 67372 79592 87144 21511 28330 86761 98833 21501 3509
7791 12
23942 27113 54133 35109 83007 41427 75810 87331 49959 81321 87958 48237
4330 16
96715 71274 72368 96206 60050 2290 80442 97836 87042 6287 52496 38242 17231 26209 56083 42937
7368 16
56298 83691 14375 91433 40763 15296 10925 11093 18208 67270 73677 275 45141 39935 31958 9408
8791 0

8728 13
71936 35203 33260 69082 65433 50050 87702 32405 56671 10134 74374 73194 74978
1351 16
89302 21165 47154 31055 36187 28930 19843 91501 59813 2942 36129 1031 242 95242 13489 5496
1296 12
80466 19174 88340 88752 28937 9005 26826 95303 84642 45191 95991 47884
6644 18
89990 62465 5281 47332 52990 87633 79918 60249 35676 34217 91504 2164 10816 32722 59710 43182 39066 67532
7491 0

177 0

9918 16
63551 71772 47523 14457 27484 83949 61821 79933 49584 31825 75357 43377 71994 34943 83456 4663
6202 20
35878 47571 3489 73534 70036 69527 37978 87037 92835 18657 81666 32439 26051 88430 -1083942822 -1083943078 80641 19401 64281 27447
6063 17
54575 67622 67848 78200 9552 95598 41516 96428 79788 1266 85987 48962 51504 36058 66962 28199 5828
3612 18
12164 75570 74097 94125 16598 22854 26970 15834 60652 25134 -160181024 26881 57227 71835 69041 69328 44102 40780
5348 19
2519 22038 30289 37958 21795 43951 27669 16521 30371 60666 44592 63951 6144 42335 75228 92159 70428 9820 44219
7021 18
8126 69638 66024 19902 71524 34954 71094 39880 15673 84776 65056 14586 93967 58903 78444 86633 98281 18783
5020 12
72364 56306 61717 28296 24078 84053 23908 97385 71679 34753 70976 11335
399 10
5704 5660 36203 59660 55849 58319 86560 72616 44405 92949
8887 0

5771 10
86501 33122 1209 28069 24242 99914 72219 64988 59863 66534
3216 15
81216 74598 74588 70762 20333 21563 14944 79179 9436 72361 66583 88011 3759 56895 80684
7360 0

2415 16
17257 74055 95638 94287 27490 83554 4557 80257 17962 42484 53402 36089 45738 86608 46548 483
1653 19
37098 38343 94606 23427 57035 29400 96842 94978 91818 93600 28095 28629 53375 28621 32573 13447 98634 85842 90686
1448 19
89811 53233 91418 45379 95566 14370 97191 46160 88725 92889 88507 45990 61385 52876 -1083956223 -1083956274 71251 13596 3421
349 0

2754 0

5339 16
74857 8649 63380 97317 93773 61805 72427 57668 56296 82022 11166 58639 40789 57166 68007 42866
6871 10
40071 599 47629 87851 67662 31515 12282 59306 42836 75548
92 0

794 15
74291 19230 26937 19564 94453 81411 19740 14396 9991 64596 -1083960296 -1083960888 66112 59264 -1083960788
1109 0

3124 14
99244 31431 99456 1683 57835 79809 42065 11593 4303 89360 88888 45851 24803 7441
5707 0

5002 16
23352 31469 26815 79017 56284 4951 79583 10707 62072 18834 62394 74901 -161097728 -161102832 -161188704 88577
8181 0

5107 0

555 0

917 14
97211 85545 29121 38274 99771 3449 59516 44084 33126 60729 -1083959268 -1083959410 -1083960278 54591
8981 18
73258 36381 15079 52999 53912 11981 89217 68881 92873 -160303056 -161339872 -162335792 74241 33572 17492 14411 50379 60925
81 0

4074 0

5064 0

1427 11
16915 98986 40047 8827 56741 82504 7576 36020 86916 75006 87619
6313 10
93797 31659 43265 78987 82829 28797 67578 11942 40845 71033
3679 13
43919 30290 53944 77953 73279 33897 32628 49586 15648 91484 54193 20209 39446
752 13
30917 12133 28446 16350 55619 93744 18064 61302 70551 31700 72792 39254 94303
1283 10
78912 89194 18163 45905 65797 29280 99157 21454 30634 38825
7984 17
44930 27980 6981 57104 7690 38861 57279 91557 40900 55615 78896 88120 97991 96995 83098 98660 59248
6229 20
76302 75827 28422 81657 24198 14751 61540 8106 10817 17584 -1083762236 -1083762305 62204 57262 41213 72122 97599 1477 6172 34396
8795 19
47816 36151 89427 30617 31898 51607 7588 75616 72714 7515 35653 81608 33606 24629 34827 20115 11887 19282 24347
7193 0

3944 0

6772 20
95671 19919 86445 24112 75938 62509 23500 45113 88834 90050 95512 46842 68161 61014 -1083761847 -1083762173 65539 29257 -1083761991 -1083762089
8005 0

6997 11
89931 98688 78792 5905 19589 40161 29304 15745 17992 87668 28159
416 17
27052 96196 71411 80870 58698 61397 57140 78548 10280 82929 19674 84065 97542 348 1508 34561 85782
3730 0

8109 16
66840 10811 75268 5407 34450 42969 31540 23360 42782 59017 36052 52339 66413 82440 72649 16507
8260 17
8391 43255 81941 63560 47005 35133 92119 2337 83122 75316 3518 59725 87805 20532 -160311744 -161385056 -160210448
5023 11
71227 57179 42712 75447 32205 66078 8667 54788 85676 13803 72850
1659 18
6279 53843 75181 66551 60276 19804 50300 56181 17025 42808 55938 76475 35568 43695 -1083954529 -1083954589 65538 25718
3548 10
40089 7620 43615 85798 98495 18494 15037 49240 69461 72581
2942 0

4439 15
6785 40174 54368 72389 91600 10386 75771 75100 20796 39744 13903 11204 24579 65954 42593
9855 15
60258 74200 83257 45533 55738 34698 84226 89198 14014 94033 64392 21342 79077 31629 2999
9486 10
77993 25214 29781 88324 29916 88042 96171 144 85828 42294
1195 10
9331 14934 67451 34 58034 12925 16525 81708 60713 65784
906 12
60103 51287 44052 11604 24241 36627 87150 2770 75208 73612 46263 -1083959291
9367 0

1789 0

6441 0

3091 17
24479 90370 33403 33875 78266 8607 29249 64373 30466 11278 50612 37800 86977 57247 62188 10417 96483
3794 0

2786 16
37310 15562 29626 88803 99560 10714 7537 53376 38790 72419 55427 25368 27246 34993 -1083830207 -1083830290
2312 0

7175 19
66907 75263 28784 39305 23413 28230 17709 96386 68888 4082 14897 55577 52771 38144 26211 65034 12702 64301 52095
7358 14
8226 41726 81897 46729 65508 65619 36550 63957 45114 59605 34271 81543 47834 46203
6953 10
4460 44169 71259 13413 40597 2391 45821 6931 54548 67642
9100 13
40503 79050 41747 67500 72373 1905 11852 53450 58793 26345 14179 24333 48829
4138 15
7028 92204 45568 17444 74424 68663 55497 97831 57207 16048 41421 45495 34073 96595 37046
661 11
48941 87312 32402 83190 46618 77606 50977 25973 15297 26557 49350
2144 0

1342 0

462 17
11995 88288 65678 36094 36722 92412 96865 12322 82077 31505 72407 29109 84319 76817 73681 45164 25038
8050 16
68239 93694 18693 42059 37194 39647 50751 70363 63540 12728 813 24179 36105 88971 63265 3975
6783 0

5810 19
78145 7993 28584 21603 78493 86804 63360 61998 92677 51085 74309 74884 81225 69514 -162449200 -161338512 12545 91271 70095
2469 0

2939 0

4112 18
572 27645 65305 35584 7423 49884 67144 30218 88453 95395 72854 20577 8516 8967 68058 46917 13957 71884
2652 0

3631 0

8285 0

8283 16
21288 75797 34666 69572 52552 81890 94482 96375 29584 93762 84177 91275 77395 778 93624 75951
1642 0

1349 18
28366 22375 94002 45850 11511 19353 74174 82237 75381 17539 56202 42110 32056 50069 8164 86640 63894 44508
6386 10
11094 19711 2109 49757 67054 59511 71764 17594 22813 9874
8226 0

9053 0

4589 13
15019 60847 25544 63137 69690 7474 16290 96657 57543 85547 13094 68905 21652
7709 0

4592 0

1229 0

141 12
61373 52135 42032 33554 84401 11061 1616 27534 21027 14383 79354 85745
7511 0

3245 0

5569 13
64850 34230 84254 59384 3796 62797 42224 9565 17805 83966 1429 54440 49204
1737 17
11483 75184 75599 7055 24216 38352 41108 1912 35667 75169 18610 63090 10209 39513 96574 74518 28258
3148 0

7555 18
80645 59433 9913 34991 98853 49271 33388 28735 93960 62262 31057 44459 48201 12878 28347 20587 64864 94494
5263 16
73291 34601 15260 64389 38744 35600 83457 36344 21385 805 41725 37405 63602 32725 78398 27573
2977 12
55942 3911 26975 15505 5806 59016 22277 93384 51874 12353 17198 1255
9948 13
4624 24599 90758 23869 74943 15301 10231 7578 78907 83858 60007 44866 55894
6979 19
89839 41474 32591 40294 57859 71799 71246 93347 41412 21211 30325 25493 15498 8991 43631 3425 18600 22906 76206
3202 0

2994 0

6636 18
42641 997 71874 5454 54092 97223 34089 1816 60066 95361 75695 47875 47982 88953 32592 53977 66266 94105
6338 16
99700 12190 60792 87196 95615 90076 14542 24605 84191 50679 68607 73241 28228 45550 97460 85867
2919 16
66105 2194 92778 54171 36953 45296 26334 37464 81202 22402 832 36354 22673 86866 41339 35907
7630 0

7494 10
623 10857 41288 10663 79302 90878 36353 70468 51017 76735
9460 18
2404 22338 72555 66906 87693 87181 10043 94677 3868 19632 27752 60724 43007 42600 -1083940780 -1083940831 702 80203
4924 13
92541 59614 93078 48782 56151 13354 87012 66749 44645 21951 44115 66609 99110
1348 18
19371 53262 13098 39422 90465 58518 6111 27379 41574 65834 10838 56091 90943 73329 9142 55706 81953 -1083957204
2097 17
71974 13950 4479 36914 56512 59220 99396 58614 95184 70408 55915 30639 19472 72902 35119 84576 39127
2737 14
1780 35484 13839 78710 64827 77444 89450 43703 40330 46156 3905 80130 33748 31512
1967 0

2457 0

6760 17
58782 39307 18940 55649 84077 77028 92406 62767 98616 10514 85057 950 1126 76560 44692 65570 55458
350 17
16689 4757 28363 2565 10810 43238 77936 8204 39345 55647 34408 -161102640 -160151408 -160338368 87040 -1083831613 -1083832022
6342 0

9061 13
97758 6623 14719 47228 34454 40717 6237 97493 42091 36314 -1083887097 -1083886978 38881
3993 19
47019 56292 58199 92861 21837 89549 63237 57768 4313 22861 80554 60365 50285 90129 43520 32726 61624 90886 43095
973 0

2904 0

9610 0

4645 0

8505 15
51950 91543 75626 82264 70781 63958 99498 40259 80284 10869 86182 35399 62215 4848 44883
5219 0

7956 14
23650 83790 34990 86621 25103 2365 19498 11082 59305 43098 99270 76310 39793 8361
5912 13
58401 15943 77245 7871 88435 63121 99381 14229 56772 17694 36075 35156 13665
2426 0

526 19
87714 67485 29292 2504 33586 16110 98157 9200 69570 54307 62761 16735 33981 1491 23667 95932 9265 82218 47264
1777 0

7075 0

6054 12
4824 58795 69265 4114 19734 63110 15284 52082 61539 85567 90447 48449
4637 16
63609 28299 26142 46712 95262 16353 59528 50684 78679 72198 48895 36055 96659 67409 54237 89342
220 0

9316 10
5807 70147 99852 47309 82906 37623 47249 75727 83085 33100
9218 10
71906 23172 41448 8590 70639 27311 24201 68963 35538 89612
2394 19
47576 34607 94214 40639 96142 36757 83514 1998 63799 25967 43263 95029 73569 6758 20575 12871 36193 9796 29201
5853 18
45690 74745 69503 15189 86337 95766 35992 74376 46472 40237 98161 7334 52055 26098 78738 71022 51319 28053
9027 0

3907 14
14146 45631 92245 99279 42943 34950 58981 27219 33825 39237 50759 -1083948927 -1083949114 52258
6213 0

7445 12
54006 15917 34472 19351 80365 80625 85554 84320 15716 33977 58852 35175
8518 11
85977 38231 56852 92374 97852 41806 36836 11461 22438 97315 1534
7285 14
40018 63576 89313 11089 26738 73564 5389 69891 83724 81492 65547 24772 23338 67274
9097 0

7010 14
3374 50049 76342 73618 32844 36326 84419 76992 6527 88013 33506 7866 9494 85135
3981 0

2504 13
449 22770 34013 53082 33155 70525 86931 83227 56410 7223 95592 370 67989
5510 10
66083 80974 15448 35068 45455 23029 61620 49426 63147 67104
561 15
96955 95256 53763 74585 62468 97761 8806 97800 8987 99897 85188 81332 72772 51002 51720
5851 20
8445 79965 3982 23556 21720 87530 56563 30381 12513 17291 95728 45502 85653 3163 21555 35601 99002 21719 50129 16980
9833 0

8314 14
56962 8642 63791 26183 3608 2974 49592 15104 41770 68776 41045 13404 -160323248 75776
156 19
13469 15885 65197 1251 54977 73296 20438 46885 42859 47307 36043 67699 -162518784 -160177984 -161375136 13717 70882 4532 92056
2868 0

1356 18
83283 52190 15920 73445 49706 77787 89796 40507 56979 61543 74453 1718 98328 70779 66975 63860 57786 7850
6253 14
51545 43682 10342 66108 98355 77863 34810 71436 51490 43797 83025 25956 9713 56995
322 17
37233 86071 22915 26229 52127 65870 72500 6746 11553 24630 98762 96607 47789 51553 10022 56106 12838
3967 0

4709 0

2510 15
20151 88952 51299 410 90510 94567 68356 58544 39652 58393 19813 70989 41083 64573 35252
2848 20
31963 69102 58578 43702 98293 94845 33192 77165 28308 28054 65442 74347 83820 50366 -160148800 -161096192 -161319296 18944 -1083829831 -1083829376
7308 14
10896 21713 75913 48460 67249 11678 56598 78871 24598 38808 97823 29482 31752 40867
8056 20
31110 63827 35890 3561 75487 45770 24457 19817 87430 34361 17128 96476 28167 -1083815092 -163208752 -160371424 -161105024 -1083815936 52583 33652
1201 0

4194 16
16943 13128 73906 53815 56177 77193 66263 54420 21300 23520 7184 19288 54916 25681 32649 21910
8449 0

6493 12
18975 82563 75107 88148 56683 17080 80393 92547 95151 24233 1184 21730
7786 0

4614 13
4248 59414 38614 92694 6797 80231 11040 96201 44479 89416 90052 32798 76366
8178 14
9401 81080 40436 45833 4923 53621 40020 50605 50677 96730 99009 38424 80836 12844
7179 0

6006 0

4704 0

7038 17
61179 99644 64379 87874 80352 22970 34793 74706 3068 11272 45102 70019 43484 16268 19777 91512 67834
751 0

7025 9
10805 52644 5509 19809 18708 19506 81812 98482 33186
667 0

4892 0

7407 14
71967 84012 19051 99915 65910 88573 17054 56070 58136 75113 18397 5091 72956 90246
4847 0

4277 0

2738 10
60345 90672 99070 51020 79375 85669 11467 29926 80013 87867
7201 0

4979 0

9423 0

1617 0

2901 14
21422 6452 19814 20707 25691 55482 32616 94766 67673 12040 88634 58807 13741 34002
2110 0

4496 16
65932 51627 92646 61278 53580 54582 15628 93963 95947 86869 2210 94856 -1083893283 -1083893651 67064 82348
8409 0

8792 0

4563 0

6115 16
63877 83165 74708 46716 63246 1292 68866 8724 77082 28690 31377 25374 87223 30659 20120 15175
7261 0

9489 0

2044 18
29958 39554 69029 71861 27066 89068 25945 63471 64546 92294 79761 7230 69976 59429 90947 34336 2766 73699
9540 0

6915 20
65488 39955 36036 74797 94434 5398 42644 29988 85197 71522 85422 36458 -160152928 -160114912 -160152224 45569 -1083768670 -1083768600 17417 26526
8124 0

3342 0

2200 0

1984 9
41551 29613 12902 33464 33105 92038 32744 60456 80178
2541 15
96147 57554 79040 25662 73929 12444 32094 41831 12038 54239 98796 43459 29965 19302 59039
7104 0

5097 0

1668 18
80410 44718 9362 36335 24030 55783 58743 88494 67446 45921 46296 40392 71723 97548 21420 77215 17657 54122
5311 0

3246 0

8648 13
33752 80463 5890 5663 61228 31855 85459 81295 22446 92903 41666 55376 40446
7731 0

3720 10
39381 46806 19264 60814 32015 63846 94835 35343 11291 84943
1868 0

4717 12
56201 65413 2654 29078 36568 51880 3319 86264 67252 68665 43891 61195
4386 11
55589 76411 81146 63486 27770 25605 55159 51559 8144 74910 53983
414 0

9960 0

693 14
30884 79029 18233 77061 24973 66704 34392 66038 32671 38587 84908 98204 39490 52967
6960 0

1476 14
47921 36162 67602 57158 72019 80283 96318 81097 86219 75901 67690 71712 97603 1961
7841 0

2017 16
20243 5622 94563 97604 74179 75426 76967 3036 29367 17264 23740 62087 67785 57327 59125 8443
4284 18
20698 72299 37144 79590 23103 39219 74488 33387 94524 79501 99442 4492 84059 55489 91306 76024 95026 40266
3854 0

7937 0

6916 17
11809 72127 99970 50484 73880 52775 69602 41285 30454 70456 28824 1234 91098 35820 56802 19046 82611
4154 13
2105 3619 50924 26091 32941 51548 816 66068 1117 59035 63752 35994 89968
2075 10
24782 49072 84055 68423 92693 1448 18433 18122 39879 70852
5388 14
2510 31625 29262 22454 56049 48235 16596 47577 68884 6239 -160389136 -163218480 -161096960 -1083892479
5184 0

3483 10
90279 42098 11010 87119 51336 82304 72828 94901 909 87024
5360 0

4506 14
46480 38358 68459 32001 63107 98349 69560 48250 39993 93152 7121 5368 88297 9268
4893 0

5857 15
6504 40680 22716 72811 85184 94779 99699 7444 67607 86694 44471 65193 25390 58643 76320
7344 0

1970 16
30317 80411 49785 13325 60718 92429 35806 71777 60864 22341 17137 43396 2359 67164 98026 2356
7914 0

4319 0

69 13
61389 68154 51531 84681 86023 24952 65739 92147 5808 11810 61912 52387 35067
3586 11
7837 5869 43105 15365 86665 74127 66498 98925 77624 82571 36870
3025 0

3991 16
13418 76039 74394 60091 84748 965 19820 53412 20429 90156 47613 18276 14943 89303 14661 49440
1996 19
30382 63868 73587 26562 15683 69113 24317 33775 67027 34632 40074 83088 81133 48008 3598 11875 66021 17562 26588
5805 13
750 60441 10948 44922 26733 42579 89107 11382 38167 17515 42416 17082 70432
5532 12
77124 9624 58431 75618 36759 45150 76154 64219 20449 84803 81458 4594
7963 0

5789 14
54566 87405 50132 13429 62416 347 78124 30447 69491 15119 16737 31614 89758 61402
7839 19
53652 80364 56161 24635 33866 99122 60653 74508 26812 94038 16484 25222 33645 66130 4628 13704 25682 99997 67734
5390 18
1629 26973 91957 41659 46059 96555 76674 98409 37734 9937 80485 5053 65140 61675 83944 32506 75021 41223
2976 0

3876 0

6387 0

5687 0

4618 9
5242 12430 78103 62124 44069 49356 18713 73190 39285
8628 0

2138 0

9108 14
67184 69876 97664 3767 2947 44442 42463 87785 10878 5784 14044 85237 45545 21047
9315 0

2339 20
95783 84827 69216 65811 86162 55998 93801 48621 82212 88562 13989 73062 5851 98479 16402 31604 63521 676 7961 83900
7078 0

9096 15
22767 38478 95825 41134 37455 83646 37806 56082 30748 85824 91376 35543 -160133376 -161086848 -161101600
1873 0

3277 0

6751 0

5555 10
43114 41617 26780 15588 5128 48511 40617 72557 77368 44824
9985 18
5474 86708 18118 352 81477 35989 4521 95315 81469 46976 43277 39791 57997 13262 94829 27065 44342 31641
6976 0

6698 0

6603 0

5345 0

7582 0

9160 0

4803 0

1432 0

7293 15
12574 14667 70986 49312 39981 51647 3704 36429 49885 78972 14763 57054 73884 13465 44087
820 0

3999 0

7096 18
14081 74848 51471 3912 7263 56709 98137 59961 70558 21657 37822 74167 11788 91222 37331 28381 8696 56184
9616 19
86840 17570 99815 1364 75156 7556 16417 41559 78190 26504 84962 -1083753158 -1083753349 32911 3456 42526 38007 18745 65614
9203 17
81842 24592 27088 71731 83264 8470 38458 6905 8113 67814 91060 87616 66353 27162 50226 43220 25538
8624 0

3550 16
36462 62814 67059 38174 48062 60417 59389 30761 44797 74796 25997 9428 61815 77749 47959 5265
1515 0

4556 12
32157 40510 57800 36222 87866 37414 43049 15115 45034 972 64985 74165
2890 0

29 18
93750 80532 77682 66311 68449 12708 33042 69361 80009 55674 33336 68691 77350 99675 97733 50056 23600 69534
1029 0

4278 0

3726 16
25619 84645 4363 64035 32226 36631 28561 19778 28990 85115 64529 98339 10529 88711 31690 97311
5635 16
71504 86870 58156 54205 61221 25642 60210 72732 32143 57236 21248 13394 85062 37473 76916 50090
6025 0

7658 0

7645 0

5357 12
30926 28226 86311 61566 49688 23666 61616 69433 2897 29070 41159 14299
2440 19
36019 32503 17250 95621 29022 52280 48961 273 51054 38466 44569 95859 95362 20933 57802 43543 61104 50619 74263
829 0

1973 0

7575 0

9095 16
75822 3621 72812 18313 37934 86290 12473 93109 49484 14246 17192 86613 92928 20395 -161098160 -1083886847
8989 0

9564 16
39193 32607 38194 65091 4400 3879 47827 70424 56167 77329 94564 87438 92259 89514 36491 69604
2250 12
38008 10297 87671 68845 14779 46943 19243 52198 54812 3417 3737 95542
9761 10
91084 54689 97918 97684 74259 28058 91986 61586 3750 55044
490 11
88188 10519 60348 30696 39605 5411 97000 44257 737 53040 24207
8098 19
20487 52912 86941 35499 83543 6241 32178 78523 48510 45918 7982 98316 40855 4611 31039 40211 41855 17776 49988
4084 0

7143 11
45165 61091 34953 71568 81037 20580 33208 90787 82181 55892 4712
1978 0

8677 12
59762 61954 69066 98603 36527 63444 84362 95939 27075 87787 86212 5765
5933 0

5558 0

787 10
93804 28454 28770 56648 68117 26830 58404 22951 18196 14260
3707 0

4535 10
77091 28322 69520 66425 25667 36600 7516 58582 4879 96236
2881 11
13893 25536 80716 96993 5967 17468 76033 43130 90360 92110 20498
1024 14
32114 24268 22368 4972 52032 38759 61721 82442 58408 68426 20277 55295 77929 56190
2819 0

7363 0

7611 12
53390 47914 18521 77532 38709 31248 30601 72767 71784 11570 56217 77427
2548 0

4251 12
46481 95377 16994 15036 80598 7613 49793 41937 60970 93029 -1083946081 -1083946125
2252 13
94128 20491 17897 48674 68416 43402 5275 98399 61904 98116 45813 45591 37181
1307 20
46815 23465 40496 72959 33850 60016 52535 1529 77218 75297 48817 37105 24787 54991 76167 82495 30185 86902 42684 98811
9573 18
73438 79675 59834 45212 2480 23543 45598 69101 4039 50136 5918 81546 59675 49846 78665 16203 87698 19706
6109 19
19931 1178 71786 93430 25854 12003 61318 39924 89884 30948 62551 59591 93941 68545 86379 95702 47991 72851 18170
4101 0

1246 0

5397 15
53613 46379 25888 53554 78555 3816 98963 53189 54150 71639 27789 5699 77282 94475 15078
3868 15
88866 35657 15235 78867 15483 8246 20585 93556 71860 77797 48204 36551 14853 79373 45565
6900 8
70957 61143 95188 40778 31425 33507 30226 17678
6235 9
54675 98310 89751 51514 33564 21213 14188 78483 27975
458 14
48823 30142 15900 31129 56783 97306 52949 43977 80536 16259 11323 50016 28423 128
3742 0

9081 10
8893 82682 3001 1161 31591 86117 34619 93266 71966 55774
8893 14
17105 66601 1543 83218 53488 38000 90842 41848 40824 94973 3751 54116 52953 84840
7995 9
76518 7514 78404 25285 19974 95027 30852 72285 47295
61 0

4037 0

2276 17
16594 88880 49600 40974 53887 39529 60061 28198 83080 75298 80809 50057 59168 43859 22235 15433 30921
9103 14
40936 63709 94900 98080 49435 46179 51298 38012 12231 59467 -1083886525 -1083886750 26000 51213
7349 0

1397 18
17529 14265 45733 50055 56640 83582 1422 62582 13136 29597 11232 73566 80506 18788 92248 95221 66665 36689
7875 10
1899 27527 66772 94447 42940 9257 19248 31130 57116 27280
2137 11
70379 37854 56949 23621 64790 4572 14704 44632 36726 75376 26245
8180 0

1989 15
61260 79182 39893 85142 89037 24761 80644 60870 97175 51836 64154 53033 70849 72533 56703
6966 15
5047 31074 38473 39549 94353 15390 19073 60597 16670 60828 910 90600 71350 51441 56908
3919 16
90734 21917 40245 66590 94347 4461 89941 15819 56056 69802 94737 -1083948639 -1083949036 -1083949095 16657 89210
7120 0

4631 19
80045 80217 49982 43970 9577 98260 49649 66446 52408 56132 15196 40434 85608 80023 74390 6866 489 12505 63708
6893 0

2244 0

8831 0

9872 0

7243 0

7624 0

1711 0

7493 0

3229 0

6623 0

7438 10
92491 76815 43162 1137 35463 42865 51686 50938 85581 86426
8211 0

6517 0

3318 15
76786 43084 69979 1598 61006 58059 15194 32281 94732 45513 22250 80271 51389 76019 71747
8644 13
35464 89846 73627 76680 22724 51062 68386 89898 23452 34877 87213 26767 53074
6885 0

6957 12
41944 72670 69907 32686 23121 89883 94880 8280 35443 29776 97950 4446
1425 16
68541 41816 74273 90989 24556 55771 82434 44715 74693 71125 61665 82066 -1083956405 -1083956545 58116 6281
2943 0

8848 0

3525 18
60690 22992 53202 39839 33222 88124 26248 28338 90138 4701 9648 72796 5122 89782 54655 97816 80204 11729
6588 0

7801 12
92511 74929 34242 64579 8998 53143 52343 42360 9805 66911 64401 67131
7881 0

1679 16
51344 28976 19995 68538 25432 90049 91367 6282 57066 96725 89694 72933 20174 70386 55806 70070
9265 0

9548 14
5328 33079 12593 79741 42365 49282 76966 2920 87321 90100 50610 65341 57837 35225
7737 0

9294 14
42080 72711 16973 96726 23597 68640 97076 42870 89243 7009 57516 37909 747 37479
1345 0

2608 0

983 0

2567 0

3877 0

6485 9
76283 21521 11795 11652 97158 49367 26082 99457 32274
6779 14
96152 42236 97360 81514 80698 32041 23458 26920 17379 28854 55496 41851 47812 2282
2986 0

1154 0

3698 11
91786 32312 3504 64709 18098 68347 32386 8503 82055 29770 24081
7470 12
84931 30834 25892 47689 89688 60595 58776 24953 99819 97382 14340 49388
7007 11
98729 80330 65628 37396 97215 51572 28196 48876 60591 4710 1617
3413 11
11789 23259 7166 56065 46956 14911 82597 80404 70750 93981 48893
1883 0

2497 18
65230 17597 10644 81091 80191 90565 30941 41298 89009 2357 95546 66535 33888 86828 11387 73749 54906 69814
5890 0

180 18
56086 52970 71005 98128 862 79716 3243 20863 72660 75870 84541 97815 53633 57753 65750 31588 35394 54866
7166 10
43444 35811 20255 99387 98138 86148 74754 49505 34912 60913
7294 17
9222 87816 64804 14773 92094 74403 83381 24763 83796 14520 10973 23108 1412 79261 12787 55349 21556
6212 11
62838 10024 84445 15924 35388 35386 29498 14766 52625 28692 96981
9751 11
30671 83119 97787 77396 94983 86798 40731 68269 36902 6374 78043
370 0

5966 13
49097 54755 19845 83074 13419 31161 68638 84774 24337 37855 87237 52220 27856
3553 10
50288 34662 85269 64438 77845 10148 5665 17902 18201 56077
1948 18
51547 21221 44912 85158 44627 90682 62011 21302 39560 47299 87494 27621 80843 99273 14595 55184 -160142480 -162278592
520 11
24213 81727 63571 13982 61116 41348 19502 13745 90702 22444 34091
7124 0

5798 0

8222 13
40631 56920 89187 98195 45179 96763 82830 80975 52797 63316 5394 32921 1310
7205 0

3719 18
98025 81004 47367 34807 37449 80832 26483 7953 41713 74216 89283 90708 38987 23489 97039 94938 2650 91787
5931 0

8300 15
33813 54196 41532 62377 92704 73038 31408 60051 10836 51039 15770 9754 42833 77553 60520
5604 19
88745 9206 98615 83808 9978 26363 26512 42354 3229 21085 83291 89538 19539 63689 63423 74267 60539 98019 95456
2161 0

2651 12
87520 7277 69343 6709 84919 33345 15485 51735 90615 34930 303 66504
7974 17
59320 26314 27448 26355 45484 36882 71379 76647 20571 74034 46166 46572 88310 26019 4997 92866 53177
9291 15
61965 53569 90997 18754 49163 67203 31620 98661 55315 21108 85620 77294 70367 28135 26874
3267 13
31347 19951 74437 21116 32154 39327 74502 6432 54747 30344 61801 37906 32751
4038 0

7259 18
28997 72463 70983 5724 14752 76191 32807 65832 25195 44513 28395 76989 40686 40291 28376 80930 42784 11531
5765 0

5818 10
55359 1281 66216 84011 40475 91785 98400 34960 59170 32589
9239 13
78515 97260 73807 24764 6754 95095 65093 12123 35547 75646 55016 34855 86429
4026 0

7217 0

2590 9
59603 58315 54953 97615 34053 83513 70859 78111 45635
2998 16
3616 16572 31009 41318 13822 71448 88364 26160 31381 12141 54540 1070 42006 59790 14986 26729
9110 17
99103 78629 8444 67737 54757 93603 34898 4345 84142 27498 36017 32165 17919 78449 2934 42938 95161
8177 16
86465 62193 37076 27778 18057 61129 12332 45970 34772 72882 12082 15824 87722 47292 19949 68303
88 11
92257 9925 71517 64710 83567 13921 16584 30039 87879 95943 28074
7967 0

5589 13
28172 30920 93461 16716 18607 63705 41680 8447 59911 7436 68026 59009 32515
6792 11
29429 7163 71996 28459 74662 5277 3160 52189 2690 37289 56258
3852 12
77060 38591 83839 58777 187 48069 72242 77869 53683 15380 60599 78232
7148 15
32426 49863 8543 13913 52707 3013 4474 15901 43448 71203 71260 50825 48396 51731 52590
4626 0

6215 12
17113 4949 29973 23386 11421 16553 94148 52762 4744 24129 2140 14576
8931 13
44975 73422 46470 5681 78860 95780 19568 30542 85129 9389 68618 14462 48430
918 14
26806 50606 76152 48558 86026 49856 3345 26656 12247 92080 51025 50540 67123 28247
6826 0

5502 0

6724 17
61454 66109 54142 63341 95077 92534 15302 90183 85301 55452 63244 26945 93077 40005 89258 49628 29486
9080 0

6330 0

6902 0

1682 13
95196 21978 71806 3620 15285 53116 78983 30759 64179 4814 67791 -1083954193 -1083954355
2557 18
64183 57927 36464 41614 88848 88147 37269 82808 11910 12946 36888 71911 72443 14330 62179 42438 16688 27474
1596 0

1886 17
23337 32430 90527 69917 34381 99025 18501 24943 27423 56011 77196 19375 76267 16148 62966 99093 90327
6673 20
73418 34572 76296 23796 50888 30070 65766 51168 42973 54187 19032 60941 5734 21393 75116 73512 48196 91404 76543 71736
79 18
5547 40712 75224 20294 15601 95827 81522 68010 9743 3069 34003 17409 92238 82737 41018 90880 45810 18411
9508 15
24235 75059 85016 85823 14879 67267 98168 11493 97151 76912 40741 5450 97289 7592 92230
3568 15
57089 38570 1417 31134 3120 9324 34112 37582 5430 38169 20511 15600 40438 99956 43756
4252 18
73224 19213 86957 72729 62340 26067 73659 92372 73169 87121 48475 58654 6511 28200 41155 56397 69466 51077
694 14
58055 57748 50489 56320 42094 55401 49859 62376 44731 76704 2487 54327 80744 39476
4395 0

5286 0

9686 15
12234 58585 1739 19857 67539 67202 98885 18898 4984 65300 92969 3052 66874 89718 91702
657 12
39742 7188 35060 62073 18766 28948 27863 42847 83887 56560 5931 82544
9629 0

4065 10
69141 69244 43537 90021 18030 33951 16624 59940 44996 9496
5513 16
92024 56844 71501 87634 44137 68500 87175 49374 65210 58261 4574 75099 3443 85906 53280 39013
9647 0

1164 0

8095 0

868 14
24532 71352 20414 52243 47902 44131 17941 98580 50525 50252 89428 42156 55200 38056
6060 0

4457 16
89928 29127 89588 48851 72070 43625 29944 10762 39188 52833 87383 13166 72866 74825 82991 62752
3729 9
95081 15581 83971 25485 92769 62809 52186 11564 45274
6794 0

8912 0

205 0

1504 17
89495 53279 27272 73289 60114 6788 33029 48312 55493 5201 87612 81801 36228 76629 10783 25159 95023
3932 0

5565 0

1249 10
87288 43004 81969 60004 24923 13016 70255 10207 76800 29536
6416 14
92349 45119 10158 52550 57172 15413 5425 10699 20964 99308 16620 31915 66830 95684
8828 0

8330 0

4813 0

3963 0

3837 0

3694 0

9077 0

2928 0

5065 12
32542 28614 40458 9950 71471 311 6870 20130 3096 69453 75917 99038
8582 12
95124 26310 31680 60342 49047 36499 73331 83989 41460 90971 78272 56004
3552 12
43720 31819 89918 68779 4127 85967 42 12167 69434 15879 53591 77022
1331 9
69820 38127 59676 12924 25333 72124 53581 3541 86946
7442 10
43972 88066 83475 51910 88608 2411 75666 7033 95694 18588
8793 0

1488 15
5672 94462 22695 39288 94939 1762 80258 33891 32887 97224 14619 37975 65666 -1083956010 -1083956033
5100 0

8390 11
70232 32568 42303 48266 60519 49743 87760 1030 90866 52167 83316
5551 15
2017 82686 16393 42531 49872 40140 25876 2528 46752 53504 96884 2612 12935 42489 29773
733 15
74547 79180 92724 39705 55817 92955 86454 49094 67770 13284 65928 10133 76251 80266 83833
8388 11
7524 92996 60592 57484 65980 93028 47698 73436 5630 93683 25618
25 12
69060 16523 31263 8959 97951 14449 60620 87786 28562 5898 26816 87370
6079 15
81771 15659 16853 80276 77000 76709 22024 26665 61223 97034 72673 49 49798 51612 10997
5561 15
78902 86943 89336 22333 83556 56036 45745 16694 95691 22956 46088 19769 60024 62957 63862
4613 0

72 0

1830 0

6929 0

1044 15
60239 32697 36160 46398 51997 46663 35191 47616 94797 72992 14907 60159 2081 60633 45151
7833 16
48921 80729 81100 15040 75439 28263 27970 13335 6455 25955 76171 17284 55296 951 77924 65603
9002 13
62316 12124 91892 52024 13716 74681 58943 86336 39863 99659 57226 2591 14234
9285 0

5117 0

7734 0

6939 0

3593 9
47659 34994 54417 67321 86790 43069 4356 93767 97806
3617 17
48872 74355 19089 84356 91049 65327 44752 69277 40209 23200 28124 96141 80416 39486 94689 52137 47302
9227 12
54980 75128 42200 67461 63726 66562 43939 98859 18981 38461 17766 14391
6152 13
5991 71306 14160 6747 94538 6315 3713 75597 71362 23049 16806 24180 33034
8269 13
75850 19008 54099 99085 95653 19870 40964 92585 79907 38395 29132 12586 1864
7729 17
24647 28235 31058 43920 4197 6685 15638 80885 25440 16001 86053 5343 54159 31033 72099 89627 15641
1992 0

4380 17
20565 20263 82752 43103 66833 52213 38621 93492 44273 11324 61185 42963 18963 5229 46072 45042 21474
5423 0

8659 0

2111 14
29311 8110 26952 60105 43759 41618 6653 47961 10258 38453 6578 5996 60359 88323
317 0

7424 0

4164 12
87460 40738 44932 35906 4947 4903 31466 83030 32376 84170 36802 5488
6232 0

8128 11
27904 98960 25117 78649 19960 19901 260 53094 95115 6491 2429
9810 15
53684 95564 4726 53669 7955 8905 93754 -161104608 -160138960 -160145616 34817 -1083752703 -1083751820 60608 84258
9847 0

9353 0

4116 12
9338 40454 52495 28986 19149 61807 43174 30546 67788 14922 36488 70766
3764 12
51167 85103 69583 56429 71135 95518 6181 86064 75741 60695 26712 89748
7830 11
66809 64497 77190 43505 41142 83384 7133 85147 52375 21907 51238
6977 13
66128 32183 70449 71114 50143 34286 75975 32393 26326 17293 1942 99975 97203
1985 0

5386 10
87326 18316 42897 50928 46440 65754 13760 65753 47129 43464
4072 17
49199 24964 82192 45975 79313 66899 40813 72640 79547 20232 68899 27998 68855 46024 27061 80978 27832
8536 0

2973 18
34945 69762 98433 33853 14497 14362 37616 34494 48717 25017 78862 12163 33642 99807 18578 27393 61101 75883
6250 0

9204 16
63140 30909 97721 54110 41533 82570 77844 21536 27638 23565 94816 1827 59900 48491 98492 99651
7803 0

1303 16
10712 38393 86784 16140 62938 57796 68932 61669 69822 81156 80640 -1083898872 -1083899282 66189 68079 65256
6185 0

9168 17
78390 22703 34540 96405 28484 26275 5391 52598 5688 81278 643 18334 -161090864 -161147120 -160214944 29185 -1083888245
4397 14
58227 62566 70596 57816 78149 766 18659 26663 1045 63839 88370 10042 47282 61075
7258 14
13832 49014 66786 79746 73383 53365 66192 83588 79404 9938 80630 33015 60285 51793
2722 0

8751 0

8404 14
13529 44882 38866 96954 82120 37115 91728 36801 13368 58196 -1083811904 -1083812189 49764 58648
4669 0

3737 16
43158 47737 85327 59688 21489 49181 88312 12565 21407 43515 34756 68991 84845 12217 59149 36432
242 0

3134 12
34939 78031 85767 57795 66699 51206 85527 76660 34373 24736 76719 79014
410 12
86274 75795 10196 16982 88539 51626 62165 2155 47334 80829 65641 41174
1403 12
60650 68456 55951 80403 59518 74162 58077 42019 94238 40767 8000 11230
9733 0

8618 0

3865 0

4083 14
52309 50999 1959 71983 16089 20469 17715 23437 67135 43990 92141 3262 43610 22613
585 11
68035 95338 58239 10728 47000 22158 90553 72114 28778 78187 62068
672 0

1361 0

3369 14
44346 36496 1077 38612 64757 50739 19956 17204 15038 49076 36654 -160149648 -1083766271 -1083766030
1241 16
35438 7283 31753 25953 22364 6017 32832 86125 58465 64170 38480 99029 90313 34500 47856 33262
1110 11
94775 46345 82667 63840 11124 17878 79216 52822 79109 81924 76657
5426 10
72585 5925 19950 48107 28081 75702 89167 80817 72459 51907
381 0

2131 0

3164 17
49782 32687 69313 7633 61670 72596 31190 67484 77109 97316 81007 35346 22320 75008 7821 73267 71062
6597 20
92021 53302 15458 7440 65480 88275 36057 61254 97363 3198 60125 88210 19537 75995 48982 50826 49067 50809 7618 42352
9461 10
16352 87580 40413 8414 19856 78587 4073 40090 87140 63315
7177 0

8392 9
69215 80643 41824 29951 42060 20066 99981 6519 96946
5761 12
19707 82127 82537 22202 10195 17367 13204 70757 59747 7101 77951 51586
2119 16
95209 45675 12283 84550 27592 88212 23288 40627 39745 4940 76818 93238 34485 10162 59456 6150
5888 0

6618 0

8138 14
20108 96157 72141 45672 77636 67623 36224 88287 74246 14820 66280 42854 13542 4341
2783 0

8869 16
50700 62772 27848 25250 9550 52124 53509 38328 82758 61039 49369 87161 13964 36087 19664 55550
3247 0

124 0

3463 0

832 14
86392 29746 98497 26078 76482 42719 3870 4567 54441 4118 53142 17213 12923 1489
8427 9
3442 82839 98543 79441 50819 82993 10276 43211 3291
2900 0

314 12
63165 1523 93867 44995 50012 59963 60167 22302 10109 84531 64337 88138
6446 0

4451 0

4055 9
62326 20119 72834 24286 54818 46505 87860 37116 22090
9795 0

9017 19
91709 14022 5712 19329 60058 26768 60619 43329 91072 80430 42812 65630 95557 89008 43090 17249 38161 46541 561
1960 18
15752 64186 67313 63258 35270 71320 30379 90691 79988 13869 -1083898281 -1083898462 95886 84941 6335 67733 28593 32769
8958 11
35279 63505 60861 406 59386 19992 60567 55120 12006 9150 37090
4170 18
24690 78045 62164 13380 21707 9654 8546 56800 84045 22287 3723 52006 39584 83717 62841 1918 80354 61321
6492 0

7460 0

8818 17
62386 42040 94583 98773 70211 39943 2506 95488 294 27965 86782 18827 36626 40659 33467 92904 85374
9775 17
77110 63160 79094 63112 74620 61448 40064 94834 58834 4152 7553 65172 75873 51106 10071 9919 20850
3767 0

5091 0

5990 13
24991 72817 8844 46525 30267 27051 70341 71709 27750 57778 24689 35951 63765
6380 0

1939 12
23542 7946 5946 30426 68505 75122 83143 18390 28572 49006 62341 53706
9028 11
33839 1506 37017 90292 70946 18377 69008 75877 27682 83450 51723
165 0

7666 13
57985 59732 69744 10829 83744 71368 72848 62577 23158 64442 4587 74893 67198
9992 18
65697 18310 63811 12834 19245 84675 24118 50037 21906 60898 2448 65970 94642 54487 28487 11896 86359 -1083751602
7644 14
26476 71355 59212 89347 97054 43063 69898 62560 11830 22370 79845 7510 86800 51970
2086 11
71240 64126 8855 22534 69080 50175 10082 10909 21483 -1083952018 -1083952250
1927 0

2830 16
73779 43765 27169 2816 85802 24754 93477 11521 52506 81508 66058 69904 17347 2023 22923 62515
1878 16
28574 48646 44655 84076 11468 55740 18070 98695 95668 54475 39007 33312 40281 38141 54993 74973
3799 12
88472 15914 61032 80779 15463 19530 11880 58789 51969 39530 10226 46694
3324 15
56075 98469 49851 27589 65658 16067 6316 77126 63905 63487 23321 29258 22616 91844 53601
703 0

9724 0

6076 16
18577 66935 8076 73316 90393 50101 10124 20059 98737 19881 88709 20161 16963 31939 14970 43253
9200 15
40998 49335 23736 5786 75076 72874 94798 90870 81025 59635 15517 8628 13319 23611 21877
7512 17
13473 74 35094 60390 32530 8122 90572 88722 64121 25400 45226 2705 76456 50060 76140 50160 93792
9391 11
17410 37406 51622 56590 67200 39802 12673 48957 72721 48509 13629
5849 16
1608 97553 99523 2889 49834 44926 19152 79817 89578 13806 75944 11766 80951 45652 45671 15950
2414 0

4684 17
82189 25207 41616 57563 14547 75207 46343 85546 58392 63262 -1083828207 -1083828481 28275 73317 43916 11339 44942
4977 0

8261 19
69785 52714 4281 1120 14258 4423 91973 78430 93877 13211 36050 52458 14172 60403 48694 34545 38939 48070 11053
5607 0

3027 12
93498 36246 62107 686 7709 94987 72139 30048 55443 26116 527 63879
4177 0

5942 18
28518 16285 38755 7265 75667 97150 13868 36810 46122 4449 9609 84071 62284 71138 6297 34860 41101 23797
4819 0

5045 0

9934 10
62769 40644 85896 76048 33290 31611 48939 61475 13865 42785
2257 10
37279 92596 8041 97877 53545 49709 35380 24086 83071 26567
8366 14
92987 85671 42380 28568 10967 83581 90808 48329 53228 6347 69000 38146 65423 87384
8254 0

3094 8
41836 91141 19811 94442 70804 72753 26457 4876
6228 0

9507 11
47750 61625 22639 76685 37861 426 43700 82357 50520 84733 38469
4215 8
2736 4969 46303 25445 12790 89433 67456 64071
1137 0

3874 19
47125 92240 87298 59828 97508 99161 1910 51644 9095 59962 78658 95847 7225 97819 -1083895199 -1083895705 34455 47847 8971
8839 10
73517 13780 11548 81713 62467 17418 61444 25692 80409 4964
2535 11
91013 214 6673 42348 30238 82376 31798 74586 89687 70731 84923
6679 14
65843 32194 80781 31872 78144 67448 27102 29223 65611 82681 47119 35817 72151 36508
9534 0

5202 0

4518 0

6634 10
48981 86293 2045 95224 67365 10566 14480 20397 53104 11963
6821 0

5568 10
11989 65855 66563 40116 15721 70548 22644 72568 11333 86322
34 15
89682 58167 34868 54026 6351 37051 88521 94768 27800 78776 66243 95869 22903 97750 83619
4473 0

5437 9
58359 29133 84137 62156 75118 39244 63416 40517 90727
335 14
47002 51965 37895 80480 93125 67888 94501 37203 76675 29236 14122 96982 -161071328 -162375504
3472 15
98875 95870 15701 28175 54738 92424 3501 35120 587 59977 1105 99557 34460 58628 74712
6001 13
73661 21401 15542 9506 95049 18285 2465 51208 16340 23407 79879 79986 93593
7674 15
80350 13561 85631 99203 33430 83532 38030 40955 92671 96371 96548 34604 22822 23230 48355
4364 0

3470 0

9809 16
7458 91995 81683 14461 76882 23774 41078 36806 8225 57612 68260 23340 46074 46964 2426 77195
3597 0

3507 16
1983 45935 78255 90321 39656 49256 12840 28944 55491 38983 -1083764935 -1083765269 31794 76360 50757 98094
9916 0

2916 0

6924 14
71058 52515 321 21608 74778 914 26289 11872 72342 79063 85194 99091 17326 72444
599 12
65840 77874 84613 56373 86730 12746 11155 89722 2772 70241 78333 95277
897 17
3370 89915 44446 35768 30177 90241 31964 62212 6362 43187 92813 64407 13632 85252 71146 58414 56691
1478 12
29736 81910 56764 95287 31959 59763 21990 16091 11030 70272 40915 94114
7452 0

8101 12
85863 77330 7489 19326 44892 25853 27883 9825 4386 69595 87425 46390
7474 0

1899 13
23284 60303 1716 62989 58204 57857 20237 18414 54589 9339 3380 32672 93748
2329 19
29778 41841 26570 63990 19110 22363 61537 66853 32615 39794 15360 60986 82112 49148 32326 46603 82699 43648 95349
3771 15
25515 37818 50067 29084 52795 91814 76040 68262 88728 61793 82940 890 36790 17287 84474
7804 10
10549 40986 42228 71461 30002 72232 90637 51995 50894 30785
9638 0

8122 12
93479 98957 6121 22757 55650 93036 99042 62802 53274 70857 42042 8794
5835 18
6703 24979 73781 78040 89745 48697 93577 67862 93568 52256 42505 40756 11925 11664 95141 40840 94596 21589
3871 14
93037 83757 34264 38562 67022 52692 98821 67314 93465 6198 86380 2283 60672 29774
5321 0

4086 11
77228 90228 78895 30170 66900 14904 46771 35575 4242 -163151200 -1083947776
5918 0

3632 16
42140 34962 73286 56974 60329 55839 64088 31648 94062 46997 91017 23357 94668 63062 9364 81316
1723 0

1557 0

984 9
5364 20155 38364 55512 64584 3149 10131 62866 78657
6733 11
95617 99115 22144 37530 16580 43975 60028 -160280240 -161283888 -160296752 64769
8521 11
64176 83416 86004 86374 5922 3523 9525 52981 14317 66555 55003
2595 0

336 17
33376 95097 68306 69547 35413 708 45101 4456 4018 20031 78480 72530 48368 2071 59833 62853 55601
6442 17
27191 71791 82710 38770 20785 83160 11660 81761 36183 71284 73213 11172 69280 6299 52025 36383 98643
6388 13
25759 33785 14052 57679 70658 78503 27325 21305 35798 6068 31158 82115 90302
3423 8
76678 33003 62122 39312 39192 48157 27132 58117
4402 12
12941 59661 92752 56187 15847 94612 47813 28026 31459 77337 4185 48661
3792 15
75482 9826 52065 47166 8578 32753 82939 92435 66718 98249 1767 52854 1063 61049 77809
5172 19
51447 57499 78612 70466 52269 6742 17102 52564 57587 40985 22553 863 71104 45727 8430 24432 67828 5955 32583
5471 12
65498 60059 92558 62953 69600 90653 54303 31354 85226 64136 70949 24670
7838 14
41456 59223 32256 4101 76370 81182 23853 67961 44332 34832 10875 44970 34154 80912
8338 0

9336 14
31985 4034 50935 14610 18601 7095 66404 89465 77454 95682 18473 70375 98817 69072
1743 9
65475 29366 24269 20821 50750 94296 23004 11480 12591
8137 9
79951 61271 99971 93445 50711 57208 45335 17341 4070
2991 9
80187 71546 18985 82300 90602 69656 35481 465 85266
2565 17
67723 13699 60170 1357 31243 98444 90677 53394 60023 92265 98761 1581 45078 77450 26331 99108 86834
5811 9
85320 74557 6893 35642 45346 50897 25826 17872 73954
3347 8
18047 27081 63909 73956 39798 79488 86885 58386
3211 11
23753 51082 33432 45273 57344 60062 80958 42423 2888 75480 17693
5193 16
57071 69331 45002 31968 60938 74255 84756 55715 28848 89721 78377 21798 78706 36532 90516 -1083762729
4919 17
6006 89104 98753 60469 76319 74860 92830 19554 30015 97559 24316 82160 -160379872 -160214416 -162259072 -1083827166 -1083825543
2520 0

417 0

7302 0

5171 12
16578 35832 10543 49129 52278 83485 98516 58294 71222 53013 31258 22050
7280 12
80899 6392 93565 38742 1658 5116 55355 35081 2535 88372 35778 5917
248 0

2837 8
35309 94003 93926 70238 43769 50798 57761 99704
9787 0

3766 10
97610 53710 41609 98159 72504 89793 24788 22781 52837 96098
9064 0

3883 17
81808 44369 73083 97903 33589 48709 52270 51928 42944 24416 73176 45299 99574 60726 22713 48650 12359
613 0

3947 18
46971 40480 18930 29341 50385 92530 6863 12650 55870 97418 70178 21316 -160129600 78336 -1083949112 -1083948311 39912 39813
6585 0

6349 19
92433 96766 26165 26396 82010 96477 26540 26147 78121 21212 63767 4120 84043 93970 34113 17469 99056 70061 43443
9392 16
41583 92031 60152 14097 93839 50804 17618 15826 4218 94867 61886 35946 95834 38506 12125 43828
3998 11
30958 19932 94628 4051 57688 71934 88054 97779 64979 89508 91337
5227 0

319 0

257 15
40565 7848 48541 30468 23752 43841 35009 50651 88115 10011 47090 96883 44773 79198 18083
6850 11
50099 35459 52749 97265 87286 88496 64835 57428 79264 80685 38747
5547 11
3379 49370 50578 77720 71951 9153 79694 89992 77659 83536 5500
521 13
57801 7326 82837 88648 85149 53166 61408 4233 76673 2254 35549 98259 2059
4660 0

963 0

310 15
58340 56999 2192 17185 14930 83307 27463 9345 99948 18449 22665 91758 75665 53010 47216
6418 17
14997 22844 79744 82879 91998 96150 57577 75744 3708 39035 4176 71901 55251 7124 81382 99717 36770
7191 10
5609 45325 55252 33140 35312 19977 60405 86154 39828 84098
6211 10
20956 75386 68981 78921 34066 98515 31699 27025 33762 46219
8422 12
49918 27526 65703 70695 73609 1290 62578 17780 32319 71702 27225 5489
1133 0

7098 0

8773 9
75291 17779 56192 85276 57468 89908 36647 40334 5104
4951 0

1464 14
10968 70201 32197 31005 90673 6964 33607 61212 23162 32384 40376 87051 -160145264 1793
1415 16
36581 60818 59570 86353 12331 77295 67311 89423 83073 35560 11057 18746 65509 17311 50823 83091
2552 17
58300 8695 56745 52282 682 53016 8988 93487 6884 85285 65706 40102 22987 18322 99027 25282 72520
9279 0

7042 16
60582 42074 72464 37687 49221 64879 38712 77640 24343 94727 18110 79123 87349 18938 1911 92896
1420 10
76512 27803 26410 18028 72371 28783 88102 74425 89894 20791
969 17
11375 3560 94144 29407 51351 77890 36205 64681 38137 24281 90538 7644 4938 68912 -163458512 -162226160 63489
8569 0

6209 8
98836 82572 56753 83615 42256 55237 94080 65669
4986 12
52927 66917 22541 36753 44980 54419 25224 40099 6363 99737 20097 1414
8198 11
26204 51113 58483 66286 59495 88933 41823 79594 48942 20928 12267
814 0

2115 19
57393 56546 631 52372 56731 70698 30329 67550 40196 44940 50089 82299 3811 72783 62652 36470 54155 99988 28285
2990 0

1002 0

1940 0

9198 0

783 16
41389 49971 593 99401 50900 32306 89896 63943 68715 92020 99706 2958 18165 14838 55062 85759
354 0

4374 0

83 10
28287 31628 96069 41578 72666 13463 65409 73003 68141 43912
5767 0

5873 0

3186 0

5996 0

811 17
94207 7006 87847 13093 66814 43056 33777 60123 32257 58470 87977 36628 18871 84120 50881 19254 11148
7506 0

3667 18
80618 67393 69139 13608 18478 41337 88836 62143 31002 84363 99250 31948 60825 849 4232 92640 34894 24186
9752 13
97353 51247 3775 5944 43989 27738 55576 19038 7306 -1083939704 -1083939519 29326 10014
360 14
51762 9390 19893 26241 80824 80851 30215 77074 31367 18869 9883 19249 38607 34208
6619 0

4381 0

5896 18
50877 1633 60851 25352 6549 53833 25822 96973 42871 5847 91507 88504 19699 -1083891610 -1083891700 83219 50333 97695
6736 0

3289 0

2203 13
42602 65073 2832 68082 49582 60445 70622 71567 36938 -1083951627 -1083951572 45367 76497
4011 13
56544 17556 27377 93247 91863 62780 27333 45199 64750 19886 71497 25444 84344
3529 17
92291 75927 1810 25057 36293 80431 31928 65857 44789 95931 48127 92725 43068 82559 94431 69424 13064
2721 0

8008 15
71377 50829 61943 33914 35381 78600 3839 93520 38386 86370 765 69382 47538 78634 69813
5374 0

3862 0

4750 0

2537 0

9560 0

7770 0

4231 19
22830 93013 28 33514 81509 37715 26108 83453 7049 6070 21764 96225 17548 68464 48429 52359 24035 73868 14205
3626 17
48568 12872 88247 93048 35013 43673 83171 93140 18769 64512 71046 51156 97070 36207 71871 44095 47103
1807 11
99187 7847 92886 89163 86753 77216 55560 8010 39933 93474 63275
8488 0

8093 18
89863 53286 70998 34533 1934 3141 17236 5675 11320 97945 22993 46747 93112 39976 35669 18541 90108 79359
3678 0

673 12
73053 37068 58881 17215 46508 50079 96349 29444 44256 93437 59134 42583
2354 0

6289 10
24167 11857 93353 25275 67445 80833 37646 757 63421 48150
1489 18
16618 84676 96446 18780 68669 10960 6539 98757 40236 89091 -1083955872 -1083955979 4597 72781 44559 86472 73586 65092
3192 13
48592 87211 76950 97915 93968 80379 30196 36237 2209 96441 41248 3314 42555
9871 0

6468 0

2778 16
53630 5212 10732 12271 13424 6688 95289 7237 11107 75312 5981 95839 66600 33415 76070 95499
515 14
89148 14908 50616 54890 73933 88571 6102 86261 50076 -161074784 -160147184 -163215552 13569 -162226800
2126 15
91307 24695 2994 83515 39045 37437 39158 5152 33272 46775 80042 18221 79908 75921 92653
3809 0

2876 0

8861 0

2687 0

6763 0

407 0

8843 16
62185 75867 51046 50624 58949 39604 82538 41602 56130 30128 78685 26685 6612 41879 4463 42565
1316 0

7296 11
49203 79028 9476 11285 77828 51538 33372 23355 32866 2547 36981
625 0

3218 17
97500 37840 95143 59691 5162 1010 52401 23072 46846 86848 23405 55521 84101 65795 93454 14863 25465
7071 19
83596 32802 54358 83688 40860 49768 61317 93910 72570 67657 28620 16123 -162227808 -161148320 16129 -1083760262 -1083759717 18644 57805
4430 9
44228 62452 81339 52219 68883 55012 1557 11400 12679
337 0

6464 12
78557 58880 71231 73743 42483 37271 70117 7568 84763 66338 51166 88610
5530 14
59366 81846 95967 1436 94165 8809 70492 6221 71384 15173 59019 36305 78721 76723
2664 0

4398 17
29918 59630 75088 79383 6175 65777 59341 72267 1839 29501 58223 37258 81038 68863 61273 70024 31037
3420 0

2269 10
13151 68373 36013 77141 83406 7341 54550 37632 27432 25367
5697 0

6665 11
94640 35658 78328 60207 88816 50515 21582 31325 96148 67942 14148
3307 0

6612 20
61274 26840 51976 22393 3698 11996 90289 91424 64075 60509 63998 41036 56585 56700 21810 1584 53430 17782 -1083818275 -1083818419
6423 17
6832 18339 40246 95350 95909 60935 7116 51462 64766 77451 59936 10228 83681 23991 28524 9657 92164
5113 0

4713 0

3167 0

7822 10
68283 74828 20701 66124 77976 550 51399 48849 70296 15773
5269 13
27223 38405 26048 5257 7929 39365 86823 9236 50139 24854 55893 61193 66959
8316 13
47223 57841 71145 90133 15930 50564 88459 16936 40600 99605 13777 69651 93530
924 8
30692 63681 59119 2009 9573 70719 32869 2345
2286 0

9963 0

5668 10
51313 78751 96666 16157 50980 66577 60769 37264 64684 6203
4001 9
13030 21650 90042 65591 79390 31140 8528 97667 51954
6237 17
91042 57855 50591 96515 14727 59450 44804 65844 39697 11327 85750 47326 35897 99963 87463 98401 46892
4148 0

9562 10
90086 17388 24074 78801 6065 43028 73374 66324 82933 3633
2655 12
57456 69053 78284 5767 89725 80016 90550 55319 79903 81355 33581 83632
2268 12
16134 82754 16826 53492 46685 17071 99746 45035 35862 78188 7877 46809
293 0

3955 16
87897 21941 21980 96437 76480 13169 6022 48803 88248 62354 77965 63838 9607 38251 20670 48400
339 17
55575 72357 17915 46187 37593 86688 13498 34201 19998 36061 42160 43697 88088 69372 79228 27942 77635
4434 0

7450 11
22218 97960 33548 23131 87177 91580 42922 15695 78642 -160172448 32000
1693 0

9506 0

8663 15
9850 6134 8726 17711 49876 38608 60655 43539 56195 97554 87246 74229 19727 84910 79699
6084 0

5999 12
96427 11566 50054 21000 10128 59137 70701 33623 41739 75402 42056 89070
5438 0

6940 0

1453 0

1520 0

3915 17
63550 67403 72951 30953 98284 74117 45917 60639 98747 55918 27006 74855 83261 28675 71748 61412 93226
4677 0

9539 0

1584 0

6134 17
88845 8314 20223 59575 28511 15130 15983 16441 14464 46847 72197 54442 58272 21341 84770 53746 93362
7843 0

498 15
75135 77897 72849 38688 11241 85390 4651 55274 80075 74383 14276 84687 95302 64733 57125
1521 0

3684 9
36274 81144 73767 64184 52341 13979 50494 66179 38487
5590 0

4463 0

8902 0

8236 17
93640 52580 91595 6009 68383 71801 11569 29760 -162362352 -160336416 -160143344 -1083813632 39023 85080 12956 95892 47649
2235 0

6251 0

8447 12
61640 66747 48818 42675 32208 5819 27837 69837 30631 83031 37204 31768
4899 0

4058 0

8596 0

6743 0

7069 0

2240 17
49021 59757 32689 82465 4273 38090 18272 26416 94801 -1083951194 -1083951282 96893 62501 24797 82793 71619 28734
5 16
90613 30091 70553 47081 98759 14459 86009 31929 83777 62891 41431 34776 32713 85820 69906 52246
9748 0

9429 0

9442 0

5114 0

3050 10
7507 17096 20053 89911 80440 31709 57053 55851 50044 77035
7946 0

8025 0

5961 0

6793 0

5654 11
58774 49319 47669 3479 26060 13720 26456 83268 59164 42559 80070
3243 0

5285 8
2419 33018 41032 66260 64457 26087 669 31780
1638 0

2923 0

4975 0

8070 0

2671 15
82516 20662 14228 14101 80477 90416 44181 35286 8859 37061 50145 -162227744 -161083936 -161085136 33537
7977 0

1226 0

4009 0

9124 10
32653 44053 62522 92274 20981 15298 21421 43429 94572 12780
4606 0

3622 19
17987 75569 4741 17060 24612 1945 95080 22725 73330 90636 57909 84960 44900 89331 42567 76681 66237 80674 11707
7499 10
84968 51896 26531 17602 31954 41222 37774 73227 32669 19177
1923 0

1824 11
18005 15316 72932 65226 8572 30186 63962 46666 33502 22845 29019
4213 12
24738 77531 94145 28342 79678 26825 9895 46208 47974 29636 16057 54352
5585 16
52702 21281 96805 22256 21611 3807 88662 74742 19380 32575 7655 48826 54001 8062 47944 72826
9889 12
75279 75653 17833 33093 70722 99860 28851 47077 32305 39701 71030 55108
2657 0

1548 0

107 12
79550 48205 13672 92509 52031 18315 11429 82899 2626 50847 61850 11806
6769 14
99340 94055 27316 45981 23487 72603 87382 17968 14492 45307 43023 57011 42007 26607
2824 14
55254 97295 55607 72587 52131 7772 46614 14508 10632 59793 87607 91273 72574 -1083829802
6239 11
81944 59596 50373 26885 57560 635 27871 94511 77607 16312 31844
6188 17
83244 1470 63904 6076 21435 22434 82998 53838 45607 37085 40909 31166 35967 81763 98498 41304 34560
5200 0

9667 18
13401 59887 70655 54762 90180 36504 43833 16180 40011 66302 56222 94791 20501 66630 50609 67290 741 40944
6609 12
26726 22173 78614 73426 69910 20546 84281 76612 8037 44884 34525 91760
1048 0

2908 10
20969 46658 56188 41295 34005 59140 84953 82047 50659 56549
1813 0

4509 0

9406 0

8587 0

7290 0

3034 0

438 14
66969 35391 83889 99274 35054 42082 15813 80223 11330 66175 69232 60434 89610 38629
429 0

5936 0

1676 0

2019 0

9574 8
32523 58606 78540 47383 62810 5934 2343 10510
8591 0

7954 11
19268 66778 44258 38185 88317 154 1340 10657 96374 91676 68258
2049 13
8173 58646 3273 8094 35266 22890 13156 49714 9086 60204 13521 75571 79668
3954 0

3290 9
23482 82662 90740 18661 76 33484 84907 81172 43961
1752 16
34219 14251 226 97137 83265 63175 32922 3970 30714 50923 66285 6294 67044 88425 14089 78980
8412 10
96599 88384 65076 3224 74206 47400 71832 48935 75065 63364
3394 16
39436 15939 54203 95135 81118 10310 98924 10938 58482 2863 41598 64967 93786 4733 -160127136 -161187744
3564 0

7726 10
27 79952 84050 61424 9587 88213 29087 63936 82992 43404
993 17
37640 5913 15551 93522 98506 73163 73605 98571 82869 96099 1939 76936 61584 62743 3923 2896 81791
7045 0

835 0

3201 12
14868 30259 54824 62462 54403 99450 51060 89925 8566 69498 86729 98845
1618 0

1234 0

1844 12
92028 98585 47525 3226 82730 22883 69508 67700 54363 19179 32656 3355
9302 11
44023 23442 31657 39129 22657 15916 24685 46052 20060 6648 16179
3774 0

2331 0

7076 0

8616 0

1041 0

5289 18
47566 24795 62287 54067 66836 37565 74067 88023 52704 56230 -161091792 -162290048 -160144864 -1083824895 8214 98207 70447 93221
5926 12
35943 78192 78639 40395 69838 52752 97132 71833 33209 87561 66234 34786
6355 10
97645 41965 33872 70258 20133 84084 65387 94618 50907 17030
3129 14
17512 90576 97328 80444 48444 43185 12663 89159 1713 18267 82080 31877 15651 68531
9596 15
28257 92897 36022 46877 70628 62020 82845 350 83745 52255 74803 6407 58817 83441 24022
4131 0

9848 0

6246 12
68475 47975 35090 12292 28024 77570 33834 9343 52410 72842 49176 28796
8572 12
5616 12537 23157 22464 61981 91093 96767 69201 93536 11908 88489 82427
2162 18
93034 31645 49668 54504 17961 42376 81610 63614 31401 84861 54449 34879 81932 66269 35593 33165 44531 86625
7515 10
32060 77803 61005 13034 63763 1370 35357 5656 85042 27885
1014 10
62913 33578 74625 67950 21950 76791 30283 41197 19587 77146
7496 0

6995 0

9106 0

9266 13
36294 41799 23035 21046 56308 35622 48502 60879 79672 43016 87227 58700 37685
6374 10
19661 82233 74859 3336 18203 46438 73713 61458 29970 39290
6396 0

5254 10
86005 19128 12758 7143 3033 77475 56441 56823 36272 41281
7462 20
42276 2181 20559 88593 40006 48573 21703 40274 33266 87495 66035 78618 90555 89794 -161083248 -160128048 -160153120 56321 -1083890482 -1083890169
2021 0

5292 0

6218 0

2984 8
59464 71432 99933 15268 77802 37544 17016 98914
8649 11
33636 62417 61716 68823 26555 89832 30396 89830 25295 94712 81110
8841 13
72659 36520 68411 51934 56422 90949 33631 85002 9894 17203 60487 20256 2799
6980 11
53205 55463 46236 96257 95986 5817 40284 5705 37419 23837 57681
8678 0

1952 9
12985 91043 43701 57365 31511 33240 63474 61733 90973
6340 8
8151 13455 46063 60749 94994 83042 4957 9906
5785 0

5891 0

4749 18
81797 1428 38677 3103 39743 77302 16155 75299 82221 56596 44007 21535 57605 13811 26268 24773 61905 74731
6236 13
95663 46152 72514 26472 74537 37495 85494 49075 71100 89773 67257 89011 6736
2776 0

7736 0

2293 18
98604 43317 56425 8227 61028 34447 73439 89524 45466 9744 66863 61567 88376 25580 86690 37941 26228 68248
645 0

9143 20
49178 60772 25932 45158 48011 85265 88929 13122 91287 57260 52799 66006 96999 88337 40948 67560 69322 42356 96621 54637
907 0

3412 0

9641 18
95066 91498 13853 90634 39752 56583 85065 52231 46240 77591 91071 79482 78078 22138 79147 89827 20495 46820
5971 0

9676 19
93929 92518 68280 43234 70745 14601 24519 24654 14940 52718 16635 94138 96170 89472 33039 86511 39918 23345 8357
6378 12
50575 2759 36286 25257 49726 11653 77298 73365 63749 85709 -1083891236 -1083891025
2350 10
44605 18392 73379 70 79745 92186 31049 20453 60978 36697
3607 0

2585 17
6786 34582 11139 67056 1673 6193 17454 33351 66719 26261 2636 9928 98609 72175 49946 63615 13454
383 0

678 16
85487 33440 94664 84236 17194 47386 14878 8939 68211 31520 36725 47622 8937 76598 98826 5008
4609 0

5525 16
28392 985 25763 3297 53555 93457 9905 2694 75965 60775 37553 72008 77308 51593 64360 91800
5088 11
71975 92961 16112 22085 59896 71470 61135 50196 26890 1326 80317
8890 18
36749 63102 6725 5858 26620 15643 98464 79810 42631 29939 14151 30752 3650 96640 37575 8097 22834 32392
637 16
31175 33750 57881 63248 53337 69260 62392 40066 86656 55018 36630 85689 27172 81280 47643 76965
3101 0

1742 15
14368 94839 17314 33803 31796 57061 84870 56059 80433 41731 94946 49286 55744 58461 -163141792
8482 0

3467 11
56363 90590 36992 89685 4713 48225 78552 8128 7214 -1083765395 -1083765728
1550 14
68279 46278 27391 39689 95024 9830 53781 76247 33528 55633 96794 40400 94711 18735
4367 12
17724 83811 27337 8973 83027 16329 55056 44992 69318 72896 65627 92503
4582 0

6715 0

142 17
23765 27708 52504 70926 25320 72905 41397 44876 69776 29870 -163494176 -163142480 -161081328 62977 -1083834142 -1083833756 54397
682 14
6927 88473 32681 57490 93357 90207 68424 33000 75338 67458 3557 84194 97980 44613
2508 0

5664 0

2427 14
2173 42610 20418 28599 69666 43798 93108 20810 90369 88118 -162193392 -161086224 -162486176 1
3818 18
40684 36133 82884 77664 79850 85029 68854 88240 84791 21513 24980 63719 30574 75954 98521 37897 825 96670
4891 9
4167 95816 81515 68083 38593 45691 28857 4718 23737
5095 14
42635 10740 2442 9341 73565 35594 35743 72588 34202 57603 23429 49580 74182 54888
5272 10
37152 6228 54677 14946 18631 83652 52185 49264 37339 38740
3842 10
10751 59453 27533 56888 78320 17500 74548 77934 12400 -161072656
1181 0

296 9
13112 53679 20885 34006 34131 9523 80421 62489 18247
7987 14
54411 25794 19943 77014 83873 7106 9875 44951 17843 22739 10682 -160127856 -160264160 -162463824
2366 0

1922 0

301 11
80619 32502 27535 59599 79443 97084 12478 51829 61545 84793 32355
2798 0

2265 0

3623 18
51326 56935 2417 54320 53344 75668 18974 13622 50416 89642 23510 74106 67339 -162292576 -162283808 -162333296 12828 28547
3892 19
99035 36386 94948 62900 98800 67317 71082 22403 53692 80893 32622 12462 87941 42265 92764 86775 730 52129 33949
7662 16
27790 81018 97709 47131 28245 53145 92383 93983 58105 -1083755388 -1083755818 54561 79888 82987 51285 45911
2224 0

5094 0

5281 10
29553 10224 86086 53940 33046 22276 14677 30916 5775 3255
1507 0

5393 18
91217 10718 35666 47244 18262 60745 89816 51966 51831 66121 45864 22761 61025 99335 69034 99210 27094 63129
1731 16
95703 43551 45653 49365 62603 9773 68097 88863 6756 26239 40693 26296 4499 84056 44982 76857
5156 9
2718 32131 62996 49531 52173 14426 93074 90351 92323
908 0

3212 14
88095 84954 4550 17702 36599 75898 15474 26592 29924 98398 9199 703 3318 85403
8262 0

9432 10
2249 98418 56335 17858 81542 95835 11634 11793 96975 69921
4014 14
96015 89780 45552 20704 36549 51144 18497 39304 62085 37235 82666 377 22188 2183
5950 15
25452 42850 30523 85222 91878 79797 13810 2055 78148 64882 84196 3008 39675 14756 63389
3459 16
33307 1678 87515 77920 8575 57400 24874 22522 17120 25755 87562 75515 71217 55157 65964 10876
3254 9
16018 67333 7625 31863 73943 31947 9197 91770 36659
9767 0

9305 11
13544 67681 94107 8333 90253 95658 82515 20930 44751 59824 62607
8259 13
58106 97998 50849 5506 94676 88886 38499 10457 22088 3059 39833 40306 17142
5159 18
48536 189 66428 72289 33771 91427 28051 53252 44456 96577 18426 68138 35207 21122 14772 -1083825280 -1083825080 -1083825242
4068 20
72005 57186 46190 73470 64187 19220 53856 53021 24237 75385 93308 25918 48269 79609 46332 72664 92431 77554 79734 9018
5630 12
15318 9807 76596 69505 32621 41158 71499 81208 42676 3638 20951 14840
5847 8
64299 22096 9141 22601 17810 21172 7677 13962
2079 10
82091 87837 87813 3333 10174 9323 47464 49627 13037 60294
9517 16
24720 97001 52964 64422 61144 51558 91100 76115 97254 88018 25943 36928 65632 15419 43901 20360
3074 16
26264 82820 37009 88267 81360 1016 32454 92498 28384 45069 88537 21746 24574 40967 63173 61306
3065 9
27791 36925 88681 61023 9538 13897 57157 57986 78668
2109 12
59548 53017 16081 43212 31327 9177 42324 84424 53156 60640 39183 32541
7534 14
6159 57846 42500 65621 62332 57589 63250 96584 75223 47444 46911 12910 62273 15974
4100 14
51164 35103 29972 61020 73240 18669 80240 68742 18176 44205 87147 74854 2013 20012
2151 16
61360 67340 12005 42867 32336 21836 57231 89199 94655 81858 90935 43102 18408 66458 27306 3674
9013 12
64716 79910 88859 28809 63012 56101 23750 45327 41657 52400 75957 97195
9701 10
65966 27268 25174 1525 1052 31395 15781 2818 68342 91110
7159 14
78410 34573 84649 1623 72887 39578 7829 53138 79578 18427 99647 66644 38087 84160
5458 12
21729 22777 98 75330 29942 80526 54394 76266 98801 -162203280 -162243008 -160149168
8363 10
86460 75160 19297 8218 22066 24495 10067 58215 52197 4338
1269 11
88351 83339 83487 16327 69219 42034 65460 21019 84144 65737 31493
579 7
49017 75165 45252 62224 40520 12219 67171
1846 15
88545 45443 1576 46687 96310 90456 68503 48915 96807 33501 71831 76664 59613 70742 23646
9070 9
1833 95623 26864 50741 34749 28391 18933 34078 95459
2714 11
16027 243 38324 30171 61915 26672 18199 88007 77069 4870 1865
4351 14
39778 19361 62473 29015 12710 91438 46872 11978 63437 74284 87581 79471 16849 38794
6285 13
10892 26159 96251 10521 41241 94245 93151 14578 86520 62169 24073 32485 86974
7594 11
70307 10648 72978 75342 74153 37384 18157 85279 84674 48297 66250
470 14
34110 50532 75916 71140 7128 85789 84614 84978 34263 30681 84652 60568 54586 72655
2317 19
20878 87402 82056 65696 38890 66434 85883 10806 70890 41224 32673 75328 15438 60074 61382 86190 -162250912 -162269568 -160149136
3399 11
28034 35814 10465 74295 82928 40973 31740 64165 36676 37944 48438
486 17
97830 4790 62384 70433 92872 57487 16438 74082 1886 17824 92546 21153 32434 80033 28477 78122 77753
6805 11
8175 5852 63182 87313 12103 12320 4740 21120 83178 49444 72651
1028 17
48004 46773 88525 98360 77170 4225 92049 44539 60552 6622 2582 19794 64097 79024 7468 15258 90196
5836 11
74107 21366 99548 60268 93283 64724 4677 47206 29522 69869 16605
5016 12
20560 18744 22775 23219 88305 14204 84141 99707 29307 65166 11671 84538
4383 11
3660 88191 37770 64548 92898 51153 49762 21265 40441 14272 79012
4742 10
56443 71519 93082 96223 13207 10573 19146 1743 31598 40125
6367 17
8507 89772 95063 18716 68008 74113 41361 7512 51554 12701 4513 55679 51998 59315 55688 46085 4138
4661 12
72713 21867 81257 81821 13396 84872 42756 10589 97597 429 3276 51616
7039 16
77918 35573 42126 42519 36815 98041 27978 83474 50114 77076 85555 72967 70713 76407 20064 27899
3418 18
19757 8222 92780 21134 78891 98243 4314 39322 12207 65342 67750 37794 96870 28143 48325 3908 78080 8887
1516 11
74133 89052 28928 25096 6026 65931 21851 68551 75545 54631 96431
2047 11
31450 16869 65400 85450 16253 81296 28650 75276 7932 37522 956
9643 10
80901 63647 77608 9887 10389 7922 74217 38126 52650 41542
5427 18
25335 48764 78939 92912 33340 16191 60495 95337 75811 28677 70834 13678 96387 -162434304 -161072224 -160428944 2817 -1083892003
8186 16
4106 66406 20166 54686 80745 38853 75246 45298 66450 25115 16017 1852 37120 43582 41233 55811
3109 12
1094 84480 70931 93747 52392 90908 50905 77712 71798 56405 36065 9504
8328 9
86907 3549 46690 17414 8882 9753 74458 76330 45149
1037 16
91667 59078 46511 11076 89697 59650 90410 17608 67113 97148 90382 23309 61415 86998 83452 48218
4914 9
156 72650 51134 26633 98086 16410 65108 89836 64661
6536 19
91558 42673 66779 35677 32258 19140 39187 13986 63845 24902 87480 87706 98272 81653 92269 47501 59764 20365 8519
6433 20
10557 39715 5910 93327 5961 50867 95832 43014 96290 20039 -160128272 -162254960 -161240448 -1083890944 -1083889546 -1083890266 14808 69880 7058 83541
2214 18
71149 6515 5449 64376 37980 69006 25274 21223 59437 45646 36172 59288 88742 94368 69665 75024 51556 80580
3859 11
13583 30049 53180 67860 90034 40901 67990 61686 22248 50188 51337
8174 13
61041 77403 52739 13926 1372 609 96761 70808 86736 17294 25361 89563 70524
2470 14
1465 55965 63724 17111 84926 1537 76510 90674 41697 39710 -162199824 -162198128 -160137712 -1083768064
2467 8
70304 27827 85154 61611 55542 59639 31267 18572
427 17
40282 97772 44066 77837 50193 75089 99282 92463 98000 77656 43303 80044 -1083961437 -1083964643 -1083963507 -1083939194 -1083959627
9463 11
43157 30440 12448 71472 42681 21219 20179 33674 29093 5247 4551
5465 7
96489 71758 98642 35703 32846 15842 61574
6899 12
95073 51050 94621 10095 83721 85338 7382 66671 56318 85529 36977 66595
5050 10
82370 99354 87247 41597 35893 34949 39820 81078 74916 34350
9060 8
17460 91847 85768 78524 58438 32288 49125 30539
1565 16
60497 21345 94823 61342 97056 85015 29635 71487 32549 91398 82383 19907 52008 72597 5130 4065
8033 18
2919 8024 90525 38348 44501 88568 29245 46948 55854 41502 99271 73056 64948 85106 26887 68909 87991 6014
9208 19
34691 60684 23102 83127 68199 76851 91296 39015 497 88985 28476 -1083885738 -1083886158 14916 74960 75238 97853 6235 64189
6197 11
25916 60903 442 25315 6879 63095 16497 4942 25777 37074 -162216416
3580 11
54485 26308 68291 74033 43312 88651 94672 12403 58325 29107 47553
7254 14
52026 51035 57522 28004 43247 77930 74818 63468 83177 41589 45426 93710 98484 -162356224
1064 10
63948 30403 51195 58305 25526 519 43738 68709 3696 27147
1500 14
65605 28932 42562 14209 43054 8147 19342 14421 68817 88956 9293 40574 75446 1566
2365 15
34759 88611 90331 86580 11106 92877 711 97762 58568 59144 65862 82901 -161384560 -162259600 -161180720
3415 8
74564 55114 76940 51104 11174 9039 61919 5836
7312 16
50617 49967 62565 44421 24747 12490 61924 94242 12197 88202 28791 58254 39265 61897 33892 27440
5109 12
25680 4675 4518 25417 67949 17428 76245 54197 75684 67954 15093 9836
440 14
97381 22116 75875 72845 65068 51407 17196 14865 81887 22669 22051 52863 29751 90229
1963 12
36219 41579 47421 53039 77314 41118 85379 65636 60410 41207 70641 6107
5830 13
60649 78489 23539 13259 72476 72903 38494 66515 78890 31295 24291 6634 69900
6143 10
85209 7701 31317 24134 92125 9630 30869 80557 5386 99616
3331 9
69768 96228 65361 47058 33693 10894 37966 22790 34050
4681 13
76932 13242 5920 8956 9211 26436 20058 74041 72529 50545 35887 36866 25106
604 14
53894 29140 79703 58896 46407 32057 80612 76134 18628 99172 76575 19444 16250 97532
445 10
27036 24640 90346 86612 92413 64459 24482 59344 35349 2014
559 15
7190 36910 70353 45994 87584 3448 50412 84609 9269 19849 56575 5788 47217 -1083962690 -161066032
6717 19
36096 18367 33661 74352 14982 2492 95454 41992 83653 32544 68371 87993 18904 26392 40088 25539 52310 28162 62589
6484 15
73073 64720 22878 37335 6410 39787 66040 91647 53319 70009 3922 26862 5028 86189 87186
5831 9
17638 93820 25105 81700 15833 96040 84279 40620 76554
6470 16
52430 20950 95501 50052 35795 18006 97803 64147 52709 81962 1076 22269 90831 1969 97384 55265
2675 8
61797 82203 76632 75092 50380 27564 928 87522
9625 19
80192 42253 90557 98953 66867 21114 26530 65021 1025 27580 20165 88406 70586 726 85706 92473 92817 79921 8118
1139 11
20382 63126 46215 51672 1884 41635 13159 33173 24234 59678 80578
5451 10
24619 97843 43091 96027 11394 84604 84441 98744 66624 79931
4490 15
58202 71337 81386 16060 83630 62514 77937 95526 94608 49258 73041 39788 88257 73008 6041
548 14
84013 4373 52961 54149 47559 71669 87751 95358 32263 30740 74869 28077 87470 53466
1176 10
17553 92171 91262 91541 58895 35942 46632 57842 84570 38649
3941 10
35672 22286 84220 45541 41179 85941 83562 67271 16478 82345
3473 9
28388 97635 16736 89557 69252 29757 56850 87775 2789
1842 9
27023 81506 8019 20617 86868 40130 92422 24906 64327
2515 13
50821 62625 78082 90178 54834 72239 69729 97474 32708 1214 13658 95201 6699
5956 9
61150 73217 33959 57377 66314 81811 92215 83263 93419
6739 11
78605 32314 60521 54695 56487 32677 22177 12013 50698 24634 36268
237 12
48154 91842 88352 73477 67478 86725 31849 80910 82791 7343 12804 95786
1661 10
24511 85544 148 38934 31834 63329 54200 11558 99581 61243
465 12
32334 36875 4418 11588 22169 666 54490 30843 39961 1139 5493 43640
8632 10
12150 56100 77491 84600 57931 15455 4011 14281 43668 67844
283 11
97389 20758 89784 37540 66568 17747 17523 97229 48462 80348 2751
5030 15
36814 35724 8186 66633 1763 82133 53718 90423 10444 57136 30735 36144 52071 42899 98456
1398 18
71515 68616 71375 53546 99371 76576 19404 62751 103 -1083956501 -1083956787 88850 46499 42570 37710 62166 16941 40221
1826 15
83330 21922 66497 18765 64048 26070 38060 79766 20399 17481 62632 83776 21512 5968 83483
9350 9
21805 86116 73452 12312 85579 35891 73293 97322 71105
9163 17
54751 17015 18853 34883 61298 9077 1486 35283 99903 57111 -163153104 4352 -160054496 -163109936 -163130992 46336 64792
4246 9
79660 9858 23821 21451 8708 4405 84822 66005 44035
6370 10
33734 88380 46583 427 32239 37690 34253 18097 91160 32566
3461 14
64719 45251 52546 63594 86615 83545 53146 75743 24671 80802 66513 57471 58934 78432
3962 17
57824 83948 25172 74529 62747 80896 20353 72827 20584 84159 97899 65945 28302 14942 7361 75830 70185
6346 19
67514 84554 86457 10844 33365 53784 80243 30385 31839 86061 39747 18066 22234 76577 11167 92034 30942 25930 2731
201 14
22782 41939 45238 55418 16015 71506 97865 59402 37292 10122 9003 -162195456 51968 -1083834252
3022 12
38872 59416 25983 90683 3416 6448 14072 61920 88733 30140 79857 9564
8965 15
91862 16050 99886 13636 20994 81920 9911 7337 3308 -162199952 -161063104 -162256672 17153 -1083888022 -1083887512
5475 10
99610 45774 19059 60277 61387 50627 58240 80711 97530 78436
1394 11
1096 11683 81438 66090 54932 77041 94512 15018 15424 31292 5295
9193 10
57728 53114 21708 1468 71885 75042 62307 73559 29690 66783
7144 18
14823 49510 37322 5314 5652 10946 33668 24144 31277 1796 15389 2316 -1083759096 -1083759525 14558 43691 35387 19387
8255 12
49042 94380 7886 26522 2022 2880 35282 77426 52136 79527 98629 19779
5175 16
34740 886 70139 29872 12890 62499 81030 74994 51604 31419 57263 6659 15654 52462 81290 86390
4933 18
20954 94648 26933 67725 92209 14509 23819 26349 8786 23748 93439 79794 84850 20475 12876 17651 79686 38428
2941 14
26702 48683 74413 4640 83131 84005 93261 39396 23637 33092 99409 66681 88228 87413
5267 16
75161 92067 83759 29287 71531 33916 16034 41858 63954 96472 73352 73395 20378 9625 20814 86193
7468 13
37412 6968 82111 71658 85876 33073 26244 44624 96293 13598 67830 -1083756987 -1083757299
5712 10
79116 5529 44794 38714 32655 23199 57198 26306 40041 59987
1481 13
74501 57324 89739 6691 74128 42698 23414 3516 69948 33411 18457 80569 18694
3921 15
76490 43430 60181 45079 1420 43480 61771 15053 14659 63852 89556 89729 54401 86890 74507
1924 13
96748 21520 84775 51494 83603 14053 97887 18224 25447 93873 -162241952 12288 28272
5282 11
80965 89398 29560 10608 1157 24977 17716 32451 53797 38026 8636
576 9
27135 96841 61498 58222 39389 35371 16664 68442 22253
8657 11
413 68039 54973 63005 34330 31294 2549 -162204512 -1083890175 96840 16511
6153 15
3584 42225 66858 74845 99823 66107 84343 75433 26120 69519 51064 16235 72700 21525 60960
9671 13
32937 76265 18246 12328 55891 78821 68750 77785 92380 27758 90304 47411 -161274032
8309 11
98974 57734 30968 42085 70486 38327 79288 32245 66856 46184 87002
3190 10
77446 22820 44637 87931 69330 89532 58233 81909 66225 34229
5895 14
24176 39803 59011 11231 26288 48597 70738 98518 10235 32811 9376 76260 41462 18396
9850 16
38706 48557 40658 94545 37533 47762 51073 334 49905 -162197264 -160114288 -160142912 3841 -161072592 -161098032 -161476016
6830 15
72561 14016 32399 71662 32837 54113 30528 85319 25155 41918 7267 64853 18500 63498 34782
5340 15
32801 13309 24410 11811 79681 77868 44919 36370 39074 20765 82085 3998 80209 38845 72287
9250 11
64333 91350 85035 44363 81473 22362 56990 26902 40283 47229 50572
3234 11
23146 68210 33474 83097 93421 7000 33830 22305 63563 16414 82700
553 13
85293 24031 41198 4588 94079 17475 92964 68602 11263 86338 47859 14976 -162232608
9836 9
15151 78858 64956 79991 32683 72558 92220 84746 85288
4472 9
11639 22 68847 35070 77229 24982 44076 74212 96709
1630 11
4576 44063 74771 30501 82512 36035 85785 20363 14764 -163110224 2048
3080 18
81404 69934 20809 17256 74341 87054 3671 64673 78611 40481 6733 31977 54164 1883 89115 16118 16491 86973
4160 10
82157 57938 55481 97538 45332 97979 49384 87595 2923 33134
2743 15
26435 5732 5936 89395 36887 8141 21263 57184 31334 23235 27303 76984 3770 80671 81872
6057 18
16604 23430 30803 98002 72172 92341 58911 67348 -1083943810 -1083943965 23084 89001 83510 47617 44284 56058 82137 65019
6931 14
41818 57961 90877 87390 4312 68001 48385 93251 85003 42516 18835 60052 65683 93763
6291 17
40227 31284 39249 83867 8733 76614 11669 43146 86420 41526 25589 61369 74083 52924 53075 33797 20581
8410 13
7464 36434 8778 14333 41204 43529 59705 19851 57785 8529 20924 14717 97218
270 13
97247 97589 33876 83779 89072 20521 95657 53802 73124 33538 53449 97706 7376
1900 18
2202 63098 78736 84127 92978 79683 95164 85919 39581 74098 44343 71537 23406 16673 50534 37072 5857 8321
7755 18
54764 8084 55723 41405 33371 19806 60014 64581 8982 36466 10059 8870 92308 18673 46054 21125 96111 21862
5640 15
9164 61560 72413 22465 99638 23579 466 32527 63281 32475 20267 60344 93260 94043 35781
3162 16
45853 37771 57718 15787 7200 44136 38786 94050 36009 56030 48889 90027 92112 40323 50177 46635
6537 16
47626 33790 17495 34347 49660 16189 31147 89357 93851 62561 7268 41959 25184 24622 39169 36097
4030 10
79414 86330 77577 16822 79646 40679 29839 91076 75412 21863
1778 15
8363 18335 44766 51003 18685 68698 57572 7926 71627 14180 97633 -1083953230 -1083953697 32857 35379
6179 15
28605 30428 21339 9572 86007 3457 45439 23087 24006 40613 52398 63008 70967 9863 20439
620 19
33339 31142 90128 75530 69387 52399 53525 11351 51771 30153 76139 63067 10717 27378 51858 17004 78846 -1083961799 -1083962094
2960 9
34976 12111 55584 43250 87793 81236 86783 45342 50442
8563 12
75952 35700 94874 55323 52295 43239 67599 34045 63806 48599 75383 74839
3740 17
77835 63558 58495 96736 46351 16097 27039 89604 66815 58097 54151 40681 68795 37086 28429 70126 74579
6752 11
79282 79713 10413 4730 9358 30365 2912 39855 1898 -161105264 -160146240
3199 15
31616 50556 55105 30461 88395 52228 2875 68187 34905 47618 3801 50356 66972 89241 6176
3970 12
1978 58686 88203 84154 55513 2949 90280 55053 80384 32750 37441 3427
4273 11
67891 50238 19273 13573 9899 7493 42295 67823 55802 25865 73157
6529 11
89299 76650 30945 82118 18104 58745 18120 99057 86200 77669 86020
8417 13
15806 34207 5554 54051 95160 48496 29388 59672 90421 91406 52090 52851 68833
840 15
7307 56240 4366 40919 31436 80058 27925 49731 15538 13123 80803 12625 24554 11608 36179
4830 13
90407 2082 65869 44469 43359 19407 52179 90737 12587 50014 47652 57205 38252
6992 16
36392 11808 41507 76198 18627 78207 57291 19916 93173 65452 19422 22059 38949 83743 44973 22087
3987 16
74591 1696 9082 95453 67400 22648 83090 10272 86824 75163 84063 43217 70107 84458 99483 31013
4676 8
11921 19836 52453 48092 44846 32880 59718 12589
8933 11
89813 72257 83958 15618 88991 13688 28327 13356 12602 80083 55138
3997 17
17696 58924 95705 19091 61833 51323 59100 91338 77846 96706 5721 80548 6561 27923 12310 94913 54108
825 10
96894 9758 72211 62630 44047 35649 16387 19761 49609 69306
4696 9
12829 54663 34933 99763 83870 22119 71248 13021 51178
2816 10
10524 22929 45160 73720 28229 14992 98923 81484 55708 1099
