197
7368 10
56298 83691 14375 91433 40763 15296 10925 11093 18208 67270
8917 14
32911 3456 38007 42526 18745 65614 10177 14901 40941 61097 22365 60134 39083 6604
9566 10
52477 57624 65721 48216 76358 44518 60741 85657 3302 41865
3938 12
83826 75092 43547 68684 20791 92820 70893 38662 16110 59885 37595 12180
2380 12
11146 42369 37395 29106 12664 65802 90457 11550 83028 6118 96137 75099
5002 12
23352 31469 26815 79017 56284 79583 4951 10707 62072 18834 62394 74901
2863 10
58684 99870 11046 70638 855 51663 30562 95997 19056 72313
4705 17
37941 9691 19051 51664 92431 71928 26982 33664 24661 95102 66365 29112 15961 28939 58350 46654 27498
7305 10
23444 89141 17735 27769 569 31000 71052 41276 16103 80227
4871 20
920 12492 79041 29616 52743 42134 10014 2030 11543 55914 58146 68337 17652 50357 83073 98377 18945 17164 66996 72701
1004 12
87426 7509 2399 71234 62479 24346 19231 71759 40950 77426 99535 70011
3548 11
40089 7620 43615 85798 98495 18494 15037 49240 69461 72581 62046
6897 19
56907 95402 83304 28038 71074 14860 10856 3932 87937 54263 6564 43423 14925 48793 75602 16476 73295 54084 37550
7175 12
66907 75263 28784 39305 23413 28230 17709 96386 68888 4082 14897 55577
1351 11
89302 21165 47154 31055 36187 28930 19843 91501 59813 2942 36129
8696 20
35619 45104 44776 86267 17085 89554 3876 87902 38304 24855 77630 82092 78115 2284 82577 94634 66416 42488 5076 65791
4193 12
82470 16068 8596 51587 29869 52011 58278 97482 99564 34675 49397 24403
2882 12
16292 6626 34082 78934 24478 34255 48828 54090 7897 83698 130 65860
7819 20
47416 71839 45905 88097 42215 89224 58796 8183 21414 86747 20549 60221 53006 39170 32704 86604 1367 37514 85469 58040
2346 11
90784 3616 22001 38852 62638 23022 5214 75265 33916 90132 2355
198 13
36870 79943 3333 11316 19029 46140 9872 42091 40934 37953 86139 64023 38878
115 10
76397 58775 15264 96238 44635 99249 50746 55235 5443 60419
661 20
48941 87312 32402 83190 46618 77606 50977 25973 15297 26557 49350 31489 55860 41272 44823 15973 86001 9112 5110 66405
8178 10
9401 81080 40436 45833 4923 53621 40020 50605 50677 96730
8738 17
34438 20614 68221 1081 46844 42857 89237 2052 92795 33701 88550 485 69069 47390 10840 36519 41936
7989 15
22925 80808 6800 31099 46874 12877 34694 46347 25304 39418 86559 92114 95793 33147 4181
9772 16
45682 10161 77264 41179 10639 18994 71956 39849 1331 12919 34725 70656 95372 90925 20394 63725
587 12
95174 14665 73207 55872 43069 53810 56129 5159 79343 80208 89899 9451
2469 10
60170 1645 27590 87765 57522 9735 97430 44522 67973 87022
1634 15
75776 5282 2981 36241 90605 69902 34392 18305 15323 87092 24468 48779 774 57740 42058
479 13
65438 31568 15780 13011 90023 95650 70053 77731 9176 95716 4191 98692 15992
1023 14
9084 94739 10828 85591 97098 27354 97587 89160 61112 55186 83452 99039 43370 30515
9092 14
27133 70866 56179 39395 52279 14736 59636 33002 43902 83350 4727 61446 50047 14305
2415 15
17257 74055 95638 94287 27490 83554 4557 80257 17962 42484 53402 36089 45738 86608 46548
5107 10
26124 16207 99782 91670 89436 71935 42282 90546 25261 74495
5020 12
72364 56306 61717 28296 24078 84053 23908 97385 71679 34753 70976 11335
141 10
61373 37098 52135 42032 33554 84401 11061 1616 27534 21027
18 14
52395 75224 35169 98878 80302 64396 52255 56601 55842 73308 69057 29586 74997 74125
8279 11
63029 73237 11213 96414 98543 32039 43322 79437 63624 82502 24737
2904 10
19713 55723 27446 60058 54135 43181 31835 94923 42921 91335
1949 20
24096 18968 82966 71256 98832 52845 2883 63589 5658 7767 96757 99572 99686 77607 75188 21318 29512 46254 41367 1416
6054 10
4824 58795 69265 4114 19734 63110 15284 56202 52082 61539
8758 17
13373 66675 45583 57507 17985 77120 18403 74958 51760 95727 5445 88026 60299 49244 24925 68057 36492
650 14
88226 4701 26135 68353 59551 78483 50898 68345 60100 18275 44740 61008 33694 78383
7327 17
97546 91198 10089 2444 91892 66385 50738 80916 62968 5377 72011 85856 7209 89861 69788 23059 56397
4059 10
95569 62569 88056 12229 19054 3166 23918 50230 86716 36425
4460 17
76084 82131 56836 43208 51201 95798 36327 54694 35789 42973 12804 69675 21702 98425 25169 8319 96436
9918 10
63551 71772 47523 14457 27484 83949 61821 79933 49584 31825
6241 18
40462 36531 42960 25240 54471 21600 74814 40351 66575 48146 12416 61451 13562 66639 98014 31889 86442 88617
177 18
56212 95196 74013 35086 79625 32108 58466 68856 24856 38787 859 58838 63728 41033 86060 56541 45612 722
3612 10
12164 75570 74097 94125 16598 22854 26970 15834 60652 25134
5134 14
91032 93992 97031 41345 78271 73307 68890 41570 6727 98153 79664 97582 10421 62796
4893 12
28005 30989 75560 30105 93129 56984 77511 45773 96674 37160 4774 29853
8449 14
14558 20646 45138 28274 80146 39740 8130 1067 63841 79160 6551 88496 150 18333
1864 12
30623 34568 78112 46864 18625 94551 54703 96511 52248 22717 43957 33943
6063 20
54575 67622 67848 78200 9552 95598 41516 96428 79788 1266 85987 48962 51504 36058 66962 28199 5828 91877 9218 50947
8226 17
55921 97687 63151 39877 1389 80110 32452 94548 39729 67199 23282 89734 64000 62583 32778 42020 1636
6313 12
93797 31659 43265 78987 82829 28797 67578 11942 40845 71033 55835 87162
4924 18
92541 59614 93078 48782 56151 13354 87012 66749 44645 21951 44115 66609 99110 59889 33792 71417 66797 6532
399 12
5704 5660 36203 59660 55849 58319 86560 72616 44405 92949 16700 83483
2890 11
60955 55383 53382 58072 64427 8520 58129 58257 87869 4120 59460
5348 19
2519 30289 22038 37958 21795 43951 27669 16521 30371 60666 44592 63951 6144 42335 75228 92159 70428 9820 44219
5724 19
83428 63547 24578 72830 21401 8025 43701 12844 3319 16663 13122 89956 53478 4331 91251 9003 93722 19536 64761
5569 13
64850 34230 84254 59384 3796 62797 42224 9565 17805 83966 1429 54440 49204
3794 11
61049 77809 73939 2033 59590 20429 67482 64506 75484 90603 9590
8728 19
71936 35203 33260 69082 65433 50050 87702 32405 56671 10134 74374 73194 74978 35881 72584 47730 18116 81479 15654
9829 18
56041 83501 86822 88487 64120 77453 20136 75869 3990 21391 97558 32779 67231 1070 11205 47315 51779 70861
555 17
28172 79265 57518 37310 22635 29340 29929 67932 11256 35007 81758 83947 13054 26049 52206 52560 47424
1195 13
9331 14934 67451 34 58034 12925 16525 81708 60713 65784 61163 99673 79555
1356 20
83283 52190 15920 73445 49706 77787 89796 40507 56979 61543 74453 1718 98328 70779 66975 63860 57786 7850 74656 13975
5707 18
77110 55450 94206 85162 73003 64178 76052 46879 82908 45800 24447 88993 1421 29307 52522 69918 49598 10591
92 10
73669 87154 33545 20672 9131 37274 57354 42710 23932 76538
2440 12
36019 32503 17250 95621 29022 52280 48961 273 51054 38466 44569 95859
2652 17
63502 48851 9734 65446 65701 65834 15734 46407 67212 89908 63606 81516 91425 44178 31093 76209 22805
4319 12
92950 88250 64662 24612 49885 83203 61789 67521 5288 28815 31577 7365
5390 20
1629 26973 91957 41659 46059 96555 76674 98409 37734 9937 80485 5053 65140 61675 83944 32506 75021 41223 6763 41258
752 17
30917 12133 28446 16350 55619 93744 18064 61302 70551 31700 72792 39254 94303 81483 26416 43031 91548
5023 19
71227 57179 42712 75447 32205 66078 8667 54788 85676 13803 72850 31201 82184 73933 50887 5825 90649 87136 44869
2942 15
98932 81564 73004 90045 69898 19722 39100 23015 82493 25245 86813 6497 62440 54930 5417
3428 19
612 47401 28439 69864 36727 51354 44929 88298 49856 49358 71379 56796 53296 25787 94797 87468 63123 39161 61709
7445 10
54006 15917 34472 19351 80365 80625 85554 84320 15716 33977
322 13
37233 86071 22915 26229 52127 65870 72500 6746 11553 24630 98762 96607 47789
794 10
74291 19230 26937 19564 94453 81411 19740 14396 9991 64596
8617 14
27336 12078 70208 80572 65001 89450 56222 27070 53656 58113 96366 24555 73616 62826
667 15
6535 49708 28636 42870 65505 84084 1529 37390 6330 92353 76211 6328 4430 42355 85898
2044 20
29958 39554 69029 71861 27066 89068 25945 63471 64546 92294 79761 7230 69976 59429 90947 34336 2766 73699 63723 84863
2786 13
15562 29626 88803 99560 10714 7537 53376 38790 72419 55427 25368 27246 34993
7281 18
4425 53518 35664 83800 8971 33026 20628 12771 39968 64213 88047 87511 27077 15340 74003 3009 92440 26693
5510 14
66083 80974 15448 35068 45455 23029 61620 49426 63147 67104 69642 78494 77436 64469
2541 17
96147 57554 79040 25662 73929 12444 32094 41831 12038 54239 98796 43459 29965 19302 59039 14967 5197
6997 16
89931 98688 78792 5905 19589 40161 29304 15745 17992 87668 28159 789 87233 72751 15852 66150
3546 9
83879 46983 76616 55898 55536 84271 46114 29226 46370
8149 10
16863 79950 87508 71560 59349 39297 11281 46288 42728 88199
7344 17
77416 66432 90169 12714 8712 77088 22816 26817 10626 61206 3380 91488 48724 46076 36586 81481 65945
1996 12
30382 63868 73587 26562 15683 24317 69113 33775 67027 34632 40074 83088
1109 10
29735 70282 78813 65141 25962 74628 83089 14698 61713 38329
4563 15
4685 90525 60440 77153 89260 9803 34839 77888 72835 57610 13028 33076 98262 23443 50753
7358 20
8226 6016 41726 81897 46729 65508 65619 36550 63957 45114 59605 34271 81543 47834 46203 30585 67570 34122 51487 88944
6939 12
51405 22972 62718 51249 36094 35146 3723 99366 84569 87628 31143 84101
4074 20
2184 22232 75565 60749 95481 92803 66165 33235 7282 15039 47160 87003 95431 39999 40629 87243 71391 99133 31062 87114
9255 14
80757 17705 54473 12490 14871 40739 1875 29485 19731 33025 69499 87929 10121 82545
4330 11
96715 71274 72368 96206 60050 2290 80442 97836 87042 6287 52496
1960 10
15752 64186 67313 63258 35270 71320 30379 90691 79988 13869
7709 19
99195 24499 28069 69407 9816 71892 58854 6194 78733 23021 56021 67654 91415 53259 88615 70512 80735 37972 17174
1229 14
79616 90096 42863 89893 69387 11794 11142 52749 50904 8896 76472 60936 79141 63469
6871 20
40071 599 47629 87851 67662 31515 12282 59306 42836 75548 36149 80127 74615 74736 16615 59246 66013 21581 39044 13601
1777 13
18594 13881 96529 65113 45429 12658 77184 12267 93435 89216 43822 45486 90073
7104 18
6640 86511 88759 92978 52594 14464 11303 87687 54403 2984 50761 80549 31313 13281 61556 72320 71194 26014
7881 12
30489 8436 94115 69356 47235 30549 40758 27882 50018 12040 95013 29647
3981 14
34633 47001 29189 15513 11556 21890 16378 53195 24824 8408 29157 4900 51948 28564
4037 15
14868 98773 10238 57868 36940 47427 81436 84441 54646 25943 37484 15345 90516 79528 56820
7511 14
16503 31358 7833 33910 61640 75046 76480 59683 60278 56141 8434 86698 71537 77109
7630 15
2334 70287 37838 23548 58172 82939 86198 64382 60555 92006 1471 79061 20506 7311 47513
5857 16
6504 40680 22716 72811 85184 94779 99699 7444 67607 86694 44471 65193 25390 58643 76320 32808
6550 19
94970 97138 10051 35700 31067 49892 65313 11530 97857 7958 93066 63103 12759 33058 80912 57286 85050 57527 16395
4386 20
55589 76411 81146 63486 27770 25605 55159 51559 8144 74910 53983 20278 58984 1441 41768 41057 51286 70149 2757 50686
414 19
58203 57632 134 4391 35170 30257 13209 3857 11876 12491 43849 47195 82540 55000 67594 72431 78367 75477 61099
6953 16
4460 44169 71259 13413 40597 2391 45821 54548 6931 67642 46259 29728 66523 84887 52169 46501
6618 11
78488 45396 23316 96378 25153 5349 30485 54774 69228 43613 30986
5388 10
2510 31625 29262 22454 56049 48235 16596 47577 68884 6239
1029 10
2582 19794 64097 79024 7468 15258 90196 25966 52505 55391
3944 10
31866 21773 39648 64848 31687 72868 71849 20268 340 45395
3631 12
66266 86143 59251 30548 40965 90539 34949 12851 11774 22869 64207 67343
2738 10
60345 90672 99070 51020 79375 85669 11467 29926 80013 87867
9027 14
80014 57018 65839 672 33279 66363 7339 7881 32154 87363 96865 58873 65327 16771
2138 12
5474 20154 37049 4045 49068 59919 59528 76670 1663 43595 15015 25805
1642 12
60376 28992 27676 39035 40340 3529 44640 60189 90029 33251 32091 80174
9616 11
86840 1692 17570 99815 1364 75156 7556 16417 41559 78190 26504
7075 17
99835 92121 86304 80133 37195 2387 66289 27107 91201 71055 29624 88983 17920 52111 92755 69741 753
7658 13
8891 20970 40645 25826 48988 6353 16453 55638 62112 25900 47815 31242 82620
6229 10
76302 75827 28422 81657 24198 14751 61540 8106 10817 17584
2144 12
7776 62673 39234 65933 40437 18220 2623 37470 36485 59023 83373 8888
7193 18
57697 88975 59092 69087 45085 92266 69289 71752 85721 21857 59466 87526 81187 84847 82055 28134 39397 53826
4395 19
66605 93942 77725 91034 9978 90725 91851 84928 93784 48010 82899 80554 14023 68609 78663 12772 69050 97933 19596
8128 11
27904 98960 25117 78649 19960 19901 260 53094 95115 6491 2429
1161 11
41509 24904 17614 57095 31630 50715 45754 83258 35684 47289 6615
9960 11
54985 19578 87648 72481 10159 62212 81485 72726 6102 51956 64334
3507 10
1983 45935 78255 90321 39656 49256 12840 28944 55491 38983
8981 10
73258 36381 15079 52999 53912 87611 11981 89217 68881 92873
6597 10
92021 53302 15458 7440 65480 88275 36057 61254 3198 97363
906 11
60103 51287 44052 11604 24241 36627 87150 2770 75208 73612 46263
1711 10
77518 15318 22263 27128 86544 81455 87749 45685 15797 67380
3025 15
89152 795 16177 78860 23992 75910 39219 13068 78581 12837 25569 2813 33754 62511 14804
7025 11
10805 52644 5509 19809 18708 19506 81812 76817 98482 33186 52788
8314 12
56962 8642 63791 26183 3608 2974 49592 15104 41770 68776 41045 13404
6900 15
70957 61143 95188 26881 90465 40778 31425 33507 30226 17678 49873 65779 9796 56122 84837
657 10
39742 7188 35060 62073 18766 28948 27863 42847 83887 56560
8628 15
92518 10086 58598 90841 31738 19720 47784 78777 44180 72673 70325 25297 63623 15373 34688
8893 12
17105 66601 1543 83218 53488 38000 90842 41848 49793 40824 94973 3751
1985 20
21711 53075 17474 61947 55034 21684 79703 44967 75766 36762 12654 85728 46771 50199 52897 15175 71188 21898 72046 77460
2754 16
98693 4700 71756 52108 65435 63882 64367 86571 64840 60594 64036 51675 69218 81834 65303 35310
3953 17
78057 66720 51407 54495 88667 95826 11603 32155 95955 64015 64680 38261 15550 80813 28280 19290 8169
9847 20
40102 53569 49572 25360 83320 76930 96190 11764 81346 98774 83562 67470 90236 51583 34886 42249 31148 86436 37905 85170
8887 18
19827 12560 89506 96383 42539 41297 74971 45450 67211 80223 73556 63045 69321 26988 19482 50060 87881 6956
349 20
83215 64201 17897 92378 45706 49971 10212 55168 56492 71808 20469 87536 18167 97265 93253 39545 59352 73350 99807 34171
1024 11
32114 24268 22368 4972 52032 38759 61721 82442 58408 68426 20277
1967 14
43927 40905 58156 8369 33135 86026 92869 43534 5236 44470 26335 73638 40595 82135
1617 15
77589 93865 59984 29324 3912 28758 2333 90550 29606 91605 26184 19774 91056 47934 70432
5064 15
58186 1436 904 23729 76181 45071 36767 31266 55912 84578 92927 43448 51920 57941 65751
7179 18
58721 36250 2258 68807 46987 41750 35544 38619 22200 37668 45570 53577 47013 95940 22705 64217 59713 41291
4847 14
43682 86820 85766 16173 11089 15764 39814 43770 18218 28196 2851 78893 49101 81475
9077 11
19144 19468 25597 97153 46321 44704 8165 27174 32335 33616 74177
3483 19
90279 42098 11010 87119 51336 82304 72828 94901 909 87024 94004 37523 30642 18848 91934 88637 38455 69536 1098
7096 12
14081 74848 51471 7263 56709 98137 59961 70558 21657 37822 74167 11788
9447 20
38493 70663 38593 673 76262 410 89681 38320 34612 76725 33653 90735 98621 61857 42871 20351 83518 38150 14339 63821
9752 9
97353 51247 3775 5944 43989 27738 55576 19038 7306
5890 13
45170 21303 87132 51014 54564 2906 38068 86418 6903 59698 74252 21789 60359
3854 18
2245 69562 45850 6534 36681 23466 80787 84046 23882 76913 94929 20817 92790 32246 28893 28622 27739 34562
917 10
97211 85545 29121 38274 99771 3449 59516 44084 33126 60729
6253 18
51545 10342 66108 98355 77863 34810 71436 81202 51490 43797 83025 25956 9713 56995 98882 51496 1822 96307
8056 13
31110 63827 35890 3561 75487 45770 24457 19817 87430 34361 17128 96476 28167
5771 18
86501 33122 1209 24242 99914 72219 64988 59863 66534 3612 93974 75809 79899 54432 93188 49265 33987 61655
2276 15
16594 88880 49600 40974 53887 39529 60061 28198 83080 75298 80809 50057 59168 43859 22235
3919 11
90734 1184 21917 40245 66590 94347 4461 89941 15819 56056 69802
9053 16
40703 71014 5886 1638 87880 16455 62941 99762 85879 60614 5280 47051 76721 89802 55265 22199
8384 20
29310 76168 27699 71023 79781 90223 84313 24067 67329 15212 84933 67804 45614 54344 4986 37923 69826 34713 81966 89482
8422 11
49918 27526 65703 70695 73609 1290 62578 17780 32319 71702 27225
4758 19
41803 61417 26076 4552 94218 63986 71749 2686 74497 91216 47525 54287 2051 92408 33654 24709 23928 99010 84347
6006 13
70357 1566 60527 44847 24682 82593 47446 84040 80012 86144 22513 91153 8714
81 12
40496 50496 46586 31915 36541 62136 50891 83633 84897 10508 13133 44840
5805 12
750 60441 10948 44922 26733 42579 11382 89107 38167 17515 42416 17082
6673 9
73418 34572 76296 23796 50888 65766 30070 51168 54187
3932 14
35609 76902 56522 59960 50601 80363 64017 70752 82149 49927 29211 2929 77422 40438
4083 11
52309 50999 1959 71983 16089 17715 23437 67135 43990 92141 3262
8124 18
24203 92010 91445 60124 17381 43674 16017 73964 63901 96909 47515 64953 77569 20796 74777 9262 69653 93906
4979 15
55331 34099 5945 52596 9990 18678 82888 57151 68539 69293 77280 17766 52458 98510 37300
2161 12
85231 60933 8541 77726 35535 42313 79403 33316 54735 11177 27813 29731
9948 13
4624 24599 90758 23869 74943 15301 10231 7578 78907 83858 60007 44866 55894
4626 16
40041 93171 5871 59185 72668 43299 47208 61425 5799 55430 41373 31619 76669 47575 12639 27547
7363 9
40816 91931 47600 15437 30267 41293 16559 2912 80638
520 13
24213 81727 63571 13982 61116 41348 19502 13745 90702 22444 34091 30948 110
9810 10
53684 72649 95564 4726 1912 53669 7955 33464 8905 93754
5523 18
74547 82572 20012 37009 89131 33580 80571 36834 44354 48363 65454 67081 31078 64293 17531 95018 31675 18711
4592 16
22756 11984 50130 2737 67041 94241 7033 56565 66520 32609 62166 73461 71248 22769 99838 128
7205 11
14711 37738 94841 88876 84681 23637 94683 52199 43391 83334 14607
9610 15
26024 15889 72458 10310 73708 51124 99410 59639 7226 82028 46899 81281 94445 8256 61799
4138 19
7028 92204 45568 17444 74424 68663 55497 97831 57207 16048 41421 45495 34073 96595 37046 67693 59332 57000 6958
