Case #1: NO YES YES
Case #2: NO YES NO
Case #3: YES YES YES
Case #4: YES YES NO
Case #5: NO YES NO
Case #6: YES YES YES
Case #7: YES YES YES
Case #8: YES YES YES
Case #9: YES YES YES
Case #10: NO YES NO
Case #11: YES YES YES
Case #12: YES YES YES
Case #13: YES YES NO
Case #14: NO YES YES
Case #15: NO YES YES
Case #16: NO YES YES
Case #17: YES YES NO
Case #18: YES YES NO
Case #19: YES YES YES
Case #20: YES YES YES
Case #21: YES NO YES
Case #22: YES YES YES
Case #23: YES YES YES
Case #24: NO NO YES
Case #25: YES NO NO
Case #26: YES YES NO
Case #27: YES YES NO
Case #28: YES YES NO
Case #29: YES NO YES
Case #30: YES NO YES
Case #31: YES YES YES
Case #32: NO YES YES
Case #33: YES YES YES
Case #34: YES NO NO
Case #35: YES NO NO
Case #36: NO YES NO
Case #37: YES YES YES
Case #38: YES YES YES
Case #39: YES NO NO
Case #40: YES NO NO
Case #41: YES YES YES
Case #42: YES YES NO
Case #43: NO YES NO
Case #44: YES YES NO
Case #45: YES YES YES
Case #46: YES YES NO
Case #47: YES YES YES
Case #48: YES NO NO
Case #49: YES YES NO
Case #50: YES YES YES
Case #51: YES YES NO
Case #52: NO YES NO
Case #53: YES YES YES
Case #54: NO YES NO
Case #55: YES YES YES
Case #56: YES YES NO
Case #57: YES YES YES
Case #58: NO YES YES
Case #59: YES YES YES
Case #60: NO NO YES
Case #61: NO YES NO
Case #62: YES YES YES
Case #63: YES YES YES
Case #64: NO YES NO
Case #65: NO NO YES
Case #66: YES YES NO
Case #67: NO YES NO
Case #68: NO NO YES
Case #69: NO NO YES
Case #70: YES NO NO
Case #71: NO YES NO
Case #72: YES YES YES
Case #73: YES YES YES
Case #74: YES YES YES
Case #75: NO NO YES
Case #76: NO YES NO
Case #77: NO YES NO
Case #78: NO NO YES
Case #79: YES YES YES
Case #80: YES YES NO
Case #81: YES YES NO
Case #82: YES YES YES
Case #83: YES NO NO
Case #84: YES NO NO
Case #85: YES NO NO
Case #86: NO YES NO
Case #87: NO YES NO
Case #88: NO YES YES
Case #89: YES NO YES
Case #90: YES YES NO
Case #91: YES YES YES
Case #92: NO YES YES
Case #93: YES YES YES
Case #94: YES YES YES
Case #95: NO YES NO
Case #96: NO YES NO
Case #97: NO YES NO
Case #98: YES NO NO
Case #99: NO YES NO
Case #100: YES YES YES
