Case #1:
c..
...
...
***
Case #2:
Impossible
Case #3:
Impossible
Case #4:
Impossible
Case #5:
c***
****
****
****
****
Impossible
Case #6:
c
.
.
*
Case #7:
Impossible
Case #8:
c...
....
....
....
....
Case #9:
Impossible
Case #10:
c.*
..*
..*
***
***
Case #11:
Impossible
Case #12:
c.*
..*
***
***
Case #13:
c..**
..***
*****
*****
*****
Case #14:
Impossible
Case #15:
c....
.....
.....
*****
Case #16:
c...
....
....
Case #17:
c....
Case #18:
c.**
..**
..**
****
****
Case #19:
c...*
..***
*****
Case #20:
c....
..***
Case #21:
c...
....
****
Case #22:
c...
..**
Case #23:
Impossible
Case #24:
Impossible
Case #25:
c..
...
...
...
***
Case #26:
c****
c****
Case #27:
c....
.....
....*
*****
Case #28:
Impossible
Case #29:
c..*
...*
...*
..**
****
Case #30:
Impossible
Case #31:
Impossible
Case #32:
c..*
...*
..**
****
Case #33:
Impossible
Case #34:
c..*
...*
...*
****
****
Case #35:
Impossible
Case #36:
c....
...**
Case #37:
c....
.....
.....
.....
*****
Case #38:
c...*
....*
...**
*****
*****
Case #39:
Impossible
Case #40:
c....
.....
.....
.....
....*
Case #41:
c**
***
***
Impossible
Case #42:
Impossible
Case #43:
Impossible
Case #44:
c..**
..***
*****
*****
Case #45:
c...*
....*
....*
..***
*****
Case #46:
Impossible
Case #47:
c..**
...**
..***
*****
*****
Case #48:
c
.
.
.
Case #49:
c...*
....*
....*
*****
*****
Case #50:
c..
..*
***
Case #51:
Impossible
Case #52:
Impossible
Case #53:
c..*
...*
..**
****
****
Case #54:
c...*
Case #55:
c.
..
..
..
**
Case #56:
Impossible
Case #57:
Impossible
Case #58:
c.
..
**
Case #59:
c
.
*
*
*
Case #60:
Impossible
Case #61:
Impossible
Case #62:
c....
.....
Case #63:
c.**
..**
****
****
****
Case #64:
c.
..
..
Case #65:
c***
****
Impossible
Case #66:
c
.
*
Case #67:
c
*
*
*
c
*
*
*
Case #68:
c...
....
..**
****
Case #69:
c.*
..*
..*
..*
***
Case #70:
c..**
Case #71:
c..**
...**
*****
*****
Case #72:
c**
***
***
***
Impossible
Case #73:
c.
..
..
..
Case #74:
c....
.....
.....
....*
*****
Case #75:
Impossible
Case #76:
Impossible
Case #77:
c***
c***
Case #78:
c....
.....
.....
..***
Case #79:
c....
.....
....*
Case #80:
c....
.....
.....
.....
.....
Case #81:
Impossible
Case #82:
c...
Case #83:
Impossible
Case #84:
c...*
....*
....*
....*
*****
Case #85:
c..
...
...
Case #86:
c....
.....
.....
...**
Case #87:
c**
***
***
***
***
Impossible
Case #88:
c..*
...*
...*
...*
****
Case #89:
Impossible
Case #90:
Impossible
Case #91:
c...*
....*
..***
*****
*****
Case #92:
c*
**
**
Impossible
Case #93:
c
.
Case #94:
c****
*****
*****
Impossible
Case #95:
c....
.....
..***
Case #96:
Impossible
Case #97:
Impossible
Case #98:
c..
...
...
...
...
Case #99:
c....
....*
*****
Case #100:
c.**
..**
****
****
Case #101:
Impossible
Case #102:
c..*
..**
****
****
Case #103:
c...*
...**
*****
Case #104:
Impossible
Case #105:
c...
....
....
....
****
Case #106:
c..
...
..*
***
Case #107:
Impossible
Case #108:
c.*
..*
***
***
***
Case #109:
c*
c*
Case #110:
Impossible
Case #111:
c..
..*
Case #112:
c..*
...*
****
Case #113:
c...*
....*
....*
...**
*****
Case #114:
c**
c**
Case #115:
c...
....
....
****
Case #116:
Impossible
Case #117:
c*
**
**
**
**
Impossible
Case #118:
Impossible
Case #119:
c
.
.
.
.
Case #120:
c.*
..*
***
Case #121:
Impossible
Case #122:
c.
..
..
**
Case #123:
c....
.....
.....
.....
...**
Case #124:
c..
...
...
***
***
Case #125:
c.*
Case #126:
Impossible
Case #127:
c..
...
...
...
..*
Case #128:
Impossible
Case #129:
Impossible
Case #130:
c
*
*
*
*
c
*
*
*
*
Case #131:
c..**
...**
*****
*****
*****
Case #132:
Impossible
Case #133:
Impossible
Case #134:
c...
....
....
..**
****
Case #135:
Impossible
Case #136:
c..*
Case #137:
Impossible
Case #138:
Impossible
Case #139:
c...*
....*
..***
*****
Case #140:
c...
....
...*
****
Case #141:
Impossible
Case #142:
c...
...*
****
Case #143:
c****
*****
*****
*****
*****
Impossible
Case #144:
c....
.....
.....
..***
*****
Case #145:
Impossible
Case #146:
c...*
....*
*****
*****
Case #147:
c
c
Case #148:
c....
....*
Case #149:
Impossible
Case #150:
Impossible
Case #151:
c.
Case #152:
Impossible
Case #153:
Impossible
Case #154:
Impossible
Case #155:
c..**
...**
...**
*****
*****
Case #156:
c**
***
Impossible
Case #157:
c.*
..*
..*
***
Case #158:
c..*
...*
****
****
Case #159:
c..
...
...
...
Case #160:
Impossible
Case #161:
c****
*****
*****
*****
Impossible
Case #162:
c
*
*
c
*
*
Case #163:
c*
**
Impossible
Case #164:
c...
....
....
...*
****
Case #165:
c.***
..***
*****
*****
*****
Case #166:
c
*
c
*
Case #167:
c...
....
....
...*
Case #168:
Impossible
Case #169:
c...
....
Case #170:
c....
.....
.....
Case #171:
c....
.....
*****
Case #172:
c...
...*
Case #173:
c..*
..**
****
Case #174:
c
.
*
*
Case #175:
c..
...
...
..*
Case #176:
c...*
....*
....*
*****
Case #177:
c...*
....*
*****
Case #178:
Impossible
Case #179:
Impossible
Case #180:
c...
....
....
....
Case #181:
c..
...
...
..*
***
Case #182:
c.
..
..
**
**
Case #183:
c.***
Case #184:
c.
..
Case #185:
Impossible
Case #186:
c***
****
****
Impossible
Case #187:
Impossible
Case #188:
c..*
...*
...*
****
Case #189:
c...*
....*
...**
*****
Case #190:
c...
....
....
..**
Case #191:
c****
*****
Impossible
Case #192:
Impossible
Case #193:
c....
.....
.....
...**
*****
Case #194:
c.
..
..
..
..
Case #195:
c..
...
***
Case #196:
c...
....
....
....
..**
Case #197:
Impossible
Case #198:
c***
****
****
****
Impossible
Case #199:
c...
....
....
....
...*
Case #200:
Impossible
Case #201:
c...
....
...*
Case #202:
c....
.....
...**
Case #203:
c....
.....
.....
.....
..***
Case #204:
c..
...
Case #205:
Impossible
Case #206:
c...*
...**
*****
*****
Case #207:
Impossible
Case #208:
Impossible
Case #209:
Impossible
Case #210:
Impossible
Case #211:
c
.
.
.
*
Case #212:
c....
.....
.....
.....
Case #213:
c.**
Case #214:
c...
....
..**
Case #215:
c
.
.
Case #216:
Impossible
Case #217:
Impossible
Case #218:
c..
Case #219:
c*
**
**
**
Impossible
Case #220:
c
.
.
*
*
Case #221:
Impossible
Case #222:
c.
..
**
**
Case #223:
c..
...
..*
Case #224:
c....
.....
.....
....*
Case #225:
c....
.....
...**
*****
