Case #1: 797 53
Case #2: 1000 1000
Case #3: 1000 1000
Case #4: 0 0
Case #5: 993 41
Case #6: 977 14
Case #7: 4 3
Case #8: 971 44
Case #9: 947 4
Case #10: 1000 1000
Case #11: 0 0
Case #12: 529 23
Case #13: 7 2
Case #14: 1000 1000
Case #15: 340 25
Case #16: 977 42
Case #17: 996 46
Case #18: 794 30
Case #19: 965 11
Case #20: 0 0
Case #21: 855 32
Case #22: 351 13
Case #23: 969 22
Case #24: 980 25
Case #25: 934 4
Case #26: 608 32
Case #27: 431 19
Case #28: 491 30
Case #29: 685 16
Case #30: 965 17
Case #31: 993 34
Case #32: 1000 1000
Case #33: 214 5
Case #34: 131 131
Case #35: 972 31
Case #36: 965 17
Case #37: 108 108
Case #38: 976 33
Case #39: 230 17
Case #40: 954 13
Case #41: 193 193
Case #42: 28 4
Case #43: 964 12
Case #44: 984 31
Case #45: 192 9
Case #46: 961 6
Case #47: 325 18
Case #48: 985 38
Case #49: 0 0
Case #50: 794 15
