Case #1: 19 20
Case #2: 023 023
Case #3: 0 0
Case #4: 05 00
Case #5: 900 599
Case #6: 90 99
Case #7: 049 080
Case #8: 092 093
Case #9: 334 334
Case #10: 852 852
Case #11: 009 009
Case #12: 090 039
Case #13: 95 95
Case #14: 638 632
Case #15: 504 504
Case #16: 040 009
Case #17: 397 760
Case #18: 993 998
Case #19: 909 990
Case #20: 055 055
Case #21: 5 5
Case #22: 019 050
Case #23: 621 670
Case #24: 790 294
Case #25: 510 398
Case #26: 924 921
Case #27: 192 800
Case #28: 043 061
Case #29: 722 850
Case #30: 099 090
Case #31: 500 500
Case #32: 0 0
Case #33: 700 609
Case #34: 09 09
Case #35: 308 381
Case #36: 070 039
Case #37: 000 000
Case #38: 820 820
Case #39: 09 05
Case #40: 926 940
Case #41: 00 00
Case #42: 291 291
Case #43: 905 926
Case #44: 056 009
Case #45: 407 401
Case #46: 807 800
Case #47: 033 033
Case #48: 054 054
Case #49: 090 099
Case #50: 00 00
Case #51: 084 084
Case #52: 99 99
Case #53: 09 09
Case #54: 990 909
Case #55: 609 601
Case #56: 099 909
Case #57: 780 780
Case #58: 098 400
Case #59: 99 99
Case #60: 05 05
Case #61: 007 006
Case #62: 895 895
Case #63: 012 012
Case #64: 00 00
Case #65: 094 094
Case #66: 800 699
Case #67: 090 049
Case #68: 040 028
Case #69: 029 080
Case #70: 09 09
Case #71: 99 99
Case #72: 98 93
Case #73: 753 753
Case #74: 99 90
Case #75: 00 00
Case #76: 09 99
Case #77: 050 019
Case #78: 159 151
Case #79: 730 727
Case #80: 020 020
Case #81: 99 99
Case #82: 199 199
Case #83: 90 90
Case #84: 080 039
Case #85: 299 515
Case #86: 080 049
Case #87: 000 000
Case #88: 060 019
Case #89: 019 065
Case #90: 998 992
Case #91: 93 98
Case #92: 954 956
Case #93: 99 95
Case #94: 009 060
Case #95: 070 019
Case #96: 95 99
Case #97: 400 400
Case #98: 10 15
Case #99: 310 310
Case #100: 000 009
Case #101: 95 95
Case #102: 003 001
Case #103: 450 449
Case #104: 00 00
Case #105: 080 029
Case #106: 060 029
Case #107: 090 059
Case #108: 737 790
Case #109: 90 90
Case #110: 00 00
Case #111: 339 380
Case #112: 780 780
Case #113: 039 080
Case #114: 09 00
Case #115: 600 499
Case #116: 050 009
Case #117: 010 010
Case #118: 9 9
Case #119: 90 90
Case #120: 029 070
Case #121: 507 500
Case #122: 860 860
Case #123: 049 090
Case #124: 00 00
Case #125: 5 5
Case #126: 008 080
Case #127: 797 798
Case #128: 05 05
Case #129: 070 029
Case #130: 059 090
Case #131: 009 040
Case #132: 05 05
Case #133: 195 090
Case #134: 099 200
Case #135: 992 998
Case #136: 00 09
Case #137: 006 003
Case #138: 99 09
Case #139: 947 597
Case #140: 05 05
Case #141: 9 9
Case #142: 031 038
Case #143: 99 99
Case #144: 909 900
Case #145: 092 098
Case #146: 009 050
Case #147: 019 070
Case #148: 096 408
Case #149: 900 909
Case #150: 129 166
Case #151: 006 006
Case #152: 039 070
Case #153: 99 99
Case #154: 700 181
Case #155: 750 750
Case #156: 09 09
Case #157: 952 953
Case #158: 609 594
Case #159: 784 784
Case #160: 90 09
Case #161: 029 060
Case #162: 99 99
Case #163: 200 200
Case #164: 90 90
Case #165: 006 006
Case #166: 120 120
Case #167: 907 609
Case #168: 060 009
Case #169: 089 099
Case #170: 060 060
Case #171: 050 050
Case #172: 075 079
Case #173: 399 880
Case #174: 689 689
Case #175: 098 093
Case #176: 930 389
Case #177: 15 10
Case #178: 005 005
Case #179: 400 299
Case #180: 019 060
Case #181: 09 90
Case #182: 800 806
Case #183: 060 060
Case #184: 00 05
Case #185: 996 969
Case #186: 99 99
Case #187: 077 077
Case #188: 0 0
Case #189: 05 09
Case #190: 949 943
Case #191: 053 053
Case #192: 280 280
Case #193: 093 098
Case #194: 580 540
Case #195: 286 282
Case #196: 318 310
Case #197: 859 890
Case #198: 004 000
Case #199: 998 993
Case #200: 039 090
