Case #1: 19 20
Case #2: 023 023
Case #3: 0 0
Case #4: 05 00
Case #5: 040 009
Case #6: 09 90
Case #7: 5 5
Case #8: 910 985
Case #9: 909 990
Case #10: 100 069
Case #11: 099 506
Case #12: 029 060
Case #13: 880 880
Case #14: 909 910
Case #15: 870 396
Case #16: 990 909
Case #17: 110 079
Case #18: 09 09
Case #19: 099 130
Case #20: 080 049
Case #21: 721 679
Case #22: 00 00
Case #23: 993 988
Case #24: 308 308
Case #25: 050 050
Case #26: 10 05
Case #27: 906 599
Case #28: 130 800
Case #29: 90 90
Case #30: 130 099
Case #31: 290 290
Case #32: 592 592
Case #33: 800 699
Case #34: 09 09
Case #35: 006 003
Case #36: 090 049
Case #37: 90 99
Case #38: 000 000
Case #39: 634 634
Case #40: 039 070
Case #41: 400 400
Case #42: 040 040
Case #43: 800 800
Case #44: 908 908
Case #45: 720 720
Case #46: 00 00
Case #47: 99 99
Case #48: 102 098
Case #49: 992 988
Case #50: 648 627
Case #51: 99 99
Case #52: 00 00
Case #53: 530 530
Case #54: 399 400
Case #55: 99 99
Case #56: 850 850
Case #57: 702 705
Case #58: 699 702
Case #59: 90 90
Case #60: 062 062
Case #61: 099 909
Case #62: 599 692
Case #63: 992 989
Case #64: 019 060
Case #65: 05 05
Case #66: 05 09
Case #67: 95 99
Case #68: 988 993
Case #69: 059 090
Case #70: 0 0
Case #71: 199 199
Case #72: 10 09
Case #73: 070 029
Case #74: 988 992
Case #75: 069 069
Case #76: 99 99
Case #77: 497 500
Case #78: 060 019
Case #79: 009 050
Case #80: 031 031
Case #81: 95 95
Case #82: 625 625
Case #83: 699 800
Case #84: 102 102
Case #85: 079 110
Case #86: 073 069
Case #87: 470 470
Case #88: 599 549
Case #89: 069 100
Case #90: 099 100
Case #91: 893 893
Case #92: 013 009
Case #93: 003 000
Case #94: 5 5
Case #95: 93 88
Case #96: 397 401
Case #97: 090 059
Case #98: 025 025
Case #99: 599 601
Case #100: 010 010
Case #101: 039 080
Case #102: 090 300
Case #103: 019 050
Case #104: 049 090
Case #105: 092 093
Case #106: 099 761
Case #107: 88 93
Case #108: 010 009
Case #109: 608 608
Case #110: 99 99
Case #111: 050 009
Case #112: 060 029
Case #113: 99 90
Case #114: 750 757
Case #115: 290 290
Case #116: 00 00
Case #117: 579 579
Case #118: 09 10
Case #119: 00 05
Case #120: 205 205
Case #121: 599 700
Case #122: 049 080
Case #123: 129 130
Case #124: 906 906
Case #125: 00 00
Case #126: 910 909
Case #127: 9 9
Case #128: 006 006
Case #129: 713 299
Case #130: 090 090
Case #131: 730 727
Case #132: 159 161
Case #133: 397 760
Case #134: 029 070
Case #135: 119 277
Case #136: 050 019
Case #137: 99 95
Case #138: 098 093
Case #139: 09 99
Case #140: 393 393
Case #141: 327 327
Case #142: 05 05
Case #143: 09 09
Case #144: 720 599
Case #145: 971 970
Case #146: 120 089
Case #147: 99 99
Case #148: 09 09
Case #149: 100 099
Case #150: 983 983
Case #151: 00 00
Case #152: 05 05
Case #153: 99 99
Case #154: 070 039
Case #155: 438 435
Case #156: 009 040
Case #157: 200 200
Case #158: 630 630
Case #159: 062 065
Case #160: 99 99
Case #161: 09 05
Case #162: 089 120
Case #163: 05 05
Case #164: 403 401
Case #165: 030 030
Case #166: 080 039
Case #167: 011 010
Case #168: 760 099
Case #169: 199 350
Case #170: 053 053
Case #171: 727 659
Case #172: 90 90
Case #173: 015 015
Case #174: 0 0
Case #175: 299 720
Case #176: 00 00
Case #177: 95 95
Case #178: 365 334
Case #179: 892 919
Case #180: 094 094
Case #181: 062 057
Case #182: 90 90
Case #183: 000 000
Case #184: 070 070
Case #185: 696 696
Case #186: 093 098
Case #187: 90 09
Case #188: 99 09
Case #189: 646 651
Case #190: 180 162
Case #191: 9 9
Case #192: 308 310
Case #193: 05 10
Case #194: 807 810
Case #195: 300 159
Case #196: 849 870
Case #197: 089 133
Case #198: 110 065
Case #199: 089 045
Case #200: 813 813
