Case #1:
O/I/O/I/O/I/O/I
I/O/I/O/I/O/I/O
O/IO/IO/IO/IO/I
I/OI/OI/OI/OI/O
O/IO/IO/IO/IO/I
I/OI/OI/OI/OI/O
O/IO/IO/IO/IO/I
I/OI/OI/OI/OI/O
O/IO/IO/IO/IO/I
I/OI/OI/OI/OI/O
O/IO/IO/IO/IO/I
I/OI/OI/OI/OI/O
O/IO/IO/IO/IO/I
Case #2:
O/I/O/I/O/I/O/I
I/O/I/O/I/O/I/O
O/IIIIOIIIOIIIO
Case #3:
O/I/O/I/O/I/O/I
I/O/I/O/I/O/I/O
O/IOOOIIIOIIIO
Case #4:
O/I/O/I/O/I/O/I
I/O/I/O/I/O/I/O
O/IO/IO/IO/IO/I
I/OI/OI/OIIO
Case #5:
O/I/O/I/O/I/O/I
I/O/I/O/I/O/I/O
O/IO/IO/IO/IO/I
I/OI/OI/OI/OI/O
O/IO/IO/IO/IO/I
I/OI/OI/OI/OI/O
O/IO/IO/IO/IO/I
I/OI/OI/OI/OI/O
O/IO/IO/IO/IO/I
I/OI/OI/OI/OI/O
O/IO/IO/IO/IO/I
I/OI/OI/OI/OI/O
O/IO/IO/IO/IO/I
I/OI/OI/OI/OI/O
O/IO/IO/IO/IO/I
Case #6:
O/I/O/I/O/I/O/I
I/O/I/O/I/O/I/O
O/IO/IO/IO/IO/I
I/OI/OI/OI/OI/O
O/IO/IO/IO/IO/I
I/OI/OI/OI/OI/O
O/IO/IO/IO/IO/I
I/OI/OI/OI/OI/O
O/IO/IO/IO/IO/I
I/OI/OI/OI/OI/O
O/IO/IO/IO/IO/I
I/OI/OI/OI/OI/O
O/IO/IO/IO/IO/I
I/OI/OI/OI/OI/O
O/IO/IO/IO/IO/I
Case #7:
O/I/O/I/O/I/O/I
I/O/I/O/I/O/I/O
O/IO/IO/IO/IO/I
I/OI/OI/OI/OI/O
O/IO/IO/IO/IO/I
I/OI/OI/OI/OI/O
Case #8:
O/I/O/I/O/I/O/I
I/O/I/O/I/O/I/O
O/IO/IO/IO/IO/I
I/OI/OI/OI/OI/O
O/IO/IO/IO/IO/I
I/OI/OI/OI/OI/O
O/IO/IO/IO/IO/I
I/OI/OI/OI/OI/O
O/IO/IO/IO/IO/I
I/OI/OI/OI/OI/O
O/IO/IO/IO/IO/I
I/OI/OI/OI/OI/O
O/IO/IO/IO/IO/I
Case #9:
O/I/O/I/O/I/O/I
I/O/I/O/I/O/I/O
O/IO/IO/IO/IO/I
I/OI/OI/OI/OI/O
O/IO/IO/IO/IO/I
I/OI/OI/OI/OI/O
O/IO/IO/IO/IO/I
I/OI/OI/OI/OI/O
O/IO/IO/IO/IO/I
I/OI/OI/OI/OI/O
Case #10:
O/I/O/I/O/I/O/I
I/O/I/O/I/O/I/O
O/IO/IO/IO/IO/I
I/OI/OI/OI/OI/O
O/IO/IO/IO/IO/I
I/OI/OI/OI/OI/O
O/IO/IO/IO/IO/I
I/OI/OI/OI/OI/O
O/IO/IO/IO/IO/I
I/OI/OI/OI/OI/O
O/IO/IO/IO/IO/I
I/OI/OI/OI/OI/O
Case #11:
O/I/O/I/O/I/O/I
I/O/I/O/I/O/I/O
O/IO/IO/IO/IO/I
I/OI/OI/OI/OI/O
O/IO/IO/IO/IO/I
I/OI/OI/OI/OI/O
O/IO/IO/IO/IO/I
I/OI/OI/OI/OI/O
O/IO/IO/IO/IO/I
I/OI/OI/OI/OI/O
Case #12:
O/I/O/I/O/I/O/I
I/O/I/O/I/O/I/O
O/IO/IO/IO/IO/I
I/OI/OI/OI/OI/O
Case #13:
O/I/O/I/O//////
Case #14:
O/I/O/I/O/I/O/I
I/O/I/O/I/O/I/O
O/IO/IO/IO/IO/I
I/OI/OI/OI/OI/O
O/IO/IO/IO/IO/I
I/OI/OI/OI/OI/O
O/IO/IO/IO/IO/I
I/OI/OI/OI/OI/O
O/IO/IO/IO/IO/I
I/OI/OI/OI/OI/O
O/IO/IO/IO/IO/I
Case #15:
O/I/O/I/O/I/O/I
I/O/I/O/I/O/I/O
O/IO/IO/IO/IO/I
I/OI/OI/OI/OI/O
O/IO/IO/IO/IO/I
I/OI/OI/OI/OI/O
O/IO/IO/IO/IO/I
I/OI/OI/OI/OI/O
O/IO/IO/IO/IO/I
I/OI/OI/OI/OI/O
O/IO/IO/IO/IO/I
Case #16:
O/I/O/I/O/I/O/I
I/O/I/O/I/O/I/O
O/IO/IO/IO/IO/I
I/OI/OI/OI/OI/O
O/IO/IO/IO/IO/I
I/OI/OI/OI/OI/O
O/IO/IO/IO/IO/I
I/OI/OI/OI/OI/O
Case #17:
O/I/O/I/O/I/O/I
I/O/I/O/I/O/I/O
Case #18:
O/I/O/I/O/I/O/I
I/O/I/O/I/O/I/O
O/IO/IO/IO/IO/I
I/OI/OI/OI/OI/O
O/IO/IO/IO/IO/I
I/OI/OI/OI/OI/O
O/IO/IO/IO/IO/I
I/OI/OI/OI/OI/O
Case #19:
O/I/O/I/O/I/O/I
I/O/I/O/I/O/I/O
O/IO/IO/IO/IO/I
I/OI/OI/OI/OI/O
Case #20:
O/I/O/I/O/I/O/I
I/O/I/O/I/O/I/O
O/IO/IO/IO/IO/I
I/OI/OI/OI/OI/O
O/IO/IO/IO/IO/I
I/OI/OI/OI/OI/O
O/IO/IO/IO/IO/I
I/OI/OI/OI/OI/O
O/IO/IO/IO/IO/I
I/OI/OI/OI/OI/O
O/IO/IO/IO/IO/I
I/OI/OI/OI/OI/O
O/IO/IO/IO/IO/I
Case #21:
O/I/O/I/O/I/O/I
I/O/I/O/I/O/I/O
O/IO/IO/IO/IO/I
I/OI/OI/OI/OI/O
O/IO/IO/IO/IO/I
I/OI/OI/OI/OI/O
O/IO/IO/IO/IO/I
I/OI/OI/OI/OI/O
O/IO/IO/IO/IO/I
I/OI/OI/OI/OI/O
O/IO/IO/IO/IO/I
I/OI/OI/OI/OI/O
Case #22:
O/I/O/I/O/I/O/I
I/O/I/O/I/O/I/O
O/IO/IO/IO/IO/I
I/OI/OI/OI/OI/O
O/IO/IO/IO/IO/I
I/OI/OI/OI/OI/O
O/IO/IO/IO/IO/I
I/OI/OI/OI/OI/O
Case #23:
O/I/O/I/O/I/O/I
I/O/I/O/I/O/I/O
O/IO/IO/IO/IO/I
I/OI/OI/OI/OI/O
O/IO/IO/IO/IO/I
I/OI/OI/OI/OI/O
O/IO/IO/IO/IO/I
I/OI/OI/OI/OI/O
O/IO/IO/IO/IO/I
I/OI/OI/OI/OI/O
O/IO/IO/IO/IO/I
I/OI/OI/OI/OI/O
O/IO/IO/IO/IO/I
I/OI/OI/OI/OI/O
O/IO/IO/IO/IO/I
Case #24:
O/I/O/I/O/I/O/I
I/O/I/O/I/O/I/O
O/IO/IO/IO/IO/I
I/OI/OI/OI/OI/O
O/IO/IO/IO/IO/I
I/OI/OI/OI/OI/O
O/IO/IO/IO/IO/I
I/OI/OI/OI/OI/O
O/IO/IO/IO/IO/I
Case #25:
O/I/O/I/O/I/O/I
I/O/I/O/I/O/I/O
O/IO/IO/IO/IO/I
I/OI/OI/OI/OI/O
O/IO/IO/IO/IO/I
I/OI/OI/OI/OI/O
O/IO/IO/IO/IO/I
Case #26:
O/I/O/I/O/I/O/I
I/O/I/O/I/O/I/O
O/IO/IO/IO/IO/I
I/OI/OI/OI/OI/O
O/IO/IO/IO/IO/I
I/OI/OI/OI/OI/O
O/IO/IO/IO/IO/I
I/OI/OI/OI/OI/O
O/IO/IO/IO/IO/I
I/OI/OI/OI/OI/O
O/IO/IO/IO/IO/I
I/OI/OI/OI/OI/O
O/IO/IO/IO/IO/I
I/OI/OI/OI/OI/O
O/IO/IO/IO/IO/I
Case #27:
O/I/O/I/O/I/O/I
I/O/I/O/I/O/I/O
O/IO/IO/IO/IO/I
I/OI/OI/OI/OI/O
O/IO/IO/IO/IO/I
I/OI/OI/OI/OI/O
O/IO/IO/IO/IO/I
I/OI/OI/OI/OI/O
O/IO/IO/IO/IO/I
I/OI/OI/OI/OI/O
Case #28:
O/I/O/I/O/I////
Case #29:
O//////////////
Case #30:
O/I/O/I/O/I/O/I
I/O/I/O/I/O/I/O
O/IO/IO/IO/IO/I
I/OI/OI/OI/OI/O
O/IO/IO/IO/IO/I
I/OI/OI/OI/OI/O
O/IO/IO/IO/IO/I
I/OI/OI/OI/OI/O
O/IO/IO/IO/IO/I
I/OI/OI/OI/OI/O
Case #31:
O/I////////////
Case #32:
O/I/O/I/O/I/O/I
I/O/I/O/I/O/I/O
O/IO/IO/IO/IO/I
I/OI/OI/OI/OI/O
Case #33:
O/I/O/I/O/I/O/I
I/O/I/O/I/O/I/O
O/IO/IO/IO/IO/I
I/OI/OI/OI/OI/O
O/IO/IO/IO/IO/I
I/OI/OI/OI/OI/O
O/IO/IO/IO/IO/I
I/OI/OI/OI/OI/O
O/IO/IO/IO/IO/I
Case #34:
O/I/O/I/O/I/O/I
I/O/I/O/I/O/I/O
O/IO/IO/IO/IO/I
I/OI/OI/OI/OI/O
O/IO/IO/IO/IO/I
I/OI/OI/OI/OI/O
O/IO/IO/IO/IO/I
Case #35:
O/I/O/I/O/I/O/I
I/O/I/O/I/O/I/O
O/IO/IO/IO/IO/I
I/OI/OI/OI/OI/O
O/IO/IO/IO/IO/I
I/OI/OI/OI/OI/O
O/IO/IO/IO/IO/I
I/OI/OI/OI/OI/O
O/IO/IO/IO/IO/I
Case #36:
O/I/O/I/O/I/O/I
I/O/I/O/I/O/I/O
O/IO/IO/IO/IO/I
I/OI/OI/OI/OI/O
O/IO/IO/IO/IO/I
Case #37:
O/I/O/I/O/I/O/I
I/O/I/O/I/O/I/O
O/IO/IO/IO/IO/I
I/OI/OI/OOOOI
Case #38:
O/I/O/I/O/I/O/I
I/O/I/O/I/O/I/O
O/IO/IO/IO/IO/I
I/OI/OI/OI/OI/O
O/IO/IO/IO/IO/I
I/OI/OI/OI/OI/O
O/IO/IO/IO/IO/I
I/OI/OI/OI/OI/O
O/IO/IO/IO/IO/I
I/OI/OI/OI/OI/O
O/IO/IO/IO/IO/I
Case #39:
O/I/O/I/O/I/O/I
I/O/I/O////////
Case #40:
O/I/O/I/O/I/O/I
I/O/I/O/I/O/I/O
O/IO/IO/IO/IO/I
I/OI/OI/OI/OI/O
O/IO/IO/IO/IO/I
I/OI/OI/OI/OI/O
O/IO/IO/IO/IO/I
I/OI/OI/OI/OI/O
O/IO/IO/IO/IO/I
I/OI/OI/OI/OI/O
O/IO/IO/IO/IO/I
I/OI/OI/OI/OI/O
O/IO/IO/IO/IO/I
I/OI/OI/OI/OI/O
Case #41:
O/I/O/I/O/I/O/I
I/O/I/O/I/O/I/O
O/IO/IO/IO/IO/I
I/OI/OI/OI/OI/O
O/IO/IO/IO/IO/I
I/OI/OI/OI/OI/O
O/IO/IO/IO/IO/I
I/OI/OI/OI/OI/O
O/IO/IO/IO/IO/I
I/OI/OI/OI/OI/O
O/IO/IO/IO/IO/I
I/OI/OI/OI/OI/O
O/IO/IO/IO/IO/I
I/OI/OI/OI/OI/O
O/IO/IO/IO/IO/I
Case #42:
O/I/O/I/O/I/O/I
I/O////////////
Case #43:
O/I/O/I/O/I/O/I
I/O/I/O/I/O/I/O
O/IO/IO/IO/IO/I
I/OI/OI/OI/OI/O
O/IO/IO/IO/IO/I
I/OI/OI/OI/OI/O
O/IO/IO/IO/IO/I
I/OI/OI/OI/OI/O
O/IO/IO/IO/IO/I
I/OI/OI/OI/OI/O
O/IO/IO/IO/IO/I
I/OI/OI/OI/OI/O
O/IO/IO/IO/IO/I
Case #44:
O/I/O/I/O/I/O/I
I/O/I/O/I/O/I/O
O/IO/IO/IO/IO/I
I/OI/OI/OI/OI/O
O/IO/IO/IO/IO/I
I/OI/OI/OI/OI/O
O/IO/IO/IO/IO/I
I/OI/OI/OI/OI/O
O/IO/IO/IO/IO/I
Case #45:
O/I/O/I/O/I/O//
Case #46:
O/I/O/I/O/I/O/I
I/O/I/O/I/O/I/O
O/IO/IO/IO/IO/I
I/OI/OI/OI/OI/O
O/IO/IO/IO/IO/I
I/OI/OI/OI/OI/O
O/IO/IO/IO/IO/I
I/OI/OI/OI/OI/O
Case #47:
O/I/O/I/O/I/O/I
I/O/I/O/I/O/I/O
O/IO/IO/IO/IO/I
I/OI/OI/OI/OI/O
O/IO/IO/IO/IO/I
I/OI/OI/OI/OI/O
O/IO/IO/IO/IO/I
I/OI/OI/OI/OI/O
O/IO/IO/IO/IO/I
I/OI/OI/OI/OI/O
O/IO/IO/IO/IO/I
Case #48:
O/I/O/I/O/I/O/I
I/O/I/O/I/O/I/O
O/IO/IO/IO/IO/I
I/OI/OI/OI/OI/O
O/IO/IO/IO/IO/I
I/OI/OI/OI/OI/O
O/IO/IO/IO/IO/I
I/OI/OI/OI/OI/O
O/IO/IO/IO/IO/I
I/OI/OI/OI/OI/O
O/IO/IO/IO/IO/I
I/OI/OI/OI/OI/O
O/IO/IO/IO/IO/I
Case #49:
O/I/O/I/O/I/O/I
I/O/I/O/I/O/I/O
O/IO/IO/IO/IO/I
I/OI/OI/OI/OI/O
O/IO/IO/IO/IO/I
I/OI/OI/OI/OI/O
Case #50:
O/I/O/I/O/I/O/I
Case #51:
O/I/O/I/O/I/O/I
I/O/I/O/I/O/I/O
O/IO/IO/IO/IO/I
I/OI/OI/OI/OI/O
O/IO/IO/IO/IO/I
I/OI/OI/OI/OI/O
O/IO/IO/IO/IO/I
I/OI/OI/OI/OI/O
O/IO/IO/IO/IO/I
I/OI/OI/OI/OI/O
O/IO/IO/IO/IO/I
I/OI/OI/OI/OI/O
O/IO/IO/IO/IO/I
I/OI/OI/OI/OI/O
O/IO/IO/IO/IO/I
Case #52:
O/I/O/I/O/I/O/I
I/O/I/O/I/O/I/O
O/IOOIIIIOIIIO
Case #53:
O/I/O/I/O/I/O/I
I/O/I/O/I/O////
Case #54:
O/I/O/I/O/I/O/I
I/O/I/O/I/O/I/O
O/IO/IO/IO/IO/I
I/OI/OI/OI/OI/O
O/IO/IO/IO/IO/I
I/OI/OI/OI/OI/O
O/IO/IO/IO/IO/I
I/OI/OI/OI/OI/O
O/IO/IO/IO/IO/I
I/OI/OI/OI/OI/O
O/IO/IO/IO/IO/I
Case #55:
O/I/O/I/O/I/O/I
I/O/I/O/I/O/I/O
O/IO/IO/IO/IO/I
I/OI/OI/OI/OI/O
O/IO/IO/IO/IO/I
I/OI/OI/OI/OI/O
O/IO/IO/IO/IO/I
I/OI/OI/OI/OI/O
O/IO/IO/IO/IO/I
I/OI/OI/OI/OI/O
O/IO/IO/IO/IO/I
I/OI/OI/OI/OI/O
O/IO/IO/IO/IO/I
Case #56:
O/I/O/I/O/I/O/I
I/O/I/O/I/O/I/O
O/IO/IO/IO/IO/I
I/OI/OI/OI/OI/O
O/IO/IO/IO/IO/I
I/OI/OI/OI/OI/O
O/IO/IO/IO/IO/I
Case #57:
O/I/O/I/O/I/O/I
I/O/I/O/I/O/I/O
O/IO/IO/IO/IO/I
I/OI/OI/OI/OI/O
O/IO/IO/IO/IO/I
I/OI/OI/OI/OI/O
O/IO/IO/IO/IO/I
I/OI/OI/OI/OI/O
O/IO/IO/IO/IO/I
I/OI/OI/OI/OI/O
O/IO/IO/IO/IO/I
I/OI/OI/OI/OI/O
Case #58:
O/I/O/I/O/I/O/I
I/O/I/O/I/O/I/O
O/IO/IO/IO/IO/I
I/OI/OI/OI/OI/O
O/IO/IO/IO/IO/I
I/OI/OI/OI/OI/O
Case #59:
O/I/O/I/O/I/O/I
I/O/I/O/I//////
Case #60:
O/I/O/I/O/I/O/I
I/O/I/O/I/O/I/O
O/IO/IO/IO/IO/I
I/OI/OI/OI/OI/O
O/IO/IO/IO/IO/I
I/OI/OI/OI/OI/O
Case #61:
O/I/O/I/O/I/O/I
I/O/I/O/I/O/I/O
O/IO/IO/IO/IO/I
I/OI/OI/OI/OI/O
O/IO/IO/IO/IO/I
I/OI/OI/OI/OI/O
O/IO/IO/IO/IO/I
I/OI/OI/OI/OI/O
O/IO/IO/IO/IO/I
I/OI/OI/OI/OI/O
O/IO/IO/IO/IO/I
I/OI/OI/OI/OI/O
Case #62:
O/I/O/I/O/I/O/I
I/O/I/O/I/O/I/O
O/IO/IO/IO/IO/I
I/OI/OI/OI/OI/O
O/IO/IO/IO/IO/I
Case #63:
O/I/O/I/O/I/O/I
I/O/I/O/I/O/I/O
O/IO/IO/IO/IOOI
Case #64:
O/I/O/I/O/I/O/I
I/O/I/O/I/O/I/O
O/IO/IO/IO/IO/I
I/OI/OI/OI/OI/O
O/IO/IO/IO/IO/I
I/OI/OI/OI/OI/O
O/IO/IO/IO/IO/I
I/OI/OI/OI/OI/O
O/IO/IO/IO/IO/I
I/OI/OI/OI/OI/O
Case #65:
O/I/O/I/O/I/O/I
I/O/I/O/I/O/I/O
O/IO/IO/IO/IO/I
I/OI/OI/OI/OI/O
O/IO/IO/IO/IO/I
I/OI/OI/OI/OI/O
O/IO/IO/IO/IO/I
I/OI/OI/OI/OI/O
Case #66:
O/I/O/I/O/I/O/I
I/O/I/O/I/O/I/O
O/IO/IO/IO/IO/I
I/OI/OI/OI/OI/O
O/IO/IO/IO/IO/I
I/OI/OI/OI/OI/O
O/IO/IO/IO/IO/I
I/OI/OI/OI/OI/O
O/IO/IO/IO/IO/I
I/OI/OI/OI/OI/O
O/IO/IO/IO/IO/I
Case #67:
O/I/O/I/O/I/O/I
I/O/I/O/I/O/I/O
O/IO/IO/IO/IO/I
I/OI/OI/OI/OI/O
O/IO/IO/IO/IO/I
I/OI/OI/OI/OI/O
O/IO/IO/IO/IO/I
I/OI/OI/OI/OI/O
O/IO/IO/IO/IO/I
I/OI/OI/OI/OI/O
O/IO/IO/IO/IO/I
I/OI/OI/OI/OI/O
O/IO/IO/IO/IO/I
I/OI/OI/OI/OI/O
Case #68:
O/I/O/I/O/I/O/I
I/O/I/O/I/O/I/O
O/IO/IO/IO/IO/I
I/OI/OI/OI/OI/O
O/IO/IO/IO/IO/I
I/OI/OI/OI/OI/O
O/IO/IO/IO/IO/I
I/OI/OI/OI/OI/O
O/IO/IO/IO/IO/I
I/OI/OI/OI/OI/O
Case #69:
O/I/O/I/O/I/O/I
I/O/I/O/I/O/I/O
OOIIIIOIIIOIIIO
Case #70:
O/I/O/I/O/I/O/I
I/O/I/O/I/O/I/O
O/IO/IO/IO/IO/I
I/OI/OI/OI/OI/O
O/IO/IO/IO/IO/I
I/OI/OI/OI/OI/O
Case #71:
O/I/O/I/O/I/O/I
I/O/I/O/I/O/I/O
O/IO/IO/IO/IO/I
I/OI/OI/OI/OI/O
O/IO/IO/IO/IO/I
Case #72:
O/I/O/I/O/I/O/I
I/O/I/O/I/O/I/O
O/IO/IO/IO/IO/I
I/OI/OI/OI/OI/O
O/IO/IO/IO/IO/I
I/OI/OI/OI/OI/O
O/IO/IO/IO/IO/I
Case #73:
O/I/O/I/O/I/O/I
I/O/I/O/I/O/I/O
O/IO/IO/IO/IO/I
I/OI/OI/OI/OI/O
Case #74:
O/I/O/I/O/I/O/I
I/O/I/O/I/O/I/O
O/IO/IO/IOOI
Case #75:
O/I/O//////////
Case #76:
O/I/O/I/O/I/O/I
I/O/I//////////
Case #77:
O/I/O/I////////
Case #78:
O/I/O/I/O/I/O/I
I/O/I/O/I/O/I/O
O/IO/IO/IO/IO/I
I/OI/OI/OI/OI/O
O/IO/IO/IO/IO/I
I/OI/OI/OI/OI/O
O/IO/IO/IO/IO/I
I/OI/OI/OI/OI/O
O/IO/IO/IO/IO/I
Case #79:
O/I/O/I/O/I/O/I
I/O/I/O/I/O/I/O
O/IO/IO/IO/IO/I
I/OI/OI/OI/OI/O
O/IO/IO/IO/IO/I
I/OI/OI/OI/OI/O
Case #80:
O/I/O/I/O/I/O/I
I/O/I/O/I/O/I/O
O/IO/IO/IO/IO/I
I/OI/OI/OI/OI/O
O/IO/IO/IO/IO/I
I/OI/OI/OI/OI/O
O/IO/IO/IO/IO/I
I/OI/OI/OI/OI/O
O/IO/IO/IO/IO/I
I/OI/OI/OI/OI/O
O/IO/IO/IO/IO/I
I/OI/OI/OI/OI/O
Case #81:
O/I/O/I/O/I/O/I
I/O/I/O/I/O/I/O
O/IO/IO/IO/IO/I
Case #82:
O/I/O/I/O/I/O/I
I/O/I/O/I/O/I/O
O/IO/IO/IO/IO/I
I/OI/OI/OI/OI/O
O/IO/IO/IO/IO/I
I/OI/OI/OI/OI/O
O/IO/IO/IO/IO/I
I/OI/OI/OI/OI/O
O/IO/IO/IO/IO/I
I/OI/OI/OI/OI/O
O/IO/IO/IO/IO/I
I/OI/OI/OI/OI/O
O/IO/IO/IO/IO/I
I/OI/OI/OI/OI/O
O/IO/IO/IO/IO/I
Case #83:
O/I/O/I/O/I/O/I
I/O/I/O/I/O/I/O
O/IO/IIIIOIIIO
Case #84:
O/I/O/I/O/I/O/I
I/O/I/O/I/O/I/O
O/IO/IO/IO/IO/I
I/OI/OI/OI/OI/O
O/IO/IO/IO/IO/I
I/OI/OI/OI/OI/O
O/IO/IO/IO/IO/I
I/OI/OI/OI/OI/O
O/IO/IO/IO/IO/I
I/OI/OI/OI/OI/O
O/IO/IO/IO/IO/I
I/OI/OI/OI/OI/O
O/IO/IO/IO/IO/I
I/OI/OI/OI/OI/O
O/IO/IO/IO/IO/I
Case #85:
O/I/O/I/O/I/O/I
I/O/I/O/I/O/I/O
O/IO/IO/IO/IO/I
I/OI/OI/OI/OIIO
Case #86:
O/I/O/I/O/I/O/I
I/O/I/O/I/O/I/O
O/IO/IO/IO/IO/I
I/OI/OI/OI/OI/O
O/IO/IO/IO/IO/I
I/OI/OI/OI/OI/O
Case #87:
O/I/O/I/O/I/O/I
I/O/I/O/I/O/I/O
OOOIIIOIIIOIIIO
Case #88:
O/I/O/I/O/I/O/I
I/O/I/O/I/O/I/O
O/IO/IO/IO/IO/I
I/OI/OI/OI/OI/O
O/IO/IO/IO/IO/I
I/OI/OI/OI/OI/O
O/IO/IO/IO/IO/I
I/OI/OI/OI/OI/O
O/IO/IO/IO/IO/I
I/OI/OI/OI/OI/O
O/IO/IO/IO/IO/I
I/OI/OI/OI/OI/O
Case #89:
O/I/O/I/O/I/O/I
I/O/I/O/I/O/I/O
O/IO/IO/IO/IO/I
I/OI/OI/OI/OI/O
O/IO/IO/IO/IO/I
I/OI/OI/OI/OI/O
O/IO/IO/IO/IO/I
I/OI/OI/OI/OI/O
Case #90:
O/I/O/I/O/I/O/I
I/O/I/O/I/O/I/O
O/IO/IO/IO/IO/I
Case #91:
O/I/O/I/O/I/O/I
I/O/I/O/I/O/I/O
O/IO/IO/IO/IO/I
I/OI/OI/OI/OI/O
O/IO/IO/IO/IO/I
I/OI/OI/OI/OI/O
O/IO/IO/IO/IO/I
I/OI/OI/OI/OI/O
O/IO/IO/IO/IO/I
Case #92:
O/I/O/I/O/I/O/I
I/O/I/O/I/O/I/O
O/IO/IO/IO/IO/I
I/OI/OI/OI/OI/O
O/IO/IO/IO/IO/I
I/OI/OI/OI/OI/O
O/IO/IO/IO/IO/I
I/OI/OI/OI/OI/O
O/IO/IO/IO/IO/I
I/OI/OI/OI/OI/O
O/IO/IO/IO/IO/I
I/OI/OI/OI/OI/O
O/IO/IO/IO/IO/I
Case #93:
O/I/O/I/O/I/O/I
I/O/I/O/I/O/I/O
O/IO/IO/IO/IO/I
I/OI/OI/OI/OI/O
O/IO/IO/IO/IO/I
I/OI/OI/OI/OI/O
O/IO/IO/IO/IO/I
I/OI/OI/OI/OI/O
O/IO/IO/IO/IO/I
I/OI/OI/OI/OI/O
O/IO/IO/IO/IO/I
I/OI/OI/OI/OI/O
O/IO/IO/IO/IO/I
Case #94:
O/I/O/I/O/I/O/I
I/O/I/O/I/O/I/O
O/IO/IO/IO/IO/I
I/OI/OI/OI/OI/O
O/IO/IO/IO/IO/I
I/OI/OI/OI/OI/O
Case #95:
O/I/O/I/O/I/O/I
I/O/I/O/I/O/I//
Case #96:
O/I/O/I/O/I/O/I
I/O/I/O/I/O/I/O
O/IO/IO/IO/IO/I
I/OI/OI/OI/OI/O
O/IO/IO/IO/IO/I
I/OI/OI/OI/OI/O
O/IO/IO/IO/IO/I
I/OI/OI/OI/OI/O
O/IO/IO/IO/IO/I
Case #97:
O/I/O/I/O/I/O/I
I/O/I/O/I/O/I/O
O/IO/IO/IO/IO/I
I/OI/OI/OI/OI/O
O/IO/IO/IO/IO/I
I/OI/OI/OI/OI/O
Case #98:
O/I/O/I/O/I/O/I
I/O/I/O/I/O/I/O
O/IO/IO/IO/IO/I
I/OI/OI/OI/OI/O
O/IO/IO/IO/IO/I
Case #99:
O/I/O/I/O/I/O/I
I/O/I/O/I/O/I/O
O/IO/IO/IO/IO/I
I/OI/OI/OI/OI/O
O/IO/IO/IO/IO/I
I/OI/OI/OI/OI/O
O/IO/IO/IO/IO/I
I/OI/OI/OI/OI/O
O/IO/IO/IO/IO/I
I/OI/OI/OI/OI/O
O/IO/IO/IO/IO/I
I/OI/OI/OI/OI/O
Case #100:
O/I/O/I/O/I/O/I
I/O/I/O/I/O/I/O
O/IO/IO/IO/IO/I
I/OI/OI/OI/OI/O
O/IO/IO/IO/IO/I
