Case #1:
OOIOOOIOOOIOOOI
IOOOIOOOIOOOIOO
OOIOOOIOOOIOOOI
IOOOIOOOIOOOIOO
OOIOOOIOOOIOOOI
IOOOIOOOIOOOIOO
OOIOOOIOOOIOOOI
IOOOIOOOIOOOIOO
OOIOOOIOOOIOOOI
IOOOIOOOIOOOIOO
OOIOOOIOOOIOOOI
IOOOIOOOIOOOIOO
OOIOOOIOOOIOOOI
IOOOIOOOIOOOIOO
OOIOOOIOOOI/OOI
Case #2:
OOIOOOIOOOIOOOI
I/O/I/O/I/O/I/O
O/I/O/I/O/I/O/I
I/O/I/O/I/O/I/O
O/I/O/I/O/I/O/I
I/O/I/O/I/O/I/O
O/I/O/I/O/I/O/I
I/O/I/O/I/O/I/O
O/I/O/I/O/I/O/I
I/O/I/O/I/O/I/O
O/I/O/I/O/I/O/I
I/O/I/O/I/O/I/O
O/IOOOIOOOIOOOI
IOOOIOOOIOOOIOO
OOIOOOIOOOI/OOI
Case #3:
OOIOOOIOOOIOOOI
I/O/I/O/I/O/IOO
OOIOOOIOOOIOOOI
IOOOIOOOIOOOIOO
OOIOOOIOOOIOOOI
IOOOIOOOIOOOIOO
OOIOOOIOOOIOOOI
IOOOIOOOIOOOIOO
OOIOOOIOOOIOOOI
IOOOIOOOIOOOIOO
OOIOOOIOOOIOOOI
IOOOIOOOIOOOIOO
OOIOOOIOOOIOOOI
IOOOIOOOIOOOIOO
OOIOOOIOOOIOOOI
Case #4:
OOIOOOIOOOIOOOI
I/O/I/O/I/O/I/O
O/I/O/I/O/I/O/I
I/O/I/O/I/O/I/O
O/I/O/I/O/I/O/I
I/O/I/O/I/O/I/O
O/I/O/I/OOIOOOI
IOOOIOOOIOOOIOO
OOIOOOIOOOIOOOI
IOOOIOOOIOOOIOO
OOIOOOIOOOIOOOI
IOOOIOOOIOOOIOO
OOIOOOIOOOIOOOI
IOOOIOOOIOOOIOO
OOIOOOIOOOIOOOI
Case #5:
OOIOOOIOOOIOOOI
IOOOIOOOIOOOIOO
OOIOOOIOOOIOOOI
IOOOIOOOIOOOIOO
OOIOOOIOOOIOOOI
IOOOIOOOIOOOIOO
OOIOOOIOOOIOOOI
IOOOIOOOIOOOIOO
OOIOOOIOOOIOOOI
IOOOIOOOIOOOIOO
OOIOOOIOOOIOOOI
IOOOIOOOIOOOIOO
OOIOOOIOOOIOOOI
IOOOIOOOIOOOIOO
OOIOOOIOOOI/O/I
Case #6:
OOIOOOIOOOIOOOI
I/O/I/O/I/O/I/O
O/I/O/I/O/I/O/I
I/O/I/O/I/O/I/O
O/I/O/I/O/I/O/I
I/O/I/O/I/O/I/O
O/I/O/I/O/I/O/I
I/O/I/O/I/O/I/O
O/I/O/I/O/I/O/I
I/O/I/O/I/O/I/O
O/IOOOIOOOIOOOI
IOOOIOOOIOOOIOO
OOIOOOIOOOIOOOI
IOOOIOOOIOOOIOO
OOIOOOIOOOI/O/I
Case #7:
OOIOOOIOOOIOOOI
I/O/I/O/I/O/I/O
O/I/O/I/O/I/O/I
I/O/I/O/I/O/I/O
O/I/O/I/O/I/O/I
I/O/I/O/I/O/I/O
O/I/O/I/O/I/O/I
I/O/I/O/I/O/I/O
O/I/O/I/O/IOOOI
IOOOIOOOIOOOIOO
OOIOOOIOOOIOOOI
IOOOIOOOIOOOIOO
OOIOOOIOOOIOOOI
IOOOIOOOIOOOIOO
OOIOOOIOOOI/OOI
Case #8:
OOIOOOIOOOIOOOI
I/O/I/O/I/O/I/O
O/I/O/I/O/I/O/I
I/O/I/O/I/O/I/O
O/I/O/I/O/I/O/I
I/O/I/O/I/O/I/O
O/I/O/I/O/I/O/I
I/O/I/OOIOOOIOO
OOIOOOIOOOIOOOI
IOOOIOOOIOOOIOO
OOIOOOIOOOIOOOI
IOOOIOOOIOOOIOO
OOIOOOIOOOIOOOI
IOOOIOOOIOOOIOO
OOIOOOIOOOI/O/I
Case #9:
OOIOOOIOOOIOOOI
I/O/I/OOIOOOIOO
OOIOOOIOOOIOOOI
IOOOIOOOIOOOIOO
OOIOOOIOOOIOOOI
IOOOIOOOIOOOIOO
OOIOOOIOOOIOOOI
IOOOIOOOIOOOIOO
OOIOOOIOOOIOOOI
IOOOIOOOIOOOIOO
OOIOOOIOOOIOOOI
IOOOIOOOIOOOIOO
OOIOOOIOOOIOOOI
IOOOIOOOIOOOIOO
OOIOOOIOOOI/O/I
Case #10:
OOIOOOIOOOIOOOI
I/O/IOOOIOOOIOO
OOIOOOIOOOIOOOI
IOOOIOOOIOOOIOO
OOIOOOIOOOIOOOI
IOOOIOOOIOOOIOO
OOIOOOIOOOIOOOI
IOOOIOOOIOOOIOO
OOIOOOIOOOIOOOI
IOOOIOOOIOOOIOO
OOIOOOIOOOIOOOI
IOOOIOOOIOOOIOO
OOIOOOIOOOIOOOI
IOOOIOOOIOOOIOO
OOIOOOIOOOIOOOI
Case #11:
OOIOOOIOOOIOOOI
I/O/I/O/I/O/I/O
O/I/O/I/O/I/O/I
I/O/I/O/I/O/I/O
O/I/O/I/O/I/O/I
I/O/I/O/I/O/I/O
O/I/O/I/O/I/O/I
I/O/I/O/I/O/I/O
O/I/O/I/O/I/O/I
I/O/I/O/I/O/I/O
O/I/O/I/O/I/O/I
I/O/I/O/I/O/I/O
O/I/OOIOOOIOOOI
IOOOIOOOIOOOIOO
OOIOOOIOOOI/O/I
Case #12:
OOIOOOIOOOIOOOI
I/O/I/O/I/O/I/O
O/I/O/I/O/I/O/I
I/O/I/O/I/O/I/O
O/I/O/I/O/I/O/I
I/O/I/O/I/O/I/O
O/IOOOIOOOIOOOI
IOOOIOOOIOOOIOO
OOIOOOIOOOIOOOI
IOOOIOOOIOOOIOO
OOIOOOIOOOIOOOI
IOOOIOOOIOOOIOO
OOIOOOIOOOIOOOI
IOOOIOOOIOOOIOO
OOIOOOIOOOI/O/I
Case #13:
OOIOOOIOOOIOOOI
I/O/I/O/I/OOIOO
OOIOOOIOOOIOOOI
IOOOIOOOIOOOIOO
OOIOOOIOOOIOOOI
IOOOIOOOIOOOIOO
OOIOOOIOOOIOOOI
IOOOIOOOIOOOIOO
OOIOOOIOOOIOOOI
IOOOIOOOIOOOIOO
OOIOOOIOOOIOOOI
IOOOIOOOIOOOIOO
OOIOOOIOOOIOOOI
IOOOIOOOIOOOIOO
OOIOOOIOOOIOOOI
Case #14:
OOIOOOIOOOIOOOI
I/O/I/O/I/O/I/O
O/I/O/I/O/I/O/I
I/O/I/O/I/O/I/O
O/I/O/I/O/I/O/I
I/O/I/O/I/O/I/O
O/I/O/I/O/I/O/I
I/O/IOOOIOOOIOO
OOIOOOIOOOIOOOI
IOOOIOOOIOOOIOO
OOIOOOIOOOIOOOI
IOOOIOOOIOOOIOO
OOIOOOIOOOIOOOI
IOOOIOOOIOOOIOO
OOIOOOIOOOIOOOI
Case #15:
OOIOOOIOOOIOOOI
I/O/I/O/I/O/I/O
O/I/O/I/O/I/O/I
I/O/I/O/I/O/I/O
O/I/O/I/O/I/O/I
I/O/I/O/I/O/I/O
O/I/O/I/O/I/O/I
I/O/I/O/I/O/I/O
O/I/O/I/O/I/O/I
I/O/I/O/I/O/I/O
O/I/O/I/O/I/O/I
I/O/I/O/I/O/I/O
O/I/O/I/O/I/O/I
I/O/I/O/I/OOIOO
OOIOOOIOOOI/O/I
Case #16:
O/I/O/I/O/I/O/I
I/O/I/O/I/O/I/O
O/I/O/I/O/I/O/I
I/O/I/O/I/O/I/O
O/I/O/I/O/I/O/I
I/O/I/O/I/O/I/O
O/I/O/I/O/I/O/I
I/O/I/O/I/O/I/O
O/I/O/I/O/I/O/I
I/O/I/O/I/O/I/O
O/I/O/I/O/I/O/I
I/O/I/O/I/O/I/O
O/I/O/I/O/I/O/I
I/O/I/O/I/O/I/O
O/I/O/IOOOIOOOI
Case #17:
OOIOOOIOOOIOOOI
I/OOIOOOIOOOIOO
OOIOOOIOOOIOOOI
IOOOIOOOIOOOIOO
OOIOOOIOOOIOOOI
IOOOIOOOIOOOIOO
OOIOOOIOOOIOOOI
IOOOIOOOIOOOIOO
OOIOOOIOOOIOOOI
IOOOIOOOIOOOIOO
OOIOOOIOOOIOOOI
IOOOIOOOIOOOIOO
OOIOOOIOOOIOOOI
IOOOIOOOIOOOIOO
OOIOOOIOOOI/OOI
Case #18:
OOIOOOIOOOIOOOI
I/O/I/O/I/O/I/O
O/I/O/I/O/I/O/I
I/O/I/O/I/O/I/O
O/I/O/I/O/I/O/I
I/O/I/O/I/O/I/O
O/I/O/I/O/I/O/I
I/O/I/O/I/O/I/O
O/I/OOIOOOIOOOI
IOOOIOOOIOOOIOO
OOIOOOIOOOIOOOI
IOOOIOOOIOOOIOO
OOIOOOIOOOIOOOI
IOOOIOOOIOOOIOO
OOIOOOIOOOI/OOI
Case #19:
OOIOOOIOOOIOOOI
I/O/I/O/I/O/I/O
O/IOOOIOOOIOOOI
IOOOIOOOIOOOIOO
OOIOOOIOOOIOOOI
IOOOIOOOIOOOIOO
OOIOOOIOOOIOOOI
IOOOIOOOIOOOIOO
OOIOOOIOOOIOOOI
IOOOIOOOIOOOIOO
OOIOOOIOOOIOOOI
IOOOIOOOIOOOIOO
OOIOOOIOOOIOOOI
IOOOIOOOIOOOIOO
OOIOOOIOOOI/O/I
Case #20:
OOIOOOIOOOIOOOI
I/O/I/O/I/O/I/O
O/I/O/I/O/I/O/I
I/O/I/O/I/O/I/O
O/I/O/I/O/I/O/I
I/O/I/O/I/O/I/O
O/I/O/I/O/I/O/I
I/O/I/O/I/O/I/O
O/I/O/I/O/I/O/I
I/O/I/O/I/O/I/O
O/I/O/I/O/I/O/I
I/O/I/O/I/O/I/O
O/I/O/I/O/I/O/I
I/O/I/O/I/O/IOO
OOIOOOIOOOI/OOI
Case #21:
OOIOOOIOOOIOOOI
I/O/I/O/I/O/I/O
O/I/O/I/O/I/O/I
I/O/I/O/I/O/I/O
O/I/O/I/O/I/O/I
I/O/I/O/I/O/I/O
O/I/O/I/O/I/O/I
I/O/I/O/I/O/I/O
O/I/O/I/OOIOOOI
IOOOIOOOIOOOIOO
OOIOOOIOOOIOOOI
IOOOIOOOIOOOIOO
OOIOOOIOOOIOOOI
IOOOIOOOIOOOIOO
OOIOOOIOOOI/OOI
Case #22:
OOIOOOIOOOIOOOI
I/O/I/O/I/O/I/O
O/I/O/I/O/I/O/I
I/O/I/O/I/O/I/O
O/I/O/I/O/I/O/I
I/O/I/O/I/O/I/O
O/I/O/I/O/I/O/I
I/O/I/O/I/O/I/O
O/I/O/I/O/I/O/I
I/O/I/O/I/O/I/O
O/I/O/I/O/I/O/I
I/O/I/O/I/O/I/O
O/I/O/I/O/I/OOI
IOOOIOOOIOOOIOO
OOIOOOIOOOIOOOI
Case #23:
O/I/O/I/O/I/O/I
I/O/I/O/I/O/I/O
O/I/O/I/O/I/O/I
I/O/I/O/I/O/I/O
O/I/O/I/O/I/O/I
I/O/I/O/I/O/I/O
O/I/O/I/O/I/O/I
I/O/I/O/I/O/I/O
O/I/O/I/O/I/O/I
I/O/I/O/I/O/I/O
O/I/O/I/O/I/O/I
I/O/I/O/I/O/I/O
O/I/O/I/O/I/O/I
I/O/I/O/I/O/I/O
O/I/O/I/OOIOOOI
Case #24:
OOIOOOIOOOIOOOI
I/O/I/O/I/O/I/O
O/I/O/I/O/I/O/I
I/O/I/O/I/O/I/O
O/I/OOIOOOIOOOI
IOOOIOOOIOOOIOO
OOIOOOIOOOIOOOI
IOOOIOOOIOOOIOO
OOIOOOIOOOIOOOI
IOOOIOOOIOOOIOO
OOIOOOIOOOIOOOI
IOOOIOOOIOOOIOO
OOIOOOIOOOIOOOI
IOOOIOOOIOOOIOO
OOIOOOIOOOI/O/I
Case #25:
OOIOOOIOOOIOOOI
I/O/I/O/I/O/I/O
O/I/O/I/O/I/O/I
I/O/I/O/I/O/I/O
O/I/O/I/O/I/O/I
I/O/I/O/I/O/I/O
O/I/O/I/O/I/O/I
I/O/I/O/IOOOIOO
OOIOOOIOOOIOOOI
IOOOIOOOIOOOIOO
OOIOOOIOOOIOOOI
IOOOIOOOIOOOIOO
OOIOOOIOOOIOOOI
IOOOIOOOIOOOIOO
OOIOOOIOOOIOOOI
Case #26:
OOIOOOIOOOIOOOI
I/O/I/O/I/O/I/O
O/I/O/I/O/I/O/I
I/O/I/O/I/O/I/O
O/I/O/I/O/I/O/I
I/O/I/O/I/O/I/O
O/I/O/I/O/I/O/I
I/O/I/O/I/O/I/O
O/I/O/I/O/I/O/I
I/O/I/O/I/O/I/O
O/I/O/I/O/IOOOI
IOOOIOOOIOOOIOO
OOIOOOIOOOIOOOI
IOOOIOOOIOOOIOO
OOIOOOIOOOI/O/I
Case #27:
OOIOOOIOOOIOOOI
I/O/I/O/I/O/I/O
O/I/O/I/O/I/O/I
I/O/I/O/I/O/I/O
O/I/O/I/O/I/O/I
I/O/I/OOIOOOIOO
OOIOOOIOOOIOOOI
IOOOIOOOIOOOIOO
OOIOOOIOOOIOOOI
IOOOIOOOIOOOIOO
OOIOOOIOOOIOOOI
IOOOIOOOIOOOIOO
OOIOOOIOOOIOOOI
IOOOIOOOIOOOIOO
OOIOOOIOOOI/OOI
Case #28:
OOIOOOIOOOIOOOI
I/O/I/O/I/O/I/O
O/I/O/I/O/I/O/I
I/O/I/O/I/O/I/O
O/I/O/IOOOIOOOI
IOOOIOOOIOOOIOO
OOIOOOIOOOIOOOI
IOOOIOOOIOOOIOO
OOIOOOIOOOIOOOI
IOOOIOOOIOOOIOO
OOIOOOIOOOIOOOI
IOOOIOOOIOOOIOO
OOIOOOIOOOIOOOI
IOOOIOOOIOOOIOO
OOIOOOIOOOI/O/I
Case #29:
OOIOOOIOOOIOOOI
I/O/I/O/I/O/I/O
O/I/O/I/O/I/O/I
I/O/I/O/I/O/I/O
O/I/O/I/O/I/O/I
I/O/I/O/I/O/I/O
O/I/O/I/O/I/O/I
I/O/I/O/IOOOIOO
OOIOOOIOOOIOOOI
IOOOIOOOIOOOIOO
OOIOOOIOOOIOOOI
IOOOIOOOIOOOIOO
OOIOOOIOOOIOOOI
IOOOIOOOIOOOIOO
OOIOOOIOOOI/OOI
Case #30:
OOIOOOIOOOIOOOI
I/O/I/O/I/O/I/O
O/I/O/I/O/I/O/I
I/O/I/O/I/OOIOO
OOIOOOIOOOIOOOI
IOOOIOOOIOOOIOO
OOIOOOIOOOIOOOI
IOOOIOOOIOOOIOO
OOIOOOIOOOIOOOI
IOOOIOOOIOOOIOO
OOIOOOIOOOIOOOI
IOOOIOOOIOOOIOO
OOIOOOIOOOIOOOI
IOOOIOOOIOOOIOO
OOIOOOIOOOIOOOI
Case #31:
OOIOOOIOOOIOOOI
I/O/I/O/I/O/I/O
O/I/O/I/O/I/O/I
I/O/I/O/I/O/I/O
O/I/O/I/O/I/O/I
I/O/I/O/I/O/I/O
O/I/O/I/O/I/OOI
IOOOIOOOIOOOIOO
OOIOOOIOOOIOOOI
IOOOIOOOIOOOIOO
OOIOOOIOOOIOOOI
IOOOIOOOIOOOIOO
OOIOOOIOOOIOOOI
IOOOIOOOIOOOIOO
OOIOOOIOOOI/O/I
Case #32:
OOIOOOIOOOIOOOI
I/O/I/O/I/O/I/O
O/I/O/I/O/I/O/I
I/O/I/O/I/O/I/O
O/I/O/I/O/I/O/I
I/O/I/O/I/O/I/O
OOIOOOIOOOIOOOI
IOOOIOOOIOOOIOO
OOIOOOIOOOIOOOI
IOOOIOOOIOOOIOO
OOIOOOIOOOIOOOI
IOOOIOOOIOOOIOO
OOIOOOIOOOIOOOI
IOOOIOOOIOOOIOO
OOIOOOIOOOIOOOI
Case #33:
OOIOOOIOOOIOOOI
I/O/I/O/I/O/I/O
O/I/O/I/O/I/O/I
I/O/I/O/I/O/I/O
O/I/O/I/O/I/O/I
I/O/I/O/I/O/I/O
OOIOOOIOOOIOOOI
IOOOIOOOIOOOIOO
OOIOOOIOOOIOOOI
IOOOIOOOIOOOIOO
OOIOOOIOOOIOOOI
IOOOIOOOIOOOIOO
OOIOOOIOOOIOOOI
IOOOIOOOIOOOIOO
OOIOOOIOOOI/OOI
Case #34:
OOIOOOIOOOIOOOI
I/O/I/O/I/O/I/O
O/I/O/I/O/I/O/I
I/O/I/O/I/O/I/O
O/I/O/I/O/I/O/I
I/O/I/O/I/O/I/O
O/I/O/I/O/I/O/I
I/O/I/O/I/O/I/O
O/I/O/I/O/I/O/I
I/O/I/O/I/O/I/O
O/I/O/I/O/I/O/I
I/O/I/O/I/O/I/O
O/I/O/IOOOIOOOI
IOOOIOOOIOOOIOO
OOIOOOIOOOI/OOI
Case #35:
OOIOOOIOOOIOOOI
I/O/I/O/I/OOIOO
OOIOOOIOOOIOOOI
IOOOIOOOIOOOIOO
OOIOOOIOOOIOOOI
IOOOIOOOIOOOIOO
OOIOOOIOOOIOOOI
IOOOIOOOIOOOIOO
OOIOOOIOOOIOOOI
IOOOIOOOIOOOIOO
OOIOOOIOOOIOOOI
IOOOIOOOIOOOIOO
OOIOOOIOOOIOOOI
IOOOIOOOIOOOIOO
OOIOOOIOOOI/OOI
Case #36:
OOIOOOIOOOIOOOI
I/O/I/O/I/O/I/O
O/I/O/I/O/I/O/I
I/O/I/O/I/O/I/O
O/I/O/I/O/I/O/I
I/O/I/O/I/O/I/O
O/I/O/I/O/I/O/I
I/O/I/O/I/O/I/O
O/I/O/I/O/I/O/I
I/O/I/O/I/O/I/O
O/I/O/I/OOIOOOI
IOOOIOOOIOOOIOO
OOIOOOIOOOIOOOI
IOOOIOOOIOOOIOO
OOIOOOIOOOI/O/I
Case #37:
OOIOOOIOOOIOOOI
I/O/I/O/I/O/I/O
O/I/O/I/O/I/O/I
I/O/I/O/I/O/I/O
O/I/O/I/O/I/O/I
I/O/I/O/I/O/I/O
O/I/O/I/O/I/O/I
I/O/I/O/I/O/I/O
O/I/O/I/O/I/O/I
I/O/I/O/I/O/I/O
O/I/O/I/O/I/O/I
I/O/I/OOIOOOIOO
OOIOOOIOOOIOOOI
IOOOIOOOIOOOIOO
OOIOOOIOOOI/O/I
Case #38:
OOIOOOIOOOIOOOI
I/O/I/O/I/O/I/O
O/I/O/I/O/I/O/I
I/O/I/O/I/OOIOO
OOIOOOIOOOIOOOI
IOOOIOOOIOOOIOO
OOIOOOIOOOIOOOI
IOOOIOOOIOOOIOO
OOIOOOIOOOIOOOI
IOOOIOOOIOOOIOO
OOIOOOIOOOIOOOI
IOOOIOOOIOOOIOO
OOIOOOIOOOIOOOI
IOOOIOOOIOOOIOO
OOIOOOIOOOI/O/I
Case #39:
O/I/O/I/O/I/O/I
I/O/I/O/I/O/I/O
O/I/O/I/O/I/O/I
I/O/I/O/I/O/I/O
O/I/O/I/O/I/O/I
I/O/I/O/I/O/I/O
O/I/O/I/O/I/O/I
I/O/I/O/I/O/I/O
O/I/O/I/O/I/O/I
I/O/I/O/I/O/I/O
O/I/O/I/O/I/O/I
I/O/I/O/I/O/I/O
O/I/O/I/O/I/O/I
I/O/I/O/I/O/I/O
O/I/O/I/O/I/O/I
Case #40:
OOIOOOIOOOIOOOI
I/O/I/O/I/O/I/O
O/I/O/I/O/I/O/I
I/O/I/O/I/O/I/O
O/I/O/I/O/I/O/I
I/O/I/O/I/O/I/O
O/I/O/I/O/I/O/I
I/O/I/O/I/O/I/O
O/I/O/I/O/I/O/I
I/O/I/O/I/O/I/O
O/I/O/I/O/I/O/I
I/O/I/O/I/O/I/O
O/I/O/I/O/I/O/I
I/O/IOOOIOOOIOO
OOIOOOIOOOI/OOI
Case #41:
OOIOOOIOOOIOOOI
I/O/I/O/I/O/I/O
O/I/O/I/O/I/O/I
I/OOIOOOIOOOIOO
OOIOOOIOOOIOOOI
IOOOIOOOIOOOIOO
OOIOOOIOOOIOOOI
IOOOIOOOIOOOIOO
OOIOOOIOOOIOOOI
IOOOIOOOIOOOIOO
OOIOOOIOOOIOOOI
IOOOIOOOIOOOIOO
OOIOOOIOOOIOOOI
IOOOIOOOIOOOIOO
OOIOOOIOOOI/O/I
Case #42:
OOIOOOIOOOIOOOI
I/O/I/O/I/O/I/O
O/I/O/I/O/I/O/I
I/O/I/O/I/O/I/O
O/I/O/I/O/I/O/I
I/O/I/O/I/O/I/O
O/I/O/I/O/I/O/I
I/O/I/O/I/O/I/O
O/I/O/I/O/IOOOI
IOOOIOOOIOOOIOO
OOIOOOIOOOIOOOI
IOOOIOOOIOOOIOO
OOIOOOIOOOIOOOI
IOOOIOOOIOOOIOO
OOIOOOIOOOI/O/I
Case #43:
O/I/O/I/O/I/O/I
I/O/I/O/I/O/I/O
O/I/O/I/O/I/O/I
I/O/I/O/I/O/I/O
O/I/O/I/O/I/O/I
I/O/I/O/I/O/I/O
O/I/O/I/O/I/O/I
I/O/I/O/I/O/I/O
O/I/O/I/O/I/O/I
I/O/I/O/I/O/I/O
O/I/O/I/O/I/O/I
I/O/I/O/I/O/I/O
O/I/O/I/O/I/O/I
I/O/I/O/I/O/I/O
O/I/O/I/O/I/OOI
Case #44:
OOIOOOIOOOIOOOI
I/OOIOOOIOOOIOO
OOIOOOIOOOIOOOI
IOOOIOOOIOOOIOO
OOIOOOIOOOIOOOI
IOOOIOOOIOOOIOO
OOIOOOIOOOIOOOI
IOOOIOOOIOOOIOO
OOIOOOIOOOIOOOI
IOOOIOOOIOOOIOO
OOIOOOIOOOIOOOI
IOOOIOOOIOOOIOO
OOIOOOIOOOIOOOI
IOOOIOOOIOOOIOO
OOIOOOIOOOIOOOI
Case #45:
OOIOOOIOOOIOOOI
I/O/I/OOIOOOIOO
OOIOOOIOOOIOOOI
IOOOIOOOIOOOIOO
OOIOOOIOOOIOOOI
IOOOIOOOIOOOIOO
OOIOOOIOOOIOOOI
IOOOIOOOIOOOIOO
OOIOOOIOOOIOOOI
IOOOIOOOIOOOIOO
OOIOOOIOOOIOOOI
IOOOIOOOIOOOIOO
OOIOOOIOOOIOOOI
IOOOIOOOIOOOIOO
OOIOOOIOOOI/OOI
Case #46:
OOIOOOIOOOIOOOI
I/O/I/OOIOOOIOO
OOIOOOIOOOIOOOI
IOOOIOOOIOOOIOO
OOIOOOIOOOIOOOI
IOOOIOOOIOOOIOO
OOIOOOIOOOIOOOI
IOOOIOOOIOOOIOO
OOIOOOIOOOIOOOI
IOOOIOOOIOOOIOO
OOIOOOIOOOIOOOI
IOOOIOOOIOOOIOO
OOIOOOIOOOIOOOI
IOOOIOOOIOOOIOO
OOIOOOIOOOIOOOI
Case #47:
O/I/O/I/OOIOOOI
I/O/I/O/I/O/I/O
O/I/O/I/O/I/O/I
I/O/I/O/I/O/I/O
O/I/O/I/O/I/O/I
I/O/I/O/I/O/I/O
O/I/O/I/O/I/O/I
I/O/I/O/I/O/I/O
O/I/O/I/O/I/O/I
I/O/I/O/I/O/I/O
O/I/O/I/O/I/O/I
I/O/I/O/I/O/I/O
O/I/O/I/O/I/O/I
I/O/I/O/I/O/I/O
OOIOOOIOOOIOOOI
Case #48:
OOIOOOIOOOIOOOI
I/O/I/O/I/O/I/O
O/I/O/I/O/I/O/I
I/O/I/O/I/O/I/O
O/I/O/I/O/IOOOI
IOOOIOOOIOOOIOO
OOIOOOIOOOIOOOI
IOOOIOOOIOOOIOO
OOIOOOIOOOIOOOI
IOOOIOOOIOOOIOO
OOIOOOIOOOIOOOI
IOOOIOOOIOOOIOO
OOIOOOIOOOIOOOI
IOOOIOOOIOOOIOO
OOIOOOIOOOIOOOI
Case #49:
OOIOOOIOOOIOOOI
I/O/I/O/I/O/I/O
O/I/O/I/OOIOOOI
IOOOIOOOIOOOIOO
OOIOOOIOOOIOOOI
IOOOIOOOIOOOIOO
OOIOOOIOOOIOOOI
IOOOIOOOIOOOIOO
OOIOOOIOOOIOOOI
IOOOIOOOIOOOIOO
OOIOOOIOOOIOOOI
IOOOIOOOIOOOIOO
OOIOOOIOOOIOOOI
IOOOIOOOIOOOIOO
OOIOOOIOOOIOOOI
Case #50:
OOIOOOIOOOIOOOI
I/O/I/O/I/O/I/O
O/I/O/I/O/I/O/I
I/O/I/O/I/O/I/O
O/I/O/I/O/I/O/I
I/O/I/O/I/O/I/O
O/I/O/I/O/I/O/I
I/O/I/O/I/O/I/O
O/I/O/I/O/I/O/I
I/O/I/O/I/O/I/O
O/I/O/I/O/I/O/I
I/O/I/O/I/O/I/O
O/I/O/I/O/I/O/I
I/O/I/O/I/O/IOO
OOIOOOIOOOIOOOI
Case #51:
OOIOOOIOOOIOOOI
I/O/I/O/I/O/I/O
O/I/O/IOOOIOOOI
IOOOIOOOIOOOIOO
OOIOOOIOOOIOOOI
IOOOIOOOIOOOIOO
OOIOOOIOOOIOOOI
IOOOIOOOIOOOIOO
OOIOOOIOOOIOOOI
IOOOIOOOIOOOIOO
OOIOOOIOOOIOOOI
IOOOIOOOIOOOIOO
OOIOOOIOOOIOOOI
IOOOIOOOIOOOIOO
OOIOOOIOOOI/OOI
Case #52:
OOIOOOIOOOIOOOI
I/O/I/O/I/O/I/O
O/I/O/I/O/I/O/I
I/O/I/O/I/O/I/O
O/I/O/I/O/I/O/I
I/O/I/O/I/O/I/O
O/I/O/I/O/I/O/I
I/O/I/O/I/O/I/O
O/I/O/I/O/I/O/I
IOOOIOOOIOOOIOO
OOIOOOIOOOIOOOI
IOOOIOOOIOOOIOO
OOIOOOIOOOIOOOI
IOOOIOOOIOOOIOO
OOIOOOIOOOI/O/I
Case #53:
O/I/O/IOOOIOOOI
I/O/I/O/I/O/I/O
O/I/O/I/O/I/O/I
I/O/I/O/I/O/I/O
O/I/O/I/O/I/O/I
I/O/I/O/I/O/I/O
O/I/O/I/O/I/O/I
I/O/I/O/I/O/I/O
O/I/O/I/O/I/O/I
I/O/I/O/I/O/I/O
O/I/O/I/O/I/O/I
I/O/I/O/I/O/I/O
O/I/O/I/O/I/O/I
I/O/I/O/I/O/I/O
OOIOOOIOOOIOOOI
Case #54:
OOIOOOIOOOIOOOI
I/O/I/O/IOOOIOO
OOIOOOIOOOIOOOI
IOOOIOOOIOOOIOO
OOIOOOIOOOIOOOI
IOOOIOOOIOOOIOO
OOIOOOIOOOIOOOI
IOOOIOOOIOOOIOO
OOIOOOIOOOIOOOI
IOOOIOOOIOOOIOO
OOIOOOIOOOIOOOI
IOOOIOOOIOOOIOO
OOIOOOIOOOIOOOI
IOOOIOOOIOOOIOO
OOIOOOIOOOI/OOI
Case #55:
OOIOOOIOOOIOOOI
I/O/I/O/I/O/I/O
O/I/O/I/O/I/O/I
I/O/I/O/I/O/I/O
O/I/O/I/O/I/O/I
I/O/I/O/I/O/I/O
O/I/O/I/O/I/O/I
I/O/I/O/I/O/I/O
O/I/O/I/O/I/O/I
I/OOIOOOIOOOIOO
OOIOOOIOOOIOOOI
IOOOIOOOIOOOIOO
OOIOOOIOOOIOOOI
IOOOIOOOIOOOIOO
OOIOOOIOOOIOOOI
Case #56:
OOIOOOIOOOIOOOI
I/O/I/O/I/O/I/O
O/I/O/I/O/I/O/I
I/O/I/O/I/O/I/O
O/I/O/I/O/I/O/I
I/O/I/OOIOOOIOO
OOIOOOIOOOIOOOI
IOOOIOOOIOOOIOO
OOIOOOIOOOIOOOI
IOOOIOOOIOOOIOO
OOIOOOIOOOIOOOI
IOOOIOOOIOOOIOO
OOIOOOIOOOIOOOI
IOOOIOOOIOOOIOO
OOIOOOIOOOIOOOI
Case #57:
OOIOOOIOOOIOOOI
I/O/I/O/I/O/I/O
O/I/O/I/O/I/O/I
I/O/I/O/I/O/I/O
O/I/O/I/O/I/O/I
I/O/I/O/I/O/I/O
O/I/O/IOOOIOOOI
IOOOIOOOIOOOIOO
OOIOOOIOOOIOOOI
IOOOIOOOIOOOIOO
OOIOOOIOOOIOOOI
IOOOIOOOIOOOIOO
OOIOOOIOOOIOOOI
IOOOIOOOIOOOIOO
OOIOOOIOOOI/O/I
Case #58:
OOIOOOIOOOIOOOI
I/O/I/O/I/O/I/O
O/I/O/I/O/I/O/I
I/O/I/O/I/O/I/O
O/I/OOIOOOIOOOI
IOOOIOOOIOOOIOO
OOIOOOIOOOIOOOI
IOOOIOOOIOOOIOO
OOIOOOIOOOIOOOI
IOOOIOOOIOOOIOO
OOIOOOIOOOIOOOI
IOOOIOOOIOOOIOO
OOIOOOIOOOIOOOI
IOOOIOOOIOOOIOO
OOIOOOIOOOIOOOI
Case #59:
OOIOOOIOOOIOOOI
I/O/I/O/I/O/I/O
O/I/O/I/O/I/O/I
IOOOIOOOIOOOIOO
OOIOOOIOOOIOOOI
IOOOIOOOIOOOIOO
OOIOOOIOOOIOOOI
IOOOIOOOIOOOIOO
OOIOOOIOOOIOOOI
IOOOIOOOIOOOIOO
OOIOOOIOOOIOOOI
IOOOIOOOIOOOIOO
OOIOOOIOOOIOOOI
IOOOIOOOIOOOIOO
OOIOOOIOOOI/OOI
Case #60:
OOIOOOIOOOIOOOI
I/O/I/O/I/O/I/O
O/I/O/I/O/I/O/I
I/O/I/O/I/O/I/O
O/I/O/I/O/I/O/I
I/O/I/O/I/O/I/O
O/I/O/I/O/I/O/I
I/O/I/O/I/O/I/O
O/I/O/I/O/I/O/I
I/O/I/O/I/O/I/O
O/I/O/I/O/I/O/I
I/O/I/O/I/O/I/O
O/I/O/I/O/IOOOI
IOOOIOOOIOOOIOO
OOIOOOIOOOI/OOI
Case #61:
OOIOOOIOOOIOOOI
I/O/I/O/I/O/I/O
O/I/O/I/O/I/O/I
I/O/I/O/I/O/I/O
O/I/O/I/O/I/O/I
I/O/I/O/I/O/I/O
O/I/O/I/O/I/O/I
I/O/I/O/I/O/I/O
O/I/O/I/OOIOOOI
IOOOIOOOIOOOIOO
OOIOOOIOOOIOOOI
IOOOIOOOIOOOIOO
OOIOOOIOOOIOOOI
IOOOIOOOIOOOIOO
OOIOOOIOOOIOOOI
Case #62:
OOIOOOIOOOIOOOI
I/O/I/O/I/O/I/O
O/I/O/I/O/I/O/I
I/O/I/O/I/O/I/O
O/I/O/I/O/I/O/I
I/O/I/O/I/O/I/O
O/I/O/I/O/IOOOI
IOOOIOOOIOOOIOO
OOIOOOIOOOIOOOI
IOOOIOOOIOOOIOO
OOIOOOIOOOIOOOI
IOOOIOOOIOOOIOO
OOIOOOIOOOIOOOI
IOOOIOOOIOOOIOO
OOIOOOIOOOIOOOI
Case #63:
OOIOOOIOOOIOOOI
I/OOIOOOIOOOIOO
OOIOOOIOOOIOOOI
IOOOIOOOIOOOIOO
OOIOOOIOOOIOOOI
IOOOIOOOIOOOIOO
OOIOOOIOOOIOOOI
IOOOIOOOIOOOIOO
OOIOOOIOOOIOOOI
IOOOIOOOIOOOIOO
OOIOOOIOOOIOOOI
IOOOIOOOIOOOIOO
OOIOOOIOOOIOOOI
IOOOIOOOIOOOIOO
OOIOOOIOOOI/O/I
Case #64:
OOIOOOIOOOIOOOI
I/O/I/O/IOOOIOO
OOIOOOIOOOIOOOI
IOOOIOOOIOOOIOO
OOIOOOIOOOIOOOI
IOOOIOOOIOOOIOO
OOIOOOIOOOIOOOI
IOOOIOOOIOOOIOO
OOIOOOIOOOIOOOI
IOOOIOOOIOOOIOO
OOIOOOIOOOIOOOI
IOOOIOOOIOOOIOO
OOIOOOIOOOIOOOI
IOOOIOOOIOOOIOO
OOIOOOIOOOIOOOI
Case #65:
OOIOOOIOOOIOOOI
I/O/I/O/I/O/I/O
O/I/O/I/O/I/O/I
I/O/I/O/I/O/I/O
O/I/O/I/O/I/O/I
I/O/I/O/I/O/I/O
O/I/O/I/O/I/O/I
I/O/I/O/I/O/I/O
O/I/O/I/O/I/O/I
I/O/I/O/I/O/I/O
O/I/O/I/O/I/O/I
I/O/I/O/I/O/I/O
O/I/O/I/O/I/O/I
I/O/I/O/I/OOIOO
OOIOOOIOOOIOOOI
Case #66:
OOIOOOIOOOIOOOI
I/O/I/O/IOOOIOO
OOIOOOIOOOIOOOI
IOOOIOOOIOOOIOO
OOIOOOIOOOIOOOI
IOOOIOOOIOOOIOO
OOIOOOIOOOIOOOI
IOOOIOOOIOOOIOO
OOIOOOIOOOIOOOI
IOOOIOOOIOOOIOO
OOIOOOIOOOIOOOI
IOOOIOOOIOOOIOO
OOIOOOIOOOIOOOI
IOOOIOOOIOOOIOO
OOIOOOIOOOI/O/I
Case #67:
OOIOOOIOOOIOOOI
I/O/I/O/I/O/I/O
O/I/O/I/O/I/O/I
I/O/I/O/I/O/I/O
O/I/O/I/O/I/O/I
I/O/IOOOIOOOIOO
OOIOOOIOOOIOOOI
IOOOIOOOIOOOIOO
OOIOOOIOOOIOOOI
IOOOIOOOIOOOIOO
OOIOOOIOOOIOOOI
IOOOIOOOIOOOIOO
OOIOOOIOOOIOOOI
IOOOIOOOIOOOIOO
OOIOOOIOOOI/OOI
Case #68:
OOIOOOIOOOIOOOI
I/O/I/O/I/O/I/O
O/I/O/I/O/I/O/I
I/O/I/O/I/O/I/O
O/I/O/I/O/I/O/I
I/O/I/O/I/O/I/O
O/I/O/I/O/I/O/I
I/O/I/O/I/O/I/O
OOIOOOIOOOIOOOI
IOOOIOOOIOOOIOO
OOIOOOIOOOIOOOI
IOOOIOOOIOOOIOO
OOIOOOIOOOIOOOI
IOOOIOOOIOOOIOO
OOIOOOIOOOI/O/I
Case #69:
OOIOOOIOOOIOOOI
I/O/I/O/I/O/I/O
O/I/O/I/O/I/O/I
I/O/I/O/I/O/I/O
O/I/O/I/O/I/O/I
I/O/I/O/I/O/I/O
O/I/O/I/O/I/O/I
I/O/I/O/I/O/I/O
O/I/O/I/O/I/O/I
I/O/I/O/I/O/I/O
O/I/O/I/O/I/O/I
I/O/I/O/I/O/I/O
O/I/O/I/O/I/O/I
I/O/I/O/I/OOIOO
OOIOOOIOOOI/OOI
Case #70:
OOIOOOIOOOIOOOI
I/O/I/O/I/O/I/O
O/I/O/I/O/I/O/I
I/O/I/O/I/O/I/O
O/I/O/I/O/I/O/I
I/O/I/O/I/O/I/O
O/I/O/I/O/I/O/I
IOOOIOOOIOOOIOO
OOIOOOIOOOIOOOI
IOOOIOOOIOOOIOO
OOIOOOIOOOIOOOI
IOOOIOOOIOOOIOO
OOIOOOIOOOIOOOI
IOOOIOOOIOOOIOO
OOIOOOIOOOI/OOI
Case #71:
OOIOOOIOOOIOOOI
I/O/I/O/I/O/I/O
O/I/O/I/O/I/O/I
I/O/I/O/I/O/IOO
OOIOOOIOOOIOOOI
IOOOIOOOIOOOIOO
OOIOOOIOOOIOOOI
IOOOIOOOIOOOIOO
OOIOOOIOOOIOOOI
IOOOIOOOIOOOIOO
OOIOOOIOOOIOOOI
IOOOIOOOIOOOIOO
OOIOOOIOOOIOOOI
IOOOIOOOIOOOIOO
OOIOOOIOOOIOOOI
Case #72:
OOIOOOIOOOIOOOI
I/O/I/O/I/O/I/O
O/I/O/I/O/I/O/I
I/O/I/O/I/O/I/O
O/I/O/I/O/I/O/I
I/O/I/O/I/O/I/O
O/I/O/I/O/I/O/I
I/O/I/O/I/O/I/O
O/I/O/I/O/I/O/I
I/O/IOOOIOOOIOO
OOIOOOIOOOIOOOI
IOOOIOOOIOOOIOO
OOIOOOIOOOIOOOI
IOOOIOOOIOOOIOO
OOIOOOIOOOI/O/I
Case #73:
OOIOOOIOOOIOOOI
I/O/IOOOIOOOIOO
OOIOOOIOOOIOOOI
IOOOIOOOIOOOIOO
OOIOOOIOOOIOOOI
IOOOIOOOIOOOIOO
OOIOOOIOOOIOOOI
IOOOIOOOIOOOIOO
OOIOOOIOOOIOOOI
IOOOIOOOIOOOIOO
OOIOOOIOOOIOOOI
IOOOIOOOIOOOIOO
OOIOOOIOOOIOOOI
IOOOIOOOIOOOIOO
OOIOOOIOOOI/OOI
Case #74:
OOIOOOIOOOIOOOI
I/O/I/O/I/O/I/O
O/I/O/I/O/I/O/I
I/O/I/O/I/O/I/O
O/I/O/I/O/I/O/I
I/O/I/O/I/O/I/O
O/I/O/I/O/I/O/I
I/O/I/O/I/O/I/O
O/I/O/I/O/I/O/I
I/O/IOOOIOOOIOO
OOIOOOIOOOIOOOI
IOOOIOOOIOOOIOO
OOIOOOIOOOIOOOI
IOOOIOOOIOOOIOO
OOIOOOIOOOI/OOI
Case #75:
OOIOOOIOOOIOOOI
I/O/I/O/I/O/I/O
O/I/O/I/O/I/O/I
I/O/I/O/I/O/I/O
O/I/O/I/O/I/O/I
I/O/I/O/I/O/I/O
O/I/O/I/O/I/O/I
I/O/I/O/I/O/I/O
O/I/O/I/O/I/O/I
I/O/I/O/I/O/I/O
O/I/O/I/O/I/O/I
I/O/I/O/I/O/I/O
O/I/O/I/O/I/O/I
I/O/I/O/IOOOIOO
OOIOOOIOOOI/O/I
Case #76:
OOIOOOIOOOIOOOI
I/O/I/O/I/O/I/O
O/I/O/I/O/I/O/I
I/O/I/O/I/O/I/O
O/I/O/I/O/I/O/I
I/O/I/O/I/O/I/O
O/I/O/I/O/I/O/I
I/O/I/O/I/O/I/O
O/I/O/I/O/I/O/I
I/O/I/O/I/O/I/O
O/I/O/I/O/I/O/I
I/O/I/O/I/O/I/O
O/I/O/IOOOIOOOI
IOOOIOOOIOOOIOO
OOIOOOIOOOI/O/I
Case #77:
OOIOOOIOOOIOOOI
IOOOIOOOIOOOIOO
OOIOOOIOOOIOOOI
IOOOIOOOIOOOIOO
OOIOOOIOOOIOOOI
IOOOIOOOIOOOIOO
OOIOOOIOOOIOOOI
IOOOIOOOIOOOIOO
OOIOOOIOOOIOOOI
IOOOIOOOIOOOIOO
OOIOOOIOOOIOOOI
IOOOIOOOIOOOIOO
OOIOOOIOOOIOOOI
IOOOIOOOIOOOIOO
OOIOOOIOOOIOOOI
Case #78:
OOIOOOIOOOIOOOI
I/O/I/O/I/O/I/O
O/I/O/I/O/I/O/I
I/O/I/O/I/O/I/O
O/I/O/I/O/I/O/I
I/O/I/O/I/O/I/O
O/I/O/I/O/I/O/I
I/O/I/O/I/O/I/O
O/I/O/I/O/I/O/I
I/O/I/O/I/O/I/O
O/I/O/I/O/I/O/I
I/O/I/O/I/O/I/O
O/I/O/I/O/I/O/I
I/O/I/OOIOOOIOO
OOIOOOIOOOIOOOI
Case #79:
OOIOOOIOOOIOOOI
I/O/I/O/I/OOIOO
OOIOOOIOOOIOOOI
IOOOIOOOIOOOIOO
OOIOOOIOOOIOOOI
IOOOIOOOIOOOIOO
OOIOOOIOOOIOOOI
IOOOIOOOIOOOIOO
OOIOOOIOOOIOOOI
IOOOIOOOIOOOIOO
OOIOOOIOOOIOOOI
IOOOIOOOIOOOIOO
OOIOOOIOOOIOOOI
IOOOIOOOIOOOIOO
OOIOOOIOOOI/O/I
Case #80:
OOIOOOIOOOIOOOI
I/O/I/O/I/O/I/O
O/I/O/I/O/I/O/I
I/O/I/O/I/O/I/O
O/I/O/I/O/I/O/I
I/O/I/O/I/O/I/O
O/I/O/I/O/I/O/I
I/O/I/O/I/O/I/O
O/IOOOIOOOIOOOI
IOOOIOOOIOOOIOO
OOIOOOIOOOIOOOI
IOOOIOOOIOOOIOO
OOIOOOIOOOIOOOI
IOOOIOOOIOOOIOO
OOIOOOIOOOIOOOI
Case #81:
OOIOOOIOOOIOOOI
I/O/I/O/I/O/I/O
O/I/O/I/O/I/O/I
I/O/I/O/I/O/I/O
O/I/O/I/O/I/O/I
I/O/I/O/I/O/I/O
O/I/O/I/O/IOOOI
IOOOIOOOIOOOIOO
OOIOOOIOOOIOOOI
IOOOIOOOIOOOIOO
OOIOOOIOOOIOOOI
IOOOIOOOIOOOIOO
OOIOOOIOOOIOOOI
IOOOIOOOIOOOIOO
OOIOOOIOOOI/O/I
Case #82:
OOIOOOIOOOIOOOI
I/O/I/O/I/O/I/O
OOIOOOIOOOIOOOI
IOOOIOOOIOOOIOO
OOIOOOIOOOIOOOI
IOOOIOOOIOOOIOO
OOIOOOIOOOIOOOI
IOOOIOOOIOOOIOO
OOIOOOIOOOIOOOI
IOOOIOOOIOOOIOO
OOIOOOIOOOIOOOI
IOOOIOOOIOOOIOO
OOIOOOIOOOIOOOI
IOOOIOOOIOOOIOO
OOIOOOIOOOIOOOI
Case #83:
O/I/O/I/O/I/O/I
I/O/I/O/I/O/I/O
O/I/O/I/O/I/O/I
I/O/I/O/I/O/I/O
O/I/O/I/O/I/O/I
I/O/I/O/I/O/I/O
O/I/O/I/O/I/O/I
I/O/I/O/I/O/I/O
O/I/O/I/O/I/O/I
I/O/I/O/I/O/I/O
O/I/O/I/O/I/O/I
I/O/I/O/I/O/I/O
O/I/O/I/O/I/O/I
I/O/I/O/I/O/I/O
O/I/OOIOOOIOOOI
Case #84:
OOIOOOIOOOIOOOI
I/O/I/O/I/O/I/O
O/I/O/I/O/I/O/I
I/O/I/O/I/O/I/O
O/I/O/I/O/I/O/I
I/O/I/O/I/O/I/O
O/I/O/I/O/I/O/I
IOOOIOOOIOOOIOO
OOIOOOIOOOIOOOI
IOOOIOOOIOOOIOO
OOIOOOIOOOIOOOI
IOOOIOOOIOOOIOO
OOIOOOIOOOIOOOI
IOOOIOOOIOOOIOO
OOIOOOIOOOI/O/I
Case #85:
OOIOOOIOOOIOOOI
I/O/I/O/I/O/I/O
O/I/O/I/O/I/O/I
I/O/I/O/I/O/I/O
O/I/O/I/O/I/O/I
I/O/I/O/I/O/I/O
O/I/O/I/O/I/O/I
I/O/I/O/I/O/I/O
O/I/O/I/O/I/O/I
I/O/I/O/I/O/IOO
OOIOOOIOOOIOOOI
IOOOIOOOIOOOIOO
OOIOOOIOOOIOOOI
IOOOIOOOIOOOIOO
OOIOOOIOOOI/O/I
Case #86:
OOIOOOIOOOIOOOI
I/O/I/O/I/O/I/O
O/I/O/I/O/I/O/I
I/O/I/O/I/O/I/O
O/I/O/I/O/I/O/I
I/O/I/O/I/O/I/O
O/I/O/I/O/I/O/I
I/O/I/O/I/O/I/O
O/I/O/I/O/I/O/I
I/O/I/O/I/O/I/O
O/I/O/IOOOIOOOI
IOOOIOOOIOOOIOO
OOIOOOIOOOIOOOI
IOOOIOOOIOOOIOO
OOIOOOIOOOI/OOI
Case #87:
OOIOOOIOOOIOOOI
I/O/I/O/I/O/I/O
O/I/O/I/O/I/O/I
I/O/I/O/I/O/I/O
O/I/O/I/O/I/O/I
I/O/I/O/I/OOIOO
OOIOOOIOOOIOOOI
IOOOIOOOIOOOIOO
OOIOOOIOOOIOOOI
IOOOIOOOIOOOIOO
OOIOOOIOOOIOOOI
IOOOIOOOIOOOIOO
OOIOOOIOOOIOOOI
IOOOIOOOIOOOIOO
OOIOOOIOOOI/OOI
Case #88:
OOIOOOIOOOIOOOI
I/O/I/O/I/O/I/O
O/I/O/I/O/I/O/I
I/O/I/O/I/O/I/O
O/I/O/IOOOIOOOI
IOOOIOOOIOOOIOO
OOIOOOIOOOIOOOI
IOOOIOOOIOOOIOO
OOIOOOIOOOIOOOI
IOOOIOOOIOOOIOO
OOIOOOIOOOIOOOI
IOOOIOOOIOOOIOO
OOIOOOIOOOIOOOI
IOOOIOOOIOOOIOO
OOIOOOIOOOI/OOI
Case #89:
OOIOOOIOOOIOOOI
I/O/I/O/I/O/I/O
O/I/O/I/O/I/O/I
I/O/I/O/I/O/I/O
O/I/O/I/O/I/O/I
I/O/I/O/I/O/I/O
O/I/O/I/O/I/O/I
I/O/I/O/I/O/I/O
O/I/O/I/O/I/O/I
I/O/I/O/I/O/I/O
O/I/OOIOOOIOOOI
IOOOIOOOIOOOIOO
OOIOOOIOOOIOOOI
IOOOIOOOIOOOIOO
OOIOOOIOOOI/O/I
Case #90:
OOIOOOIOOOIOOOI
I/O/I/O/I/O/I/O
O/I/O/I/O/I/O/I
I/O/I/O/I/O/I/O
O/I/O/I/O/I/O/I
I/O/I/O/I/O/I/O
O/I/O/I/O/I/O/I
IOOOIOOOIOOOIOO
OOIOOOIOOOIOOOI
IOOOIOOOIOOOIOO
OOIOOOIOOOIOOOI
IOOOIOOOIOOOIOO
OOIOOOIOOOIOOOI
IOOOIOOOIOOOIOO
OOIOOOIOOOIOOOI
Case #91:
O/I/O/I/O/I/O/I
I/O/I/O/I/O/I/O
O/I/O/I/O/I/O/I
I/O/I/O/I/O/I/O
O/I/O/I/O/I/O/I
I/O/I/O/I/O/I/O
O/I/O/I/O/I/O/I
I/O/I/O/I/O/I/O
O/I/O/I/O/I/O/I
I/O/I/O/I/O/I/O
O/I/O/I/O/I/O/I
I/O/I/O/I/O/I/O
O/I/O/I/O/I/O/I
I/O/I/O/I/O/I/O
O/I/O/I/O/IOOOI
Case #92:
OOIOOOIOOOIOOOI
I/O/I/O/I/O/I/O
O/I/O/I/O/I/O/I
I/O/I/O/I/O/I/O
O/I/O/I/O/I/O/I
I/O/I/O/I/O/I/O
O/I/O/I/O/I/O/I
I/O/I/O/I/O/I/O
O/I/O/I/O/I/O/I
I/O/I/OOIOOOIOO
OOIOOOIOOOIOOOI
IOOOIOOOIOOOIOO
OOIOOOIOOOIOOOI
IOOOIOOOIOOOIOO
OOIOOOIOOOI/O/I
Case #93:
OOIOOOIOOOIOOOI
I/O/I/O/I/O/I/O
O/I/O/I/O/I/OOI
IOOOIOOOIOOOIOO
OOIOOOIOOOIOOOI
IOOOIOOOIOOOIOO
OOIOOOIOOOIOOOI
IOOOIOOOIOOOIOO
OOIOOOIOOOIOOOI
IOOOIOOOIOOOIOO
OOIOOOIOOOIOOOI
IOOOIOOOIOOOIOO
OOIOOOIOOOIOOOI
IOOOIOOOIOOOIOO
OOIOOOIOOOI/OOI
Case #94:
OOIOOOIOOOIOOOI
I/O/I/O/I/O/I/O
O/I/O/I/O/I/O/I
I/O/I/O/I/O/I/O
O/I/O/I/O/I/O/I
I/O/I/O/I/O/I/O
O/I/O/I/O/I/O/I
I/O/I/O/I/O/I/O
O/I/O/I/O/I/O/I
I/O/I/O/I/O/I/O
O/I/O/I/O/I/O/I
I/O/I/O/I/O/IOO
OOIOOOIOOOIOOOI
IOOOIOOOIOOOIOO
OOIOOOIOOOIOOOI
Case #95:
OOIOOOIOOOIOOOI
I/O/I/O/I/O/IOO
OOIOOOIOOOIOOOI
IOOOIOOOIOOOIOO
OOIOOOIOOOIOOOI
IOOOIOOOIOOOIOO
OOIOOOIOOOIOOOI
IOOOIOOOIOOOIOO
OOIOOOIOOOIOOOI
IOOOIOOOIOOOIOO
OOIOOOIOOOIOOOI
IOOOIOOOIOOOIOO
OOIOOOIOOOIOOOI
IOOOIOOOIOOOIOO
OOIOOOIOOOI/O/I
Case #96:
OOIOOOIOOOIOOOI
I/O/I/O/I/O/IOO
OOIOOOIOOOIOOOI
IOOOIOOOIOOOIOO
OOIOOOIOOOIOOOI
IOOOIOOOIOOOIOO
OOIOOOIOOOIOOOI
IOOOIOOOIOOOIOO
OOIOOOIOOOIOOOI
IOOOIOOOIOOOIOO
OOIOOOIOOOIOOOI
IOOOIOOOIOOOIOO
OOIOOOIOOOIOOOI
IOOOIOOOIOOOIOO
OOIOOOIOOOI/OOI
Case #97:
OOIOOOIOOOIOOOI
I/O/I/O/I/O/I/O
O/I/O/I/O/I/O/I
I/O/I/O/I/O/I/O
O/I/O/I/O/I/O/I
I/O/I/O/I/O/I/O
O/I/O/I/O/I/O/I
I/O/I/O/I/OOIOO
OOIOOOIOOOIOOOI
IOOOIOOOIOOOIOO
OOIOOOIOOOIOOOI
IOOOIOOOIOOOIOO
OOIOOOIOOOIOOOI
IOOOIOOOIOOOIOO
OOIOOOIOOOIOOOI
Case #98:
OOIOOOIOOOIOOOI
I/O/I/O/I/O/I/O
O/I/O/I/O/I/O/I
I/O/I/O/I/O/I/O
O/I/O/I/O/I/O/I
I/O/I/O/I/O/I/O
O/I/O/I/O/I/O/I
I/O/I/O/I/O/I/O
O/I/O/I/O/I/O/I
I/O/I/O/I/O/I/O
O/I/O/I/O/I/O/I
I/O/I/O/I/OOIOO
OOIOOOIOOOIOOOI
IOOOIOOOIOOOIOO
OOIOOOIOOOI/O/I
Case #99:
OOIOOOIOOOIOOOI
I/O/IOOOIOOOIOO
OOIOOOIOOOIOOOI
IOOOIOOOIOOOIOO
OOIOOOIOOOIOOOI
IOOOIOOOIOOOIOO
OOIOOOIOOOIOOOI
IOOOIOOOIOOOIOO
OOIOOOIOOOIOOOI
IOOOIOOOIOOOIOO
OOIOOOIOOOIOOOI
IOOOIOOOIOOOIOO
OOIOOOIOOOIOOOI
IOOOIOOOIOOOIOO
OOIOOOIOOOI/O/I
Case #100:
OOIOOOIOOOIOOOI
I/O/I/O/I/O/I/O
O/I/O/I/O/I/O/I
I/O/I/O/I/O/I/O
O/I/O/I/O/I/O/I
I/O/I/O/I/O/I/O
O/I/O/I/O/I/O/I
I/O/I/O/I/O/I/O
O/I/O/I/O/I/O/I
I/O/I/O/I/O/I/O
O/I/O/I/O/IOOOI
IOOOIOOOIOOOIOO
OOIOOOIOOOIOOOI
IOOOIOOOIOOOIOO
OOIOOOIOOOIOOOI
