Case #1:
I/OIIOIIOIIOIIOIIOIIOIIOIIOIIOIIOIIOIIOIIOIIOIIO
Case #2:
IIOIIOIIOIIOIIOIIOIIOIIOIIOIIOIIOIIOIIOIIOIIOIIO
Case #3:
I/OI/OI/OIIOIIOIIOIIOIIOIIOIIOIIOIIOIIOIIOIIOIIO
Case #4:
I/OI/OI/OI/OI/OI/OI/OI/OIIOIIOIIOIIOIIOIIOIIOIIO
Case #5:
I/OI/OI/OI/OI/OI/OI/OI/OI/OI/OI/OI/OI/OI/OI/OI/O
I/OI/OI/OI/OI/OI/OI/OI/OI/OI/OI/OI/OI/OI/OI/OI/O
O/IO/IO/IO/IO/IO/IO/IO/IO/IO/IO/IO/IO/IO/IO/IO/I
O/IO/IO/IO/IO/IO/IO/IO/IO/IO/IO/IO/IO/IO/IO/IO/I
I/OI/OI/OI/OI/OI/OI/OI/OI/OI/OI/OI/OI/OI/OI/OI/O
I/OI/OI/OI/OI/OI/OI/OI/OI/OI/OI/OI/OI/OI/OI/OI/O
O/IO/IO/IO/IO/IO/IO/IO/IO/IO/IO/IO/IO/IO/IO/IO/I
O/IO/IO/IO/IO/IO/IO/IO/IO/IO/IO/IO/IO/IO/IO/IO/I
I/OI/OI/OI/OI/OI/OI/OI/OI/OI/OI/OI/OI/OI/OI/OI/O
I/OI/OI/OI/OI/OI/OI/OI/OI/OI/OI/OI/OI/OI/OI/OI/O
O/IO/IO/IO/IO/IO/IO/IO/IO/IO/IO/IO/IO/IO/IO/IO/I
O/IO/IO/IO/IO/IO/IO/IO/IO/IO/IO/IO/IO/IO/IO/IO/I
I/OI/OI/OI/OI/OI/OI/OI/OI/OI/OI/OI/OI/OI/OI/OI/O
I/OI/OI/OI/OI/OI/OI/OI/OI/OI/OI/OI/OI/OI/OI/OI/O
O/IO/IO/IO/IO/IO/IO/IO/IO/IO/IO/IO/IO/IO/IO/IO/I
O/IO/IO/IO/IO/IO/IO/IO/IO/IO/IO/IO/IO/IO/IO/IO/I
I/OI/OI/OI/OI/OI/OI/OI/OI/OI/OI/OI/OI/OI/OI/OI/O
I/OI/OI/OI/OI/OI/OI/OI/OI/OI/OI/OI/OI/OI/OI/OIIO
Case #6:
I/OI/OI/OI/OI/OI/OI/OI/OI/OI/OI/OI/OI/OI/OI/OI/O
I/OI/OI/OI/OI/OI/OI/OI/OI/OI/OI/OI/OI/OI/OI/OI/O
O/IO/IO/IO/IO/IO/IO/IO/IO/IO/IO/IO/IO/IO/IO/IO/I
O/IO/IO/IO/IO/IO/IO/IO/IO/IO/IO/IO/IO/IO/IO/IO/I
I/OI/OI/OI/OI/OI/OI/OI/OI/OI/OI/OI/OI/OI/OI/OI/O
I/OI/OI/OI/OI/OI/OI/OI/OI/OI/OI/OI/OI/OI/OI/OI/O
O/IO/IO/IO/IO/IO/IO/IO/IO/IO/IO/IO/IO/IO/IO/IO/I
O/IO/IO/IO/IO/IO/IO/IO/IO/IO/IO/IO/IO/IO/IO/IO/I
I/OI/OI/OI/OI/OI/OI/OI/OI/OI/OI/OI/OI/OI/OI/OI/O
I/OI/OI/OI/OI/OI/OI/OI/OI/OI/OI/OI/OI/OI/OI/OI/O
O/IO/IO/IO/IO/IO/IO/IO/IO/IO/IO/IO/IO/IO/IO/IO/I
O/IO/IO/IO/IO/IO/IO/IO/IO/IO/IO/IO/IO/IO/IO/IO/I
I/OI/OI/OI/OI/OI/OI/OI/OI/OI/OI/OI/OI/OI/OI/OI/O
I/OI/OI/OI/OI/OI/OI/OI/OI/OI/OI/OI/OI/OI/OI/OI/O
O/IO/IO/IO/IO/IO/IO/IO/IO/IO/IO/IO/IO/IO/IO/IO/I
O/IO/IO/IO/IO/IO/IO/IO/IO/IO/IO/IOOIOOIOOIOOIOOI
Case #7:
I/OI/OI/OI/OI/OI/OI/OI/OI/OI/OI/OI/OI/OI/OI/OI/O
I/OI/OI/OI/OI/OI/OI/OI/OI/OI/OI/OI/OI/OI/OI/OI/O
O/IO/IO/IO/IO/IO/IO/IO/IO/IO/IO/IO/IO/IO/IO/IO/I
O/IO/IO/IO/IO/IO/IO/IO/IO/IO/IO/IO/IO/IO/IO/IO/I
I/OI/OI/OI/OI/OI/OI/OI/OI/OI/OI/OI/OI/OI/OI/OI/O
I/OI/OI/OI/OI/OI/OI/OI/OI/OI/OI/OI/OI/OI/OI/OI/O
O/IO/IO/IO/IO/IO/IO/IO/IO/IO/IO/IO/IO/IO/IO/IO/I
O/IO/IO/IO/IO/IO/IO/IO/IO/IO/IO/IO/IO/IO/IO/IO/I
I/OI/OI/OI/OI/OI/OI/OI/OI/OI/OI/OI/OI/OI/OI/OI/O
I/OI/OI/OI/OI/OI/OI/OI/OI/OI/OI/OI/OI/OI/OI/OI/O
O/IO/IO/IO/IO/IO/IO/IO/IO/IOOIOOIOOIOOIOOIOOIOOI
Case #8:
I/OI/OI/OI/OI/OI/OI/OI/OI/OI/OI/OI/OI/OI/OI/OI/O
I/OI/OI/OI/OI/OI/OI/OI/OI/OI/OI/OI/OI/OI/OI/OI/O
O/IO/IO/IO/IO/IO/IO/IO/IOOIOOIOOIOOIOOIOOIOOIOOI
Case #9:
I/OI/OI/OI/OI/OI/OI/OI/OI/OI/OI/OI/OI/OI/OI/OI/O
I/OI/OI/OI/OI/OI/OI/OI/OI/OI/OI/OI/OI/OI/OI/OI/O
O/IO/IO/IO/IO/IO/IO/IO/IO/IO/IO/IO/IO/IO/IO/IO/I
O/IO/IO/IO/IO/IO/IO/IO/IO/IO/IO/IO/IO/IO/IO/IO/I
I/OI/OI/OI/OI/OI/OI/OI/OI/OI/OI/OI/OI/OI/OI/OI/O
I/OI/OI/OI/OI/OI/OI/OI/OI/OI/OI/OI/OI/OI/OI/OI/O
O/IO/IO/IO/IO/IO/IO/IO/IO/IO/IO/IO/IO/IO/IO/IO/I
O/IO/IO/IO/IO/IO/IO/IO/IO/IO/IO/IO/IO/IO/IO/IO/I
I/OI/OI/OI/OI/OI/OI/OI/OI/OI/OI/OI/OI/OI/OI/OI/O
I/OI/OI/OI/OI/OI/OI/OI/OI/OI/OI/OI/OI/OI/OI/OI/O
O/IO/IO/IO/IO/IO/IO/IO/IO/IO/IO/IO/IO/IO/IO/IO/I
O/IO/IO/IO/IO/IO/IO/IO/IO/IO/IO/IO/IO/IO/IO/IO/I
I/OI/OI/OI/OI/OI/OI/OI/OI/OI/OI/OI/OI/OI/OI/OI/O
I/OI/OI/OI/OI/OI/OI/OI/OI/OI/OI/OI/OI/OI/OI/OI/O
O/IO/IO/IO/IO/IO/IO/IO/IO/IO/IO/IO/IO/IO/IO/IO/I
O/IO/IO/IO/IO/IO/IO/IO/IO/IO/IO/IO/IO/IO/IO/IO/I
I/OI/OI/OI/OI/OI/OI/OI/OI/OI/OI/OI/OI/OI/OI/OI/O
I/OI/OI/OI/OI/OI/OI/OI/OI/OI/OI/OI/OI/OI/OIIOIIO
Case #10:
I/OI/OI/OI/OI/OI/OI/OI/OI/OI/OI/OI/OI/OI/OI/OI/O
I/OI/OI/OI/OI/OI/OI/OI/OI/OI/OI/OI/OI/OI/OI/OI/O
O/IO/IO/IO/IO/IO/IO/IO/IO/IO/IO/IO/IO/IO/IO/IO/I
O/IO/IO/IO/IO/IO/IO/IO/IO/IO/IO/IO/IO/IO/IO/IO/I
I/OI/OI/OI/OI/OI/OI/OI/OI/OI/OI/OI/OI/OI/OI/OI/O
I/OI/OI/OI/OI/OI/OI/OI/OI/OI/OI/OI/OI/OI/OI/OI/O
O/IO/IO/IO/IO/IO/IO/IO/IO/IO/IO/IO/IO/IO/IO/IO/I
O/IO/IO/IO/IO/IO/IO/IO/IO/IO/IO/IO/IO/IO/IO/IO/I
I/OI/OI/OI/OI/OI/OI/OI/OI/OI/OI/OI/OI/OI/OI/OI/O
I/OI/OI/OI/OI/OI/OI/OI/OI/OI/OI/OI/OI/OI/OI/OI/O
O/IO/IO/IO/IO/IO/IO/IO/IO/IO/IO/IO/IO/IO/IO/IO/I
O/IO/IO/IO/IO/IO/IO/IO/IO/IO/IO/IO/IO/IO/IO/IO/I
I/OI/OI/OI/OI/OI/OI/OI/OI/OI/OI/OI/OI/OI/OI/OI/O
I/OI/OI/OI/OI/OI/OI/OI/OI/OI/OI/OI/OI/OI/OI/OI/O
O/IO/IO/IO/IO/IO/IO/IO/IO/IO/IO/IO/IO/IO/IO/IO/I
O/IO/IO/IO/IO/IO/IO/IO/IO/IO/IO/IO/IO/IO/IO/IO/I
I/OI/OI/OI/OI/OI/OI/OI/OI/OI/OI/OI/OI/OI/OI/OI/O
I/OI/OI/OI/OI/OI/OI/OI/OI/OI/OI/OI/OIIOIIOIIOIIO
Case #11:
I/OI/OI/OI/OI/OI/OI/OI/OI/OI/OI/OI/OI/OI/OI/OI/O
I/OI/OI/OI/OI/OI/OI/OI/OI/OI/OI/OI/OI/OI/OI/OI/O
O/IO/IO/IO/IO/IO/IO/IO/IO/IO/IO/IO/IO/IO/IO/IO/I
O/IO/IO/IO/IO/IO/IO/IO/IO/IO/IO/IO/IO/IO/IO/IO/I
I/OI/OI/OI/OI/OI/OI/OI/OI/OI/OI/OI/OI/OI/OI/OI/O
I/OI/OI/OI/OI/OI/OI/OI/OI/OI/OI/OI/OI/OI/OI/OI/O
O/IO/IO/IO/IO/IO/IO/IO/IO/IO/IO/IO/IO/IO/IO/IO/I
O/IO/IO/IO/IO/IO/IO/IO/IO/IO/IO/IO/IO/IO/IO/IO/I
I/OI/OI/OI/OI/OI/OI/OI/OI/OI/OI/OI/OI/OI/OI/OI/O
I/OI/OI/OI/OI/OI/OI/OI/OI/OI/OI/OI/OI/OI/OI/OI/O
O/IO/IO/IO/IO/IO/IO/IO/IO/IO/IO/IO/IO/IO/IO/IO/I
O/IO/IO/IO/IO/IO/IO/IO/IO/IO/IO/IO/IO/IO/IO/IO/I
I/OI/OI/OI/OI/OI/OI/OI/OI/OI/OI/OI/OI/OI/OI/OI/O
I/OI/OI/OI/OI/OI/OI/OI/OI/OI/OI/OI/OI/OI/OI/OI/O
O/IO/IO/IO/IO/IO/IO/IO/IO/IO/IO/IO/IO/IO/IO/IO/I
O/IO/IO/IO/IO/IO/IO/IO/IO/IO/IO/IO/IO/IO/IO/IO/I
I/OI/OI/OI/OI/OI/OI/OI/OI/OI/OI/OI/OI/OI/OI/OI/O
I/OI/OI/OI/OI/OI/OI/OI/OI/OI/OI/OI/OI/OIIOIIOIIO
Case #12:
I/OI/OI/OI/OI/OI/OI/OI/OI/OI/OI/OI/OI/OI/OI/OI/O
I/OI/OI/OI/OI/OI/OI/OI/OI/OI/OI/OI/OI/OI/OI/OI/O
O/IO/IO/IO/IO/IO/IO/IO/IO/IO/IO/IO/IO/IO/IO/IO/I
O/IO/IO/IO/IO/IO/IO/IO/IO/IO/IO/IO/IO/IO/IOOIOOI
Case #13:
I/OI/OIIOIIOIIOIIOIIOIIOIIOIIOIIOIIOIIOIIOIIOIIO
Case #14:
I/OI/OI/OI/OI/OI/OI/OI/OI/OI/OI/OI/OI/OI/OI/OI/O
I/OI/OI/OI/OI/OI/OI/OI/OI/OI/OI/OI/OI/OI/OI/OI/O
O/IO/IO/IO/IO/IO/IO/IO/IO/IO/IO/IO/IO/IO/IO/IO/I
O/IO/IO/IO/IO/IO/IO/IO/IO/IO/IO/IO/IO/IO/IO/IO/I
I/OI/OI/OI/OI/OI/OI/OI/OI/OI/OI/OI/OI/OI/OI/OI/O
I/OI/OI/OI/OI/OI/OI/OI/OI/OI/OI/OI/OI/OI/OI/OI/O
O/IO/IO/IO/IO/IO/IO/IO/IO/IO/IO/IO/IO/IO/IO/IO/I
O/IO/IO/IO/IO/IO/IO/IO/IO/IO/IO/IO/IO/IO/IO/IO/I
I/OI/OI/OI/OI/OI/OI/OI/OI/OI/OI/OI/OI/OIIOIIOIIO
Case #15:
I/OI/OI/OI/OI/OI/OI/OI/OI/OI/OI/OI/OI/OI/OI/OI/O
I/OI/OI/OI/OI/OI/OI/OI/OI/OI/OI/OI/OI/OI/OI/OI/O
O/IO/IO/IO/IO/IO/IO/IO/IO/IO/IO/IO/IO/IO/IO/IO/I
O/IO/IO/IO/IO/IO/IO/IO/IO/IO/IO/IO/IO/IO/IO/IO/I
I/OI/OI/OI/OI/OI/OI/OI/OI/OI/OI/OI/OI/OI/OI/OI/O
I/OI/OI/OI/OI/OI/OI/OI/OI/OI/OI/OI/OI/OI/OI/OI/O
O/IO/IO/IO/IO/IO/IO/IO/IO/IO/IO/IO/IO/IO/IO/IO/I
O/IO/IO/IO/IO/IO/IO/IO/IO/IO/IO/IO/IO/IO/IO/IO/I
I/OI/OI/OI/OI/OI/OI/OI/OI/OI/OI/OI/OI/OI/OI/OI/O
I/OI/OI/OI/OI/OI/OI/OI/OI/OI/OI/OI/OI/OI/OI/OI/O
O/IO/IO/IO/IO/IO/IO/IO/IO/IO/IO/IO/IO/IO/IO/IO/I
O/IO/IO/IO/IO/IO/IO/IO/IO/IO/IO/IO/IO/IO/IO/IO/I
I/OI/OI/OI/OI/OI/OI/OI/OI/OI/OI/OI/OI/OI/OI/OI/O
I/OI/OI/OI/OI/OI/OI/OI/OI/OI/OI/OI/OI/OI/OI/OI/O
Case #16:
I/OI/OI/OI/OI/OI/OI/OI/OI/OI/OI/OI/OI/OI/OI/OI/O
I/OI/OI/OI/OI/OI/OI/OI/OI/OI/OI/OI/OI/OI/OI/OI/O
O/IO/IO/IO/IO/IO/IO/IO/IO/IO/IO/IO/IO/IO/IO/IO/I
O/IO/IO/IO/IO/IO/IO/IO/IO/IO/IO/IO/IO/IO/IO/IO/I
I/OI/OI/OI/OI/OI/OI/OI/OI/OI/OI/OI/OI/OI/OI/OI/O
I/OI/OI/OI/OI/OI/OI/OI/OI/OI/OI/OI/OI/OI/OI/OI/O
O/IO/IO/IO/IO/IO/IO/IO/IO/IO/IO/IO/IO/IO/IO/IO/I
O/IO/IO/IO/IO/IO/IO/IO/IO/IO/IO/IO/IO/IO/IO/IO/I
I/OI/OI/OI/OI/OI/OI/OI/OI/OI/OI/OI/OI/OI/OI/OI/O
I/OI/OI/OI/OI/OI/OI/OI/OI/OI/OI/OI/OI/OI/OI/OI/O
O/IO/IO/IO/IO/IO/IO/IO/IO/IO/IO/IO/IO/IO/IO/IO/I
O/IO/IO/IO/IO/IO/IO/IO/IO/IO/IO/IO/IO/IO/IO/IO/I
I/OI/OI/OI/OI/OI/OI/OI/OI/OI/OI/OI/OI/OI/OI/OI/O
I/OI/OI/OI/OI/OI/OI/OI/OI/OI/OI/OI/OI/OI/OI/OI/O
O/IO/IO/IO/IO/IO/IO/IO/IO/IO/IO/IO/IO/IO/IO/IO/I
O/IO/IO/IO/IO/IO/IO/IO/IO/IO/IO/IO/IO/IO/IO/IO/I
I/OI/OI/OI/OI/OI/OI/OI/OI/OI/OI/OI/OI/OI/OI/OI/O
I/OI/OI/OI/OI/OI/OI/OI/OI/OI/OI/OIIOIIOIIOIIOIIO
Case #17:
I/OI/OI/OI/OI/OI/OI/OI/OI/OI/OI/OI/OI/OI/OI/OI/O
I/OI/OI/OI/OI/OI/OI/OI/OI/OI/OI/OI/OI/OI/OI/OI/O
O/IO/IO/IO/IO/IO/IO/IO/IO/IO/IO/IO/IO/IO/IO/IO/I
O/IO/IO/IO/IO/IO/IO/IO/IO/IO/IO/IO/IO/IO/IO/IO/I
I/OI/OI/OI/OI/OI/OI/OI/OI/OI/OI/OI/OI/OI/OI/OI/O
I/OI/OI/OI/OI/OI/OI/OI/OI/OI/OI/OI/OI/OI/OI/OI/O
O/IO/IO/IO/IOOIOOIOOIOOIOOIOOIOOIOOIOOIOOIOOIOOI
Case #18:
I/OI/OI/OI/OIIOIIOIIOIIOIIOIIOIIOIIOIIOIIOIIOIIO
Case #19:
I/OI/OI/OI/OI/OI/OI/OI/OI/OI/OI/OI/OI/OI/OI/OI/O
I/OI/OI/OI/OI/OI/OI/OI/OI/OI/OI/OI/OI/OI/OI/OI/O
O/IO/IO/IO/IO/IO/IO/IO/IO/IO/IO/IO/IO/IO/IO/IO/I
O/IO/IO/IO/IO/IO/IO/IO/IO/IO/IO/IO/IO/IO/IO/IO/I
I/OI/OI/OI/OI/OI/OI/OI/OI/OI/OI/OI/OI/OI/OI/OI/O
I/OI/OI/OI/OI/OI/OI/OI/OI/OI/OI/OI/OI/OI/OI/OI/O
O/IO/IO/IO/IO/IO/IO/IO/IO/IO/IO/IO/IO/IO/IO/IO/I
O/IO/IO/IO/IO/IO/IO/IO/IO/IO/IO/IO/IO/IO/IO/IO/I
I/OI/OI/OI/OI/OI/OI/OI/OI/OI/OI/OI/OI/OI/OI/OI/O
I/OI/OI/OI/OI/OI/OI/OI/OI/OI/OI/OI/OI/OI/OI/OI/O
O/IO/IO/IO/IO/IO/IO/IO/IO/IO/IO/IO/IO/IO/IO/IO/I
O/IO/IO/IO/IO/IO/IO/IO/IO/IO/IO/IO/IO/IO/IO/IO/I
I/OI/OI/OI/OI/OI/OI/OI/OI/OI/OI/OI/OI/OI/OI/OI/O
I/OI/OI/OI/OI/OI/OI/OI/OI/OI/OI/OI/OI/OI/OI/OI/O
O/IO/IO/IO/IO/IO/IO/IO/IO/IO/IO/IO/IO/IO/IO/IO/I
O/IO/IO/IO/IO/IO/IOOIOOIOOIOOIOOIOOIOOIOOIOOIOOI
Case #20:
I/OI/OI/OI/OI/OI/OI/OI/OI/OI/OI/OI/OI/OI/OI/OI/O
I/OI/OI/OI/OI/OI/OI/OI/OIIOIIOIIOIIOIIOIIOIIOIIO
Case #21:
I/OI/OI/OI/OI/OI/OI/OI/OI/OI/OI/OI/OI/OI/OI/OI/O
I/OI/OI/OI/OI/OI/OI/OI/OI/OI/OI/OI/OI/OI/OI/OI/O
O/IO/IO/IO/IO/IO/IO/IO/IO/IO/IO/IO/IO/IO/IO/IO/I
O/IO/IO/IO/IO/IO/IO/IO/IO/IO/IO/IO/IO/IO/IO/IO/I
I/OI/OI/OI/OI/OI/OI/OI/OI/OI/OI/OI/OI/OI/OI/OI/O
I/OI/OI/OI/OI/OI/OI/OI/OI/OI/OI/OI/OI/OI/OI/OI/O
O/IO/IO/IO/IO/IO/IO/IO/IO/IO/IO/IO/IO/IO/IO/IO/I
O/IO/IOOIOOIOOIOOIOOIOOIOOIOOIOOIOOIOOIOOIOOIOOI
Case #22:
I/OI/OI/OI/OI/OI/OI/OI/OI/OI/OI/OI/OI/OI/OI/OI/O
I/OI/OI/OI/OI/OI/OI/OI/OI/OI/OI/OI/OI/OI/OI/OI/O
O/IO/IO/IO/IO/IO/IO/IO/IO/IO/IO/IO/IO/IO/IO/IO/I
O/IO/IO/IO/IO/IO/IO/IO/IO/IO/IO/IO/IO/IO/IO/IO/I
I/OI/OI/OI/OI/OI/OI/OI/OI/OI/OI/OI/OI/OI/OI/OI/O
I/OI/OI/OI/OI/OI/OI/OI/OI/OI/OI/OI/OI/OI/OI/OI/O
O/IO/IO/IO/IO/IO/IO/IO/IO/IO/IO/IO/IO/IO/IO/IO/I
O/IO/IO/IO/IO/IO/IO/IO/IO/IO/IO/IO/IO/IO/IO/IO/I
I/OI/OI/OI/OI/OI/OI/OI/OI/OI/OI/OI/OI/OI/OI/OI/O
I/OI/OI/OI/OI/OI/OI/OI/OI/OI/OI/OI/OI/OI/OI/OI/O
O/IO/IO/IO/IO/IO/IO/IO/IO/IO/IO/IO/IO/IO/IO/IO/I
O/IO/IO/IO/IO/IO/IO/IO/IO/IO/IO/IO/IO/IO/IO/IO/I
I/OI/OI/OI/OI/OI/OI/OI/OI/OI/OI/OI/OI/OI/OI/OI/O
I/OI/OI/OI/OI/OI/OI/OI/OI/OI/OI/OI/OI/OI/OI/OI/O
O/IO/IO/IO/IO/IO/IO/IO/IO/IO/IO/IO/IO/IO/IO/IO/I
O/IO/IO/IO/IO/IO/IO/IO/IO/IO/IO/IO/IO/IO/IO/IO/I
I/OI/OI/OI/OI/OI/OI/OI/OI/OI/OI/OI/OI/OI/OI/OI/O
I/OI/OI/OIIOIIOIIOIIOIIOIIOIIOIIOIIOIIOIIOIIOIIO
Case #23:
I/OI/OI/OI/OI/OI/OI/OI/OI/OI/OI/OI/OI/OI/OI/OI/O
I/OI/OI/OI/OI/OI/OI/OI/OI/OI/OI/OI/OI/OI/OI/OI/O
O/IO/IO/IO/IO/IO/IO/IO/IO/IO/IOOIOOIOOIOOIOOIOOI
Case #24:
I/OI/OI/OI/OI/OI/OI/OI/OI/OI/OI/OI/OI/OI/OI/OI/O
I/OI/OI/OI/OI/OI/OI/OI/OI/OI/OI/OI/OI/OIIOIIOIIO
Case #25:
I/OI/OI/OI/OI/OI/OI/OI/OI/OI/OI/OI/OI/OI/OI/OI/O
I/OI/OI/OI/OI/OI/OI/OI/OI/OI/OI/OI/OI/OI/OI/OI/O
O/IO/IO/IO/IO/IO/IO/IO/IO/IO/IO/IO/IO/IO/IO/IO/I
O/IO/IO/IO/IO/IO/IO/IO/IO/IO/IO/IO/IO/IO/IO/IO/I
I/OI/OI/OI/OI/OI/OI/OI/OI/OI/OI/OI/OI/OI/OI/OI/O
I/OI/OI/OI/OI/OI/OI/OI/OI/OI/OI/OI/OI/OI/OI/OI/O
O/IO/IO/IO/IO/IO/IO/IO/IO/IO/IO/IO/IO/IO/IO/IO/I
O/IO/IO/IO/IO/IO/IO/IO/IO/IO/IO/IO/IO/IO/IO/IO/I
I/OI/OI/OI/OI/OI/OI/OI/OI/OI/OI/OI/OI/OI/OI/OI/O
I/OI/OI/OI/OI/OI/OI/OI/OI/OI/OI/OI/OI/OI/OI/OI/O
O/IO/IO/IO/IO/IO/IO/IO/IO/IO/IO/IO/IO/IO/IO/IO/I
O/IO/IO/IO/IO/IO/IO/IO/IO/IO/IO/IO/IO/IO/IO/IO/I
I/OI/OI/OI/OI/OI/OI/OI/OI/OI/OI/OI/OI/OI/OI/OI/O
I/OI/OI/OI/OI/OI/OIIOIIOIIOIIOIIOIIOIIOIIOIIOIIO
