Case #1: CAB
Case #2: MJA
Case #3: OCDE
Case #4: BBAAA
Case #5: CCCABBBAB
Case #6: CCCBAABAB
Case #7: ZXCASDQWE
Case #8: CCCCCBABAAABAAA
Case #9: CCCCBAAAAAABABA
Case #10: CCCCCBBBBBAAAAA
Case #11: CCCCCABBBBBAAAA
Case #12: CCCCBAAABABABBA
Case #13: BAA
Case #14: XNNLJGHFDGDGHGP
Case #15: ZAYBXCWDUE
Case #16: CCCCCBBBAAAABBA
Case #17: ZAAAA
Case #18: BAAA
Case #19: CCCCCCBABAAABAB
Case #20: CCBBBAAAAAABB
Case #21: CCCCCBABBBAAAAB
Case #22: VPPPHQPHDJSJQBB
Case #23: YRHBSLLWHMNJHPS
Case #24: CAB
Case #25: ZEDCBAYXWU
Case #26: CCCCCBBBBBAAAAA
Case #27: BAA
Case #28: Z
Case #29: MMLKHGFEDCBAIJA
Case #30: DDDDCBBBAABBBB
Case #31: CCCCCCCCABBBABA
Case #32: MMLJIHEDCABFGKA
Case #33: ONMHGCBAEFDJKLI
Case #34: ZDCBA
Case #35: CBA
Case #36: CCCCBBBBBBABAAB
Case #37: CCBBBBBAAAAAABB
Case #38: BAA
Case #39: MMKJIHGFEALDCBA
Case #40: YWRRJMKBDJPNQGN
Case #41: CCCCAAAAAABAABA
Case #42: BBA
Case #43: OLJAECDFGIKHMNB
Case #44: DDDDCBBAAAAAC
Case #45: CCCCCAAAAABBBBB
Case #46: CCCBAABABBAAABB
Case #47: ZACBA
Case #48: BB
Case #49: ONMLKJIHGFECBAD
Case #50: ZRQBNMHJBWBNLYJ
Case #51: CCCCCBBBBAAAAAB
Case #52: DCBBBBAAACCCC
Case #53: ONMDKJLHGFAICBE
Case #54: CCCCCCCCBAABBBA
Case #55: ZABCD
Case #56: ZDABC
Case #57: CCCCCBBAABBBBBA
Case #58: OMJILEHNDGKFCBA
Case #59: BA
Case #60: BAAA
Case #61: CCCCCCCABAAAAAA
Case #62: CBBBAAAAAAAAAA
Case #63: MMJHGEBALKIFDCA
Case #64: CCCCCBAAABAABAB
Case #65: BBB
Case #66: CCCCCABABAAAAAA
Case #67: OENLKIJHGFMDCBA
Case #68: CBA
Case #69: ZADBC
Case #70: BBA
Case #71: CCCCCCBBBBBBBBA
Case #72: RRBAACADABA
Case #73: OKHIAFEBDJGLMCN
Case #74: ONHALBMICEFJDGK
Case #75: ONMLKJIHFBEDGCA
Case #76: AA
Case #77: DCCBAAAAAAACC
Case #78: CCCCCBBBBBAAAAA
Case #79: CCCCBBAAAABAABA
Case #80: OJDALFCHIKBEMNG
Case #81: CBA
Case #82: ZABYCXDWEU
Case #83: CCCCCBBBBBAAAAA
Case #84: BBA
Case #85: AAA
Case #86: DCBAAAAABBAAC
Case #87: CBA
Case #88: CCCCCCCCBBBBAAB
Case #89: BAAA
Case #90: CBBBBBBBAAAAAA
Case #91: BAAA
Case #92: BA
Case #93: CCCCCBBBBBAAAAA
Case #94: CCCCBBAAABABB
Case #95: A
Case #96: BBBBBAAAAAAAA
Case #97: CCCCCBBBBBAAAAA
Case #98: MMLKJGFDCABEHIA
Case #99: CBBBAAAAAAABA
Case #100: MMCDFILAKJHGEBA
