Case #1: CAB
Case #2: MJA
Case #3: OCDE
Case #4: BAAAB
Case #5: CABCBBABC
Case #6: CBAABCABC
Case #7: ZXCASDQWE
Case #8: BAAA
Case #9: CCABBAAAAACCACC
Case #10: CACBBCBCBCCCBBA
Case #11: CAABAAAACBCBAAA
Case #12: ONMJGKIHLFEDCBA
Case #13: CBBAAAABACBCACA
Case #14: CBBABBAABACACCC
Case #15: CCBBCAACBCCCCBC
Case #16: ZABYCXDWEU
Case #17: CBBBBBAAAAACCCC
Case #18: BAAABABAABAAB
Case #19: AAA
Case #20: ZDCBA
Case #21: DCBBBBBBBACAD
Case #22: OLCBAMEHIJKDFNG
Case #23: ONBGLKIHMFEDCJA
Case #24: MFEDALKJIHGCBMA
Case #25: CBCCCBBBBCAAAAA
Case #26: BA
Case #27: OMFLDKIEGJNHCBA
Case #28: CBA
Case #29: ONLKJCIHBDEFAGM
Case #30: CBBBBAAAAACBCCC
Case #31: CBAAAAABBBBCCCC
Case #32: A
Case #33: ONMCLEFBGHJDAKI
Case #34: XWMLHQNFHPGVGKT
Case #35: DCBAAAAAAAAAC
Case #36: CBBBBAACAABBABC
Case #37: ZACBA
Case #38: MLHGEDABCFIJKMA
Case #39: ZAAAA
Case #40: CABAACBBABBAAAC
Case #41: CBAAAAAAAAAAB
Case #42: AA
Case #43: ONMDKLHIJGFECBA
Case #44: CCCCCBBBBBAAAAA
Case #45: MABDEFHKAMLJIGC
Case #46: CBBBBBCCCCAAAAA
Case #47: CCBCBACBBCACBCB
Case #48: MKAIGFECABDHJLM
Case #49: BAB
Case #50: BAA
Case #51: ZSPNFGMBBJLQJZH
Case #52: BAAA
Case #53: CBBBBBACCCACAAA
Case #54: CBAAAABBBABBB
Case #55: DCBABCBACACAC
Case #56: OBAFHDEGIJKNMCL
Case #57: CBAABCCACABAAAC
Case #58: ZEDCBAYXWU
Case #59: CACAABBCCBABCAA
Case #60: VGRRPGRFKMTVLPG
Case #61: DCBACBAABBBCBC
Case #62: BAA
Case #63: ZLBJRFKWTFLQBJX
Case #64: YPKHFHBBXWWXSNR
Case #65: CBBBBBAACBCCBBA
Case #66: ZADBC
Case #67: CBBBBACCCCAAABA
Case #68: RBAACADABRA
Case #69: BBA
Case #70: OBCDEKGHIJFLMNA
Case #71: CAB
Case #72: CBAAAAAAABAAAA
Case #73: ZDABC
Case #74: CBA
Case #75: ZABCD
Case #76: BBB
Case #77: CBAAAABBBACAC
Case #78: BB
Case #79: CBAABCCCCAAACAC
Case #80: DCBBBAAABBAAAA
Case #81: MLJECAKIHGFDBMA
Case #82: CBAAAABABBBCCCC
Case #83: CBA
Case #84: MLJIGDMABCEFHKA
Case #85: BAAA
Case #86: ONAHMEGFIBDJKLC
Case #87: CBACBBCACCBCBAC
Case #88: BAAA
Case #89: BAB
Case #90: BA
Case #91: CBABBBACBBCAA
Case #92: CAAAABBBBBCCCCA
Case #93: ZAYBXCWDUE
Case #94: CACCCABCABBBBBB
Case #95: BAA
Case #96: CCBBCBBBACCCAAC
Case #97: CBAACAACBAAACAC
Case #98: Z
Case #99: CBA
Case #100: CCCACBBCBBAAAAB
