Case #1:
1111111111111111 3 2 5 2 7 2 3 2 11
1011111111111111 23 37 3 1789 5 3 29 109 3
1001111111111111 3 2 5 2 7 2 3 2 7
1110111111111111 7 13 3 31 5 3 73 7 3
1010111111111111 5 2 17 2 37 2 5 2 31
1100111111111111 3 2 5 2 7 2 3 2 11
1011011111111111 3 2 5 2 7 2 3 2 11
1101011111111111 5 2 17 2 23 2 5 2 47
1110011111111111 3 2 5 2 7 2 3 2 11
1000011111111111 3 2 3 2 7 2 3 2 3
1111101111111111 31 11 3 7 5 3 31 11 3
1011101111111111 17 2 257 2 257 2 7 2 73
1101101111111111 3 2 5 2 7 2 3 2 11
1001101111111111 5 433 317 97 17 5 173 7 1892477
1110101111111111 5 2 17 2 19 2 5 2 7
1111001111111111 3 2 5 2 7 2 3 2 11
1001001111111111 3 2 3 2 7 2 3 2 3
1100001111111111 3 2 3 2 7 2 3 2 3
1111110111111111 7 13 3 31 5 3 73 7 3
1011110111111111 3 2 5 2 7 2 3 2 11
1101110111111111 17 2 11 2 1297 2 7 2 61
1110110111111111 3 2 5 2 7 2 3 2 11
1000110111111111 3 2 3 2 7 2 3 2 3
1111010111111111 5 2 17 2 37 2 5 2 19
1001010111111111 19 2 3 2 11587 2 31 2 3
1110010111111111 97 7 11 19 61 571 43 79 7
1010010111111111 3 2 3 2 7 2 3 2 3
1100010111111111 7 2 3 2 43 2 73 2 3
1111100111111111 3 2 5 2 7 2 3 2 11
1001100111111111 3 2 3 2 7 2 3 2 3
1010100111111111 7 2 3 2 43 2 73 2 3
1100100111111111 3 2 3 2 7 2 3 2 3
1011000111111111 3 2 3 2 7 2 3 2 3
1110000111111111 3 2 3 2 7 2 3 2 3
1000000111111111 3 2 5 2 5 2 3 2 11
1111111011111111 29 23 3 101 5 3 11 19 3
1011111011111111 5 2 11 2 37 2 5 2 101
1101111011111111 3 2 5 2 7 2 3 2 7
1110111011111111 17 2 257 2 71 2 7 2 73
1010111011111111 3 7 13 3 31 11 3 11 7
1111011011111111 3 2 5 2 7 2 3 2 11
1001011011111111 3 2 3 2 7 2 3 2 3
1110011011111111 5 19 1193 11 17 5 5437 179969 9770443
1100011011111111 3 2 3 2 7 2 3 2 3
1000011011111111 7 151 31 106319 310663 13 26321 7 17
1111101011111111 5 2 17 2 37 2 5 2 101
1110101011111111 3 503 23 3 83 103 3 3319 23
1010101011111111 5 2 3 2 23 2 5 2 3
1100101011111111 157 2 3 2 337 2 37 2 3
1000101011111111 3 7 13 3 31 43 3 19 7
