Case #1: 1 0
Case #2: 1 0
Case #3: 1 1
Case #4: 0 0
Case #5: 500 499
Case #6: 0 0
Case #7: 1 1
Case #8: 3905 3905
Case #9: 3906 3905
Case #10: 0 0
Case #11: 1 1
Case #12: 1 0
Case #13: 0 0
Case #14: 0 0
Case #15: 1 0
Case #16: 0 0
Case #17: 0 0
Case #18: 0 0
Case #19: 0 0
Case #20: 0 0
Case #21: 250000 249999
Case #22: 0 0
Case #23: 0 0
Case #24: 0 0
Case #25: 0 0
Case #26: 0 0
Case #27: 1 0
Case #28: 1 1
Case #29: 0 0
Case #30: 0 0
Case #31: 0 0
Case #32: 0 0
Case #33: 0 0
Case #34: 0 0
Case #35: 0 0
Case #36: 0 0
Case #37: 0 0
Case #38: 1 0
Case #39: 0 0
Case #40: 1 1
Case #41: 1 0
Case #42: 1 0
Case #43: 0 0
Case #44: 500000 499999
Case #45: 0 0
Case #46: 7812 7811
Case #47: 7812 7811
Case #48: 3906 3905
Case #49: 1 1
Case #50: 1 0
Case #51: 1 1
Case #52: 0 0
Case #53: 249999 249999
Case #54: 0 0
Case #55: 0 0
Case #56: 0 0
Case #57: 1 0
Case #58: 0 0
Case #59: 0 0
Case #60: 0 0
Case #61: 125000 124999
Case #62: 0 0
Case #63: 0 0
Case #64: 3 2
Case #65: 1 1
Case #66: 1 1
Case #67: 0 0
Case #68: 2 2
Case #69: 0 0
Case #70: 1 1
Case #71: 1 0
Case #72: 0 0
Case #73: 1 0
Case #74: 499999 499999
Case #75: 0 0
Case #76: 2 1
Case #77: 1 0
Case #78: 1 0
Case #79: 1 0
Case #80: 0 0
Case #81: 0 0
Case #82: 1 1
Case #83: 1 0
Case #84: 1 0
Case #85: 0 0
Case #86: 1 0
Case #87: 0 0
Case #88: 1953 1952
Case #89: 250000 249999
Case #90: 0 0
Case #91: 3 2
Case #92: 0 0
Case #93: 1 0
Case #94: 1 0
Case #95: 0 0
Case #96: 0 0
Case #97: 0 0
Case #98: 3 2
Case #99: 0 0
Case #100: 1 0
