Case #1: 1 0
Case #2: 1 0
Case #3: 1 1
Case #4: 0 0
Case #5: 500 499
Case #6: 0 0
Case #7: 0 0
Case #8: 3 3
Case #9: 1 1
Case #10: 1 0
Case #11: 0 0
Case #12: 1 0
Case #13: 1 1
Case #14: 1 0
Case #15: 0 0
Case #16: 0 0
Case #17: 0 0
Case #18: 3 2
Case #19: 0 0
Case #20: 1 1
Case #21: 1 1
Case #22: 0 0
Case #23: 7 6
Case #24: 0 0
Case #25: 250 249
Case #26: 0 0
Case #27: 1 1
Case #28: 1 0
Case #29: 1 1
Case #30: 2 1
Case #31: 3 2
Case #32: 1 0
Case #33: 0 0
Case #34: 0 0
Case #35: 0 0
Case #36: 0 0
Case #37: 0 0
Case #38: 1 0
Case #39: 1 0
Case #40: 0 0
Case #41: 0 0
Case #42: 125 124
Case #43: 2 2
Case #44: 0 0
Case #45: 0 0
Case #46: 0 0
Case #47: 249 249
Case #48: 0 0
Case #49: 0 0
Case #50: 0 0
Case #51: 7 6
Case #52: 0 0
Case #53: 1 1
Case #54: 3 3
Case #55: 1 0
Case #56: 1 0
Case #57: 1 0
Case #58: 0 0
Case #59: 0 0
Case #60: 3 2
Case #61: 0 0
Case #62: 0 0
Case #63: 0 0
Case #64: 0 0
Case #65: 1 0
Case #66: 0 0
Case #67: 0 0
Case #68: 0 0
Case #69: 0 0
Case #70: 3 3
Case #71: 0 0
Case #72: 0 0
Case #73: 3 3
Case #74: 0 0
Case #75: 250 249
Case #76: 0 0
Case #77: 0 0
Case #78: 0 0
Case #79: 0 0
Case #80: 1 0
Case #81: 1 0
Case #82: 1 0
Case #83: 1 1
Case #84: 1 0
Case #85: 1 1
Case #86: 0 0
Case #87: 0 0
Case #88: 0 0
Case #89: 0 0
Case #90: 1 0
Case #91: 0 0
Case #92: 1 1
Case #93: 0 0
Case #94: 0 0
Case #95: 0 0
Case #96: 1 0
Case #97: 499 499
Case #98: 1 0
Case #99: 3 2
Case #100: 0 0
